[ 2017-03-21T09:17:40+08:00 ] ::1 /UCS/index.php/Home/Ajax/ajax.html
INFO: [ app_begin ] --START--
INFO: Run Behavior\ReadHtmlCache [ RunTime:0.000593s ]
INFO: [ app_begin ] --END-- [ RunTime:0.001061s ]
NOTIC: [2048] Declaration of Home\Model\ArticleModel::add() should be compatible with Think\Model::add($data = '', $options = Array, $replace = false) E:\appserv\www\UCS\DXT\Home\Model\ArticleModel.class.php 第 10 行.
NOTIC: [8192] mysql_connect(): The mysql extension is deprecated and will be removed in the future: use mysqli or PDO instead E:\appserv\www\UCS\ThinkPHP\Library\Think\Db\Driver\Mysql.class.php 第 52 行.
SQL: SHOW COLUMNS FROM `think_article` [ RunTime:0.000721s ]
ERR: 1146:Table 'thinkphp.think_article' doesn't exist
 [ SQL语句 ] : SHOW COLUMNS FROM `think_article`
SQL: SHOW COLUMNS FROM `think_layer` [ RunTime:0.000701s ]
SQL: SELECT MAX(storey) AS tp_max FROM `think_layer` LIMIT 1   [ RunTime:0.000359s ]
SQL: INSERT INTO `think_layer` (`storey`,`layer_id`,`post_id`,`cont`,`time`) VALUES (8,19,14,'迷人的危险','2017-03-21 09:17:40') [ RunTime:0.066848s ]
INFO: [ app_end ] --START--
INFO: Run Behavior\ShowPageTrace [ RunTime:0.000899s ]
INFO: [ app_end ] --END-- [ RunTime:0.000974s ]

[ 2017-03-21T09:18:26+08:00 ] ::1 /UCS/index.php/Home/Ajax/ajax.html
INFO: [ app_begin ] --START--
INFO: Run Behavior\ReadHtmlCache [ RunTime:0.000606s ]
INFO: [ app_begin ] --END-- [ RunTime:0.001114s ]
NOTIC: [2048] Declaration of Home\Model\ArticleModel::add() should be compatible with Think\Model::add($data = '', $options = Array, $replace = false) E:\appserv\www\UCS\DXT\Home\Model\ArticleModel.class.php 第 10 行.
NOTIC: [8192] mysql_connect(): The mysql extension is deprecated and will be removed in the future: use mysqli or PDO instead E:\appserv\www\UCS\ThinkPHP\Library\Think\Db\Driver\Mysql.class.php 第 52 行.
SQL: SHOW COLUMNS FROM `think_article` [ RunTime:0.000757s ]
ERR: 1146:Table 'thinkphp.think_article' doesn't exist
 [ SQL语句 ] : SHOW COLUMNS FROM `think_article`
SQL: SHOW COLUMNS FROM `think_layer` [ RunTime:0.037401s ]
SQL: SELECT MAX(storey) AS tp_max FROM `think_layer` LIMIT 1   [ RunTime:0.001081s ]
SQL: INSERT INTO `think_layer` (`storey`,`layer_id`,`post_id`,`cont`,`time`) VALUES (9,19,14,'我操为甚么事八楼','2017-03-21 09:18:26') [ RunTime:0.084247s ]
INFO: [ app_end ] --START--
INFO: Run Behavior\ShowPageTrace [ RunTime:0.000825s ]
INFO: [ app_end ] --END-- [ RunTime:0.000897s ]

[ 2017-03-21T09:18:57+08:00 ] ::1 /UCS/index.php/Home/Ajax/ajax.html
INFO: [ app_begin ] --START--
INFO: Run Behavior\ReadHtmlCache [ RunTime:0.000796s ]
INFO: [ app_begin ] --END-- [ RunTime:0.001328s ]
NOTIC: [2048] Declaration of Home\Model\ArticleModel::add() should be compatible with Think\Model::add($data = '', $options = Array, $replace = false) E:\appserv\www\UCS\DXT\Home\Model\ArticleModel.class.php 第 10 行.
NOTIC: [8192] mysql_connect(): The mysql extension is deprecated and will be removed in the future: use mysqli or PDO instead E:\appserv\www\UCS\ThinkPHP\Library\Think\Db\Driver\Mysql.class.php 第 52 行.
SQL: SHOW COLUMNS FROM `think_article` [ RunTime:0.000762s ]
ERR: 1146:Table 'thinkphp.think_article' doesn't exist
 [ SQL语句 ] : SHOW COLUMNS FROM `think_article`
SQL: SHOW COLUMNS FROM `think_layer` [ RunTime:0.014872s ]
SQL: SELECT MAX(storey) AS tp_max FROM `think_layer` LIMIT 1   [ RunTime:0.000355s ]
SQL: INSERT INTO `think_layer` (`storey`,`layer_id`,`post_id`,`cont`,`time`) VALUES (10,19,13,'看看我是不是二楼','2017-03-21 09:18:57') [ RunTime:0.072676s ]
INFO: [ app_end ] --START--
INFO: Run Behavior\ShowPageTrace [ RunTime:0.000942s ]
INFO: [ app_end ] --END-- [ RunTime:0.001044s ]

[ 2017-03-21T09:21:24+08:00 ] ::1 /UCS/index.php/Home/Ajax/ajax.html
INFO: [ app_begin ] --START--
INFO: Run Behavior\ReadHtmlCache [ RunTime:0.000598s ]
INFO: [ app_begin ] --END-- [ RunTime:0.001062s ]
NOTIC: [2048] Declaration of Home\Model\ArticleModel::add() should be compatible with Think\Model::add($data = '', $options = Array, $replace = false) E:\appserv\www\UCS\DXT\Home\Model\ArticleModel.class.php 第 10 行.
NOTIC: [8192] mysql_connect(): The mysql extension is deprecated and will be removed in the future: use mysqli or PDO instead E:\appserv\www\UCS\ThinkPHP\Library\Think\Db\Driver\Mysql.class.php 第 52 行.
SQL: SHOW COLUMNS FROM `think_article` [ RunTime:0.001130s ]
ERR: 1146:Table 'thinkphp.think_article' doesn't exist
 [ SQL语句 ] : SHOW COLUMNS FROM `think_article`
SQL: SHOW COLUMNS FROM `think_layer` [ RunTime:0.000867s ]
SQL: SELECT MAX(storey) AS tp_max FROM `think_layer` WHERE ( `post_id` = 13 ) LIMIT 1   [ RunTime:0.000386s ]
SQL: INSERT INTO `think_layer` (`storey`,`layer_id`,`post_id`,`cont`,`time`) VALUES (11,19,13,'我再试试看&lt;div&gt;&lt;br&gt;&lt;/div&gt;','2017-03-21 09:21:24') [ RunTime:0.268846s ]
INFO: [ app_end ] --START--
INFO: Run Behavior\ShowPageTrace [ RunTime:0.000800s ]
INFO: [ app_end ] --END-- [ RunTime:0.000878s ]

[ 2017-03-21T09:21:42+08:00 ] ::1 /UCS/index.php/Home/Ajax/ajax.html
INFO: [ app_begin ] --START--
INFO: Run Behavior\ReadHtmlCache [ RunTime:0.000605s ]
INFO: [ app_begin ] --END-- [ RunTime:0.001067s ]
NOTIC: [2048] Declaration of Home\Model\ArticleModel::add() should be compatible with Think\Model::add($data = '', $options = Array, $replace = false) E:\appserv\www\UCS\DXT\Home\Model\ArticleModel.class.php 第 10 行.
NOTIC: [8192] mysql_connect(): The mysql extension is deprecated and will be removed in the future: use mysqli or PDO instead E:\appserv\www\UCS\ThinkPHP\Library\Think\Db\Driver\Mysql.class.php 第 52 行.
SQL: SHOW COLUMNS FROM `think_article` [ RunTime:0.000832s ]
ERR: 1146:Table 'thinkphp.think_article' doesn't exist
 [ SQL语句 ] : SHOW COLUMNS FROM `think_article`
SQL: SHOW COLUMNS FROM `think_layer` [ RunTime:0.000715s ]
SQL: SELECT MAX(storey) AS tp_max FROM `think_layer` WHERE ( `post_id` = 13 ) LIMIT 1   [ RunTime:0.000344s ]
SQL: INSERT INTO `think_layer` (`storey`,`layer_id`,`post_id`,`cont`,`time`) VALUES (12,19,13,'到底怎么了','2017-03-21 09:21:42') [ RunTime:0.080679s ]
INFO: [ app_end ] --START--
INFO: Run Behavior\ShowPageTrace [ RunTime:0.000859s ]
INFO: [ app_end ] --END-- [ RunTime:0.000931s ]

[ 2017-03-21T09:22:03+08:00 ] ::1 /UCS/index.php/Home/Ajax/ajax.html
INFO: [ app_begin ] --START--
INFO: Run Behavior\ReadHtmlCache [ RunTime:0.000599s ]
INFO: [ app_begin ] --END-- [ RunTime:0.001060s ]
NOTIC: [2048] Declaration of Home\Model\ArticleModel::add() should be compatible with Think\Model::add($data = '', $options = Array, $replace = false) E:\appserv\www\UCS\DXT\Home\Model\ArticleModel.class.php 第 10 行.
NOTIC: [8192] mysql_connect(): The mysql extension is deprecated and will be removed in the future: use mysqli or PDO instead E:\appserv\www\UCS\ThinkPHP\Library\Think\Db\Driver\Mysql.class.php 第 52 行.
SQL: SHOW COLUMNS FROM `think_article` [ RunTime:0.013732s ]
ERR: 1146:Table 'thinkphp.think_article' doesn't exist
 [ SQL语句 ] : SHOW COLUMNS FROM `think_article`
SQL: SHOW COLUMNS FROM `think_layer` [ RunTime:0.000673s ]
SQL: SELECT MAX(storey) AS tp_max FROM `think_layer` WHERE ( `post_id` = 2 ) LIMIT 1   [ RunTime:0.000345s ]
SQL: INSERT INTO `think_layer` (`storey`,`layer_id`,`post_id`,`cont`,`time`) VALUES (3,19,2,'什么鬼？','2017-03-21 09:22:03') [ RunTime:0.062213s ]
INFO: [ app_end ] --START--
INFO: Run Behavior\ShowPageTrace [ RunTime:0.000814s ]
INFO: [ app_end ] --END-- [ RunTime:0.000893s ]

[ 2017-03-21T14:56:52+08:00 ] ::1 /UCS/index.php/Home/Index/chooseUniversity.html
ERR: 非法操作:chooseuniversity

[ 2017-03-21T14:58:44+08:00 ] ::1 /UCS/index.php/Home/Index/chooseUniversity.html
ERR: 模板不存在:./DXT/Home/View/Index/chooseuniversity.html

[ 2017-03-21T14:59:05+08:00 ] ::1 /UCS/index.php/Home/Index/chooseUniversity.html
ERR: 非法操作:chooseuniversity

[ 2017-03-21T15:01:38+08:00 ] ::1 /UCS/index.php/Home/Index/chooseUniversity.html
ERR: 非法操作:chooseuniversity

[ 2017-03-21T15:01:42+08:00 ] ::1 /UCS/index.php/Home/Index/chooseUniversity.html
ERR: 非法操作:chooseuniversity

