[ 2017-03-09T09:53:12+08:00 ] ::1 /UCS/Home/Index/css/common.css
ERR: 非法操作:css

[ 2017-03-09T09:53:12+08:00 ] ::1 /UCS/Home/Index/css/main.css
ERR: 非法操作:css

[ 2017-03-09T09:53:28+08:00 ] ::1 /UCS/Home/Index/css/common.css
ERR: 非法操作:css

[ 2017-03-09T09:53:28+08:00 ] ::1 /UCS/Home/Index/css/main.css
ERR: 非法操作:css

[ 2017-03-09T09:53:51+08:00 ] ::1 /UCS/Home/Index/css/main.css
ERR: 非法操作:css

[ 2017-03-09T09:53:51+08:00 ] ::1 /UCS/Home/Index/css/common.css
ERR: 非法操作:css

[ 2017-03-09T09:53:51+08:00 ] ::1 /UCS/Home/Index/js/common.js
ERR: 非法操作:js

[ 2017-03-09T09:53:51+08:00 ] ::1 /UCS/Home/Index/js/choose.js
ERR: 非法操作:js

[ 2017-03-09T09:54:22+08:00 ] ::1 /UCS/Home/Index/discuss
ERR: 非法操作:discuss

[ 2017-03-09T09:54:26+08:00 ] ::1 /UCS/Home/Index/css/common.css
ERR: 非法操作:css

[ 2017-03-09T09:54:26+08:00 ] ::1 /UCS/Home/Index/js/choose.js
ERR: 非法操作:js

[ 2017-03-09T09:54:26+08:00 ] ::1 /UCS/Home/Index/js/common.js
ERR: 非法操作:js

[ 2017-03-09T09:54:26+08:00 ] ::1 /UCS/Home/Index/css/main.css
ERR: 非法操作:css

[ 2017-03-09T09:54:27+08:00 ] ::1 /UCS/Home/Index/js/choose.js
ERR: 非法操作:js

[ 2017-03-09T09:55:05+08:00 ] ::1 /UCS/Home/Index/css/common.css
ERR: 非法操作:css

[ 2017-03-09T09:55:05+08:00 ] ::1 /UCS/Home/Index/css/main.css
ERR: 非法操作:css

[ 2017-03-09T09:55:05+08:00 ] ::1 /UCS/Home/Index/js/choose.js
ERR: 非法操作:js

[ 2017-03-09T09:55:05+08:00 ] ::1 /UCS/Home/Index/js/common.js
ERR: 非法操作:js

[ 2017-03-09T09:55:05+08:00 ] ::1 /UCS/Home/Index/js/choose.js
ERR: 非法操作:js

[ 2017-03-09T09:55:12+08:00 ] ::1 /UCS/Home/Index/css/common.css
ERR: 非法操作:css

[ 2017-03-09T09:55:12+08:00 ] ::1 /UCS/Home/Index/js/common.js
ERR: 非法操作:js

[ 2017-03-09T09:55:12+08:00 ] ::1 /UCS/Home/Index/css/main.css
ERR: 非法操作:css

[ 2017-03-09T09:55:12+08:00 ] ::1 /UCS/Home/Index/js/choose.js
ERR: 非法操作:js

[ 2017-03-09T09:55:24+08:00 ] ::1 /UCS/Home/Index/login
ERR: 非法操作:login

[ 2017-03-09T09:55:31+08:00 ] ::1 /UCS/Home/Index/css/common.css
ERR: 非法操作:css

[ 2017-03-09T09:55:31+08:00 ] ::1 /UCS/Home/Index/css/main.css
ERR: 非法操作:css

[ 2017-03-09T10:00:25+08:00 ] ::1 /UCS/Home/Index/css/common.css
ERR: 非法操作:css

[ 2017-03-09T10:00:25+08:00 ] ::1 /UCS/Home/Index/css/main.css
ERR: 非法操作:css

[ 2017-03-09T10:00:30+08:00 ] ::1 /UCS/Home/Index/css/common.css
ERR: 非法操作:css

[ 2017-03-09T10:00:30+08:00 ] ::1 /UCS/Home/Index/css/main.css
ERR: 非法操作:css

[ 2017-03-09T10:01:35+08:00 ] ::1 /UCS/Home/Index/css/common.css
ERR: 非法操作:css

[ 2017-03-09T10:01:35+08:00 ] ::1 /UCS/Home/Index/css/main.css
ERR: 非法操作:css

[ 2017-03-09T10:01:53+08:00 ] ::1 /UCS/Home/Index/css/common.css
ERR: 非法操作:css

[ 2017-03-09T10:01:53+08:00 ] ::1 /UCS/Home/Index/css/main.css
ERR: 非法操作:css

[ 2017-03-09T10:01:53+08:00 ] ::1 /UCS/Home/Index/css/common.css
ERR: 非法操作:css

[ 2017-03-09T10:01:53+08:00 ] ::1 /UCS/Home/Index/css/main.css
ERR: 非法操作:css

[ 2017-03-09T10:01:54+08:00 ] ::1 /UCS/Home/Index/css/common.css
ERR: 非法操作:css

[ 2017-03-09T10:01:54+08:00 ] ::1 /UCS/Home/Index/css/main.css
ERR: 非法操作:css

[ 2017-03-09T10:01:54+08:00 ] ::1 /UCS/Home/Index/css/main.css
ERR: 非法操作:css

[ 2017-03-09T10:01:54+08:00 ] ::1 /UCS/Home/Index/css/common.css
ERR: 非法操作:css

[ 2017-03-09T10:02:10+08:00 ] ::1 /UCS/Home/Index/css/common.css
ERR: 非法操作:css

[ 2017-03-09T10:02:10+08:00 ] ::1 /UCS/Home/Index/css/main.css
ERR: 非法操作:css

[ 2017-03-09T10:02:12+08:00 ] ::1 /UCS/Home/Index/css/common.css
ERR: 非法操作:css

[ 2017-03-09T10:02:12+08:00 ] ::1 /UCS/Home/Index/css/main.css
ERR: 非法操作:css

[ 2017-03-09T10:03:26+08:00 ] ::1 /UCS/Home/Index/css/common.css
ERR: 非法操作:css

[ 2017-03-09T10:03:26+08:00 ] ::1 /UCS/Home/Index/css/main.css
ERR: 非法操作:css

[ 2017-03-09T10:03:35+08:00 ] ::1 /UCS/Home/Index/css/main.css
ERR: 非法操作:css

[ 2017-03-09T10:03:35+08:00 ] ::1 /UCS/Home/Index/css/common.css
ERR: 非法操作:css

[ 2017-03-09T10:03:35+08:00 ] ::1 /UCS/Home/Index/css/common.css
ERR: 非法操作:css

[ 2017-03-09T10:03:35+08:00 ] ::1 /UCS/Home/Index/css/main.css
ERR: 非法操作:css

[ 2017-03-09T10:03:36+08:00 ] ::1 /UCS/Home/Index/css/common.css
ERR: 非法操作:css

[ 2017-03-09T10:03:36+08:00 ] ::1 /UCS/Home/Index/css/main.css
ERR: 非法操作:css

[ 2017-03-09T10:03:36+08:00 ] ::1 /UCS/Home/Index/css/common.css
ERR: 非法操作:css

[ 2017-03-09T10:03:36+08:00 ] ::1 /UCS/Home/Index/css/main.css
ERR: 非法操作:css

[ 2017-03-09T10:03:36+08:00 ] ::1 /UCS/Home/Index/css/common.css
ERR: 非法操作:css

[ 2017-03-09T10:03:36+08:00 ] ::1 /UCS/Home/Index/css/main.css
ERR: 非法操作:css

[ 2017-03-09T10:03:40+08:00 ] ::1 /UCS/Home/Index/css/common.css
ERR: 非法操作:css

[ 2017-03-09T10:03:40+08:00 ] ::1 /UCS/Home/Index/css/main.css
ERR: 非法操作:css

[ 2017-03-09T10:34:46+08:00 ] ::1 /UCS/Home/Index/css/common.css
ERR: 非法操作:css

[ 2017-03-09T10:34:46+08:00 ] ::1 /UCS/Home/Index/css/main.css
ERR: 非法操作:css

[ 2017-03-09T10:34:50+08:00 ] ::1 /UCS/Home/Index/css/main.css
ERR: 非法操作:css

[ 2017-03-09T10:34:50+08:00 ] ::1 /UCS/Home/Index/css/common.css
ERR: 非法操作:css

[ 2017-03-09T10:36:37+08:00 ] ::1 /UCS/Home/Index/css/main.css
ERR: 非法操作:css

[ 2017-03-09T10:36:37+08:00 ] ::1 /UCS/Home/Index/css/common.css
ERR: 非法操作:css

[ 2017-03-09T10:36:40+08:00 ] ::1 /UCS/Home/Index/css/common.css
ERR: 非法操作:css

[ 2017-03-09T10:36:40+08:00 ] ::1 /UCS/Home/Index/css/main.css
ERR: 非法操作:css

[ 2017-03-09T10:37:00+08:00 ] ::1 /UCS/Home/Index/css/common.css
ERR: 非法操作:css

[ 2017-03-09T10:37:00+08:00 ] ::1 /UCS/Home/Index/css/main.css
ERR: 非法操作:css

[ 2017-03-09T10:37:01+08:00 ] ::1 /UCS/Home/Index/css/common.css
ERR: 非法操作:css

[ 2017-03-09T10:37:01+08:00 ] ::1 /UCS/Home/Index/css/main.css
ERR: 非法操作:css

[ 2017-03-09T10:37:03+08:00 ] ::1 /UCS/Home/Index/css/common.css
ERR: 非法操作:css

[ 2017-03-09T10:37:03+08:00 ] ::1 /UCS/Home/Index/css/main.css
ERR: 非法操作:css

[ 2017-03-09T10:37:38+08:00 ] ::1 /UCS/Home/Index/Public/css/common.css
ERR: 非法操作:public

[ 2017-03-09T10:37:38+08:00 ] ::1 /UCS/Home/Index/Public/css/main.css
ERR: 非法操作:public

[ 2017-03-09T10:37:40+08:00 ] ::1 /UCS/Home/Index/Public/css/common.css
ERR: 非法操作:public

[ 2017-03-09T10:37:40+08:00 ] ::1 /UCS/Home/Index/Public/css/main.css
ERR: 非法操作:public

[ 2017-03-09T10:38:15+08:00 ] ::1 /UCS/Home/Index/Public/css/common.css
ERR: 非法操作:public

[ 2017-03-09T10:38:15+08:00 ] ::1 /UCS/Home/Index/__Public__/css/main.css
ERR: 非法操作:__public__

[ 2017-03-09T10:38:16+08:00 ] ::1 /UCS/Home/Index/__Public__/css/main.css
ERR: 非法操作:__public__

[ 2017-03-09T10:38:16+08:00 ] ::1 /UCS/Home/Index/Public/css/common.css
ERR: 非法操作:public

[ 2017-03-09T10:38:27+08:00 ] ::1 /UCS/Home/Index/Public/css/common.css
ERR: 非法操作:public

[ 2017-03-09T10:38:27+08:00 ] ::1 /UCS/Home/Index/__Public__/css/main.css
ERR: 非法操作:__public__

[ 2017-03-09T10:38:36+08:00 ] ::1 /UCS/Home/Index/Public/css/common.css
ERR: 非法操作:public

[ 2017-03-09T10:38:36+08:00 ] ::1 /UCS/Home/Public/css/main.css
ERR: 无法加载控制器:Public

[ 2017-03-09T10:38:37+08:00 ] ::1 /UCS/Home/Index/Public/css/common.css
ERR: 非法操作:public

[ 2017-03-09T10:38:37+08:00 ] ::1 /UCS/Home/Public/css/main.css
ERR: 无法加载控制器:Public

[ 2017-03-09T10:38:37+08:00 ] ::1 /UCS/Home/Index/Public/css/common.css
ERR: 非法操作:public

[ 2017-03-09T10:38:37+08:00 ] ::1 /UCS/Home/Public/css/main.css
ERR: 无法加载控制器:Public

[ 2017-03-09T10:38:37+08:00 ] ::1 /UCS/Home/Public/css/main.css
ERR: 无法加载控制器:Public

[ 2017-03-09T10:38:37+08:00 ] ::1 /UCS/Home/Index/Public/css/common.css
ERR: 非法操作:public

[ 2017-03-09T10:38:37+08:00 ] ::1 /UCS/Home/Public/css/main.css
ERR: 无法加载控制器:Public

[ 2017-03-09T10:38:37+08:00 ] ::1 /UCS/Home/Index/Public/css/common.css
ERR: 非法操作:public

[ 2017-03-09T10:38:37+08:00 ] ::1 /UCS/Home/Public/css/main.css
ERR: 无法加载控制器:Public

[ 2017-03-09T10:38:37+08:00 ] ::1 /UCS/Home/Index/Public/css/common.css
ERR: 非法操作:public

[ 2017-03-09T10:38:45+08:00 ] ::1 /UCS/Home/Index/Public/css/common.css
ERR: 非法操作:public

[ 2017-03-09T10:38:45+08:00 ] ::1 /UCS/Home/Index/Public/css/main.css
ERR: 非法操作:public

[ 2017-03-09T10:41:00+08:00 ] ::1 /UCS/Home/Index/Public/css/main.css
ERR: 非法操作:public

[ 2017-03-09T10:41:02+08:00 ] ::1 /UCS/Home/Index/Public/css/main.css
ERR: 非法操作:public

[ 2017-03-09T10:42:27+08:00 ] ::1 /UCS/Home/Index/Public/css/main.css
ERR: 非法操作:public

[ 2017-03-09T10:42:27+08:00 ] ::1 /UCS/Home/Index/Public/css/main.css
ERR: 非法操作:public

[ 2017-03-09T10:42:28+08:00 ] ::1 /UCS/Home/Index/Public/css/main.css
ERR: 非法操作:public

[ 2017-03-09T10:42:39+08:00 ] ::1 /UCS/Home/Index/Public/css/main.css
ERR: 非法操作:public

[ 2017-03-09T10:44:46+08:00 ] ::1 /UCS/Home/Index/Public/css/main.css
ERR: 非法操作:public

[ 2017-03-09T10:44:48+08:00 ] ::1 /UCS/Home/Index/Public/css/main.css
ERR: 非法操作:public

[ 2017-03-09T10:53:03+08:00 ] ::1 /UCS/Home/Index/discuss.html
ERR: 非法操作:discuss

[ 2017-03-09T10:53:10+08:00 ] ::1 /UCS/Home/Index/discuss.html
ERR: 非法操作:discuss

[ 2017-03-09T10:53:12+08:00 ] ::1 /UCS/Home/Index/discuss.html
ERR: 非法操作:discuss

[ 2017-03-09T10:53:15+08:00 ] ::1 /UCS/Home/Index/searDesc.html
ERR: 非法操作:seardesc

[ 2017-03-09T10:53:28+08:00 ] ::1 /UCS/Home/Index/css/common.css
ERR: 非法操作:css

[ 2017-03-09T10:53:28+08:00 ] ::1 /UCS/Home/Index/js/choose.js
ERR: 非法操作:js

[ 2017-03-09T10:53:28+08:00 ] ::1 /UCS/Home/Index/css/main.css
ERR: 非法操作:css

[ 2017-03-09T10:53:28+08:00 ] ::1 /UCS/Home/Index/js/common.js
ERR: 非法操作:js

[ 2017-03-09T10:53:28+08:00 ] ::1 /UCS/Home/Index/js/choose.js
ERR: 非法操作:js

[ 2017-03-09T10:53:53+08:00 ] ::1 /UCS/Home/Index/css/main.css
ERR: 非法操作:css

[ 2017-03-09T10:53:53+08:00 ] ::1 /UCS/Home/Index/css/common.css
ERR: 非法操作:css

[ 2017-03-09T10:54:00+08:00 ] ::1 /UCS/Home/Index/css/common.css
ERR: 非法操作:css

[ 2017-03-09T10:54:00+08:00 ] ::1 /UCS/Home/Index/css/main.css
ERR: 非法操作:css

[ 2017-03-09T10:55:30+08:00 ] ::1 /UCS/Home/Index/css/common.css
ERR: 非法操作:css

[ 2017-03-09T10:55:30+08:00 ] ::1 /UCS/Home/Index/js/choose.js
ERR: 非法操作:js

[ 2017-03-09T10:55:30+08:00 ] ::1 /UCS/Home/Index/css/main.css
ERR: 非法操作:css

[ 2017-03-09T10:55:30+08:00 ] ::1 /UCS/Home/Index/js/common.js
ERR: 非法操作:js

[ 2017-03-09T10:55:30+08:00 ] ::1 /UCS/Home/Index/js/choose.js
ERR: 非法操作:js

[ 2017-03-09T10:55:35+08:00 ] ::1 /UCS/Home/Index/css/common.css
ERR: 非法操作:css

[ 2017-03-09T10:55:35+08:00 ] ::1 /UCS/Home/Index/js/choose.js
ERR: 非法操作:js

[ 2017-03-09T10:55:35+08:00 ] ::1 /UCS/Home/Index/css/main.css
ERR: 非法操作:css

[ 2017-03-09T10:55:35+08:00 ] ::1 /UCS/Home/Index/js/common.js
ERR: 非法操作:js

[ 2017-03-09T10:55:35+08:00 ] ::1 /UCS/Home/Index/js/choose.js
ERR: 非法操作:js

[ 2017-03-09T10:56:53+08:00 ] ::1 /UCS/Home/Index/js/common.js
ERR: 非法操作:js

[ 2017-03-09T10:56:53+08:00 ] ::1 /UCS/Home/Index/js/choose.js
ERR: 非法操作:js

[ 2017-03-09T10:56:53+08:00 ] ::1 /UCS/Home/Index/css/common.css
ERR: 非法操作:css

[ 2017-03-09T10:56:53+08:00 ] ::1 /UCS/Home/Index/css/main.css
ERR: 非法操作:css

[ 2017-03-09T10:56:53+08:00 ] ::1 /UCS/Home/Index/js/choose.js
ERR: 非法操作:js

[ 2017-03-09T19:04:12+08:00 ] ::1 /UCS/Home/Index/css/common.css
ERR: 非法操作:css

[ 2017-03-09T19:04:12+08:00 ] ::1 /UCS/Home/Index/css/main.css
ERR: 非法操作:css

[ 2017-03-09T19:04:14+08:00 ] ::1 /UCS/Home/Index/css/main.css
ERR: 非法操作:css

[ 2017-03-09T19:04:14+08:00 ] ::1 /UCS/Home/Index/css/common.css
ERR: 非法操作:css

[ 2017-03-09T19:04:57+08:00 ] ::1 /UCS/Home/Index/test.html
ERR: 非法操作:test

[ 2017-03-09T19:05:01+08:00 ] ::1 /UCS/Home/Index/test.html
ERR: 非法操作:test

[ 2017-03-09T19:05:03+08:00 ] ::1 /UCS/Home/Index/css/main.css
ERR: 非法操作:css

[ 2017-03-09T19:05:03+08:00 ] ::1 /UCS/Home/Index/js/common.js
ERR: 非法操作:js

[ 2017-03-09T19:05:03+08:00 ] ::1 /UCS/Home/Index/css/common.css
ERR: 非法操作:css

[ 2017-03-09T19:05:03+08:00 ] ::1 /UCS/Home/Index/js/choose.js
ERR: 非法操作:js

[ 2017-03-09T19:05:30+08:00 ] ::1 /UCS/Home/Index/test.html
ERR: 非法操作:test

[ 2017-03-09T19:05:33+08:00 ] ::1 /UCS/Home/Index/js/choose.js
ERR: 非法操作:js

[ 2017-03-09T19:05:33+08:00 ] ::1 /UCS/Home/Index/js/common.js
ERR: 非法操作:js

[ 2017-03-09T19:05:33+08:00 ] ::1 /UCS/Home/Index/js/choose.js
ERR: 非法操作:js

[ 2017-03-09T19:05:34+08:00 ] ::1 /UCS/Home/Index/hotSear.html
ERR: 非法操作:hotsear

[ 2017-03-09T19:05:36+08:00 ] ::1 /UCS/Home/Index/js/common.js
ERR: 非法操作:js

[ 2017-03-09T19:05:36+08:00 ] ::1 /UCS/Home/Index/js/choose.js
ERR: 非法操作:js

