[ 2017-03-28T08:12:19+08:00 ] ::1 /UCS/index.php/Home/Index/chooseUniver.html
INFO: [ app_begin ] --START--
INFO: Run Behavior\ReadHtmlCache [ RunTime:0.001903s ]
INFO: [ app_begin ] --END-- [ RunTime:0.002673s ]
NOTIC: [2048] Declaration of Home\Model\ChooseModel::union() should be compatible with Think\Model::union($union, $all = false) E:\appserv\www\UCS\DXT\Home\Model\ChooseModel.class.php 第 10 行.
NOTIC: [8192] mysql_connect(): The mysql extension is deprecated and will be removed in the future: use mysqli or PDO instead E:\appserv\www\UCS\ThinkPHP\Library\Think\Db\Driver\Mysql.class.php 第 52 行.
SQL: SHOW COLUMNS FROM `think_choose` [ RunTime:0.009645s ]
ERR: 1146:Table 'thinkphp.think_choose' doesn't exist
 [ SQL语句 ] : SHOW COLUMNS FROM `think_choose`
SQL: SHOW COLUMNS FROM `think_category` [ RunTime:0.019037s ]
SQL: SELECT * FROM `think_category` WHERE ( `subject` = '经济学' )  [ RunTime:0.019868s ]
SQL: SHOW COLUMNS FROM `think_major` [ RunTime:0.018255s ]
SQL: SELECT * FROM `think_major` WHERE ( `category_id` = 1 )  [ RunTime:0.020375s ]
SQL: SHOW COLUMNS FROM `think_union` [ RunTime:0.018556s ]
SQL: SHOW COLUMNS FROM `think_base_university` [ RunTime:0.023033s ]
SQL: SELECT * FROM `think_union` WHERE ( `major_id` = 1 )  [ RunTime:0.008025s ]
SQL: SELECT * FROM `think_base_university` WHERE ( `id` = 2 )  [ RunTime:0.000398s ]
SQL: SHOW COLUMNS FROM `think_choose_univer` [ RunTime:0.032312s ]
ERR: 1146:Table 'thinkphp.think_choose_univer' doesn't exist
 [ SQL语句 ] : SHOW COLUMNS FROM `think_choose_univer`
SQL: SELECT * FROM `think_base_university` WHERE ( `provice` = '河南省' )  [ RunTime:0.003917s ]

[ 2017-03-28T08:12:25+08:00 ] ::1 /UCS/index.php/Home/Index/chooseUniver.html
INFO: [ app_begin ] --START--
INFO: Run Behavior\ReadHtmlCache [ RunTime:0.000585s ]
INFO: [ app_begin ] --END-- [ RunTime:0.001071s ]
NOTIC: [2048] Declaration of Home\Model\ChooseModel::union() should be compatible with Think\Model::union($union, $all = false) E:\appserv\www\UCS\DXT\Home\Model\ChooseModel.class.php 第 10 行.
NOTIC: [8192] mysql_connect(): The mysql extension is deprecated and will be removed in the future: use mysqli or PDO instead E:\appserv\www\UCS\ThinkPHP\Library\Think\Db\Driver\Mysql.class.php 第 52 行.
SQL: SHOW COLUMNS FROM `think_choose` [ RunTime:0.025793s ]
ERR: 1146:Table 'thinkphp.think_choose' doesn't exist
 [ SQL语句 ] : SHOW COLUMNS FROM `think_choose`
SQL: SHOW COLUMNS FROM `think_category` [ RunTime:0.024443s ]
SQL: SELECT * FROM `think_category` WHERE ( `subject` = '经济学' )  [ RunTime:0.000596s ]
SQL: SHOW COLUMNS FROM `think_major` [ RunTime:0.041893s ]
SQL: SELECT * FROM `think_major` WHERE ( `category_id` = 1 )  [ RunTime:0.011791s ]
SQL: SHOW COLUMNS FROM `think_union` [ RunTime:0.022401s ]
SQL: SHOW COLUMNS FROM `think_base_university` [ RunTime:0.024563s ]
SQL: SELECT * FROM `think_union` WHERE ( `major_id` = 1 )  [ RunTime:0.000356s ]
SQL: SELECT * FROM `think_base_university` WHERE ( `id` = 2 )  [ RunTime:0.011296s ]
SQL: SHOW COLUMNS FROM `think_choose_univer` [ RunTime:0.000731s ]
ERR: 1146:Table 'thinkphp.think_choose_univer' doesn't exist
 [ SQL语句 ] : SHOW COLUMNS FROM `think_choose_univer`
SQL: SELECT * FROM `think_base_university` WHERE ( `provice` = '河南省' )  [ RunTime:0.000391s ]

[ 2017-03-28T08:12:26+08:00 ] ::1 /UCS/index.php/Home/Cn/univerDesc.html
INFO: [ app_begin ] --START--
INFO: Run Behavior\ReadHtmlCache [ RunTime:0.001267s ]
INFO: [ app_begin ] --END-- [ RunTime:0.002289s ]
NOTIC: [2048] Declaration of Home\Model\UniversityModel::select() should be compatible with Think\Model::select($options = Array) E:\appserv\www\UCS\DXT\Home\Model\UniversityModel.class.php 第 10 行.
NOTIC: [8192] mysql_connect(): The mysql extension is deprecated and will be removed in the future: use mysqli or PDO instead E:\appserv\www\UCS\ThinkPHP\Library\Think\Db\Driver\Mysql.class.php 第 52 行.
SQL: SHOW COLUMNS FROM `think_university` [ RunTime:0.011340s ]
ERR: 1146:Table 'thinkphp.think_university' doesn't exist
 [ SQL语句 ] : SHOW COLUMNS FROM `think_university`
NOTIC: [2] explode() expects parameter 2 to be string, array given E:\appserv\www\UCS\ThinkPHP\Library\Think\Model.class.php 第 1390 行.
SQL: SHOW COLUMNS FROM `` [ RunTime:0.018651s ]
ERR: 1103:Incorrect table name ''
 [ SQL语句 ] : SHOW COLUMNS FROM ``
SQL: SELECT a.id,a.one_year,b.first_year,a.two_year,b.second_year,a.three_year,b.thid_year FROM `think_admission` `a`,`think_under_score` `b` WHERE ( a.order=b.stu_order AND a.orgin=b.stu_orgin AND a.subject=b.stu_subject ) AND ( a.order = '1' ) AND ( a.orgin = '河南' ) AND ( a.subject = '' ) AND ( a.id = '1' )  [ RunTime:0.299838s ]

[ 2017-03-28T08:12:56+08:00 ] ::1 /UCS/index.php/Home/Index/chooseUniver.html
INFO: [ app_begin ] --START--
INFO: Run Behavior\ReadHtmlCache [ RunTime:0.000729s ]
INFO: [ app_begin ] --END-- [ RunTime:0.001189s ]
NOTIC: [2048] Declaration of Home\Model\ChooseModel::union() should be compatible with Think\Model::union($union, $all = false) E:\appserv\www\UCS\DXT\Home\Model\ChooseModel.class.php 第 10 行.
NOTIC: [8192] mysql_connect(): The mysql extension is deprecated and will be removed in the future: use mysqli or PDO instead E:\appserv\www\UCS\ThinkPHP\Library\Think\Db\Driver\Mysql.class.php 第 52 行.
SQL: SHOW COLUMNS FROM `think_choose` [ RunTime:0.001361s ]
ERR: 1146:Table 'thinkphp.think_choose' doesn't exist
 [ SQL语句 ] : SHOW COLUMNS FROM `think_choose`
SQL: SHOW COLUMNS FROM `think_category` [ RunTime:0.155857s ]
SQL: SELECT * FROM `think_category` WHERE ( `subject` = '经济学' )  [ RunTime:0.018286s ]
SQL: SHOW COLUMNS FROM `think_major` [ RunTime:0.000698s ]
SQL: SELECT * FROM `think_major` WHERE ( `category_id` = 1 )  [ RunTime:0.053378s ]
SQL: SHOW COLUMNS FROM `think_union` [ RunTime:0.000812s ]
SQL: SHOW COLUMNS FROM `think_base_university` [ RunTime:0.027890s ]
SQL: SELECT * FROM `think_union` WHERE ( `major_id` = 1 )  [ RunTime:0.000356s ]
SQL: SELECT * FROM `think_base_university` WHERE ( `id` = 2 )  [ RunTime:0.015611s ]
SQL: SHOW COLUMNS FROM `think_choose_univer` [ RunTime:0.097697s ]
ERR: 1146:Table 'thinkphp.think_choose_univer' doesn't exist
 [ SQL语句 ] : SHOW COLUMNS FROM `think_choose_univer`
SQL: SELECT * FROM `think_base_university` WHERE ( `provice` = '天津市' )  [ RunTime:0.000394s ]

[ 2017-03-28T08:12:58+08:00 ] ::1 /UCS/index.php/Home/Index/chooseUniver.html
INFO: [ app_begin ] --START--
INFO: Run Behavior\ReadHtmlCache [ RunTime:0.000602s ]
INFO: [ app_begin ] --END-- [ RunTime:0.001606s ]
NOTIC: [2048] Declaration of Home\Model\ChooseModel::union() should be compatible with Think\Model::union($union, $all = false) E:\appserv\www\UCS\DXT\Home\Model\ChooseModel.class.php 第 10 行.
NOTIC: [8192] mysql_connect(): The mysql extension is deprecated and will be removed in the future: use mysqli or PDO instead E:\appserv\www\UCS\ThinkPHP\Library\Think\Db\Driver\Mysql.class.php 第 52 行.
SQL: SHOW COLUMNS FROM `think_choose` [ RunTime:0.000735s ]
ERR: 1146:Table 'thinkphp.think_choose' doesn't exist
 [ SQL语句 ] : SHOW COLUMNS FROM `think_choose`
SQL: SHOW COLUMNS FROM `think_category` [ RunTime:0.092563s ]
SQL: SELECT * FROM `think_category` WHERE ( `subject` = '经济学' )  [ RunTime:0.041938s ]
SQL: SHOW COLUMNS FROM `think_major` [ RunTime:0.046766s ]
SQL: SELECT * FROM `think_major` WHERE ( `category_id` = 1 )  [ RunTime:0.021211s ]
SQL: SHOW COLUMNS FROM `think_union` [ RunTime:0.042200s ]
SQL: SHOW COLUMNS FROM `think_base_university` [ RunTime:0.133405s ]
SQL: SELECT * FROM `think_union` WHERE ( `major_id` = 1 )  [ RunTime:0.000450s ]
SQL: SELECT * FROM `think_base_university` WHERE ( `id` = 2 )  [ RunTime:0.042328s ]
SQL: SHOW COLUMNS FROM `think_choose_univer` [ RunTime:0.000741s ]
ERR: 1146:Table 'thinkphp.think_choose_univer' doesn't exist
 [ SQL语句 ] : SHOW COLUMNS FROM `think_choose_univer`
SQL: SELECT * FROM `think_base_university` WHERE ( `provice` = '河南省' )  [ RunTime:0.000389s ]

[ 2017-03-28T08:13:03+08:00 ] ::1 /UCS/index.php/Home/Index/chooseUniver.html
INFO: [ app_begin ] --START--
INFO: Run Behavior\ReadHtmlCache [ RunTime:0.000905s ]
INFO: [ app_begin ] --END-- [ RunTime:0.001747s ]
NOTIC: [2048] Declaration of Home\Model\ChooseModel::union() should be compatible with Think\Model::union($union, $all = false) E:\appserv\www\UCS\DXT\Home\Model\ChooseModel.class.php 第 10 行.
NOTIC: [8192] mysql_connect(): The mysql extension is deprecated and will be removed in the future: use mysqli or PDO instead E:\appserv\www\UCS\ThinkPHP\Library\Think\Db\Driver\Mysql.class.php 第 52 行.
SQL: SHOW COLUMNS FROM `think_choose` [ RunTime:0.000750s ]
ERR: 1146:Table 'thinkphp.think_choose' doesn't exist
 [ SQL语句 ] : SHOW COLUMNS FROM `think_choose`
SQL: SHOW COLUMNS FROM `think_category` [ RunTime:0.191524s ]
SQL: SELECT * FROM `think_category` WHERE ( `subject` = '经济学' )  [ RunTime:0.000386s ]
SQL: SHOW COLUMNS FROM `think_major` [ RunTime:0.047835s ]
SQL: SELECT * FROM `think_major` WHERE ( `category_id` = 1 )  [ RunTime:0.039124s ]
SQL: SHOW COLUMNS FROM `think_union` [ RunTime:0.174801s ]
SQL: SHOW COLUMNS FROM `think_base_university` [ RunTime:0.117660s ]
SQL: SELECT * FROM `think_union` WHERE ( `major_id` = 1 )  [ RunTime:0.039480s ]
SQL: SELECT * FROM `think_base_university` WHERE ( `id` = 2 )  [ RunTime:0.000501s ]
SQL: SHOW COLUMNS FROM `think_choose_univer` [ RunTime:0.000843s ]
ERR: 1146:Table 'thinkphp.think_choose_univer' doesn't exist
 [ SQL语句 ] : SHOW COLUMNS FROM `think_choose_univer`
SQL: SELECT * FROM `think_base_university` WHERE ( `provice` = '河南省' )  [ RunTime:0.000402s ]

[ 2017-03-28T08:15:20+08:00 ] ::1 /UCS/index.php/Admin/blank
ERR: 无法加载控制器:Blank

[ 2017-03-28T08:15:38+08:00 ] ::1 /UCS/index.php/Admin/Index/assets/css/bootstrap.css
ERR: 非法操作:assets

[ 2017-03-28T08:15:38+08:00 ] ::1 /UCS/index.php/Admin/Index/assets/css/font-awesome.css
ERR: 非法操作:assets

[ 2017-03-28T08:15:38+08:00 ] ::1 /UCS/index.php/Admin/Index/assets/css/custom.css
ERR: 非法操作:assets

[ 2017-03-28T08:15:38+08:00 ] ::1 /UCS/index.php/Admin/Index/assets/js/bootstrap.min.js
ERR: 非法操作:assets

[ 2017-03-28T08:15:38+08:00 ] ::1 /UCS/index.php/Admin/Index/assets/js/custom.js
ERR: 非法操作:assets

[ 2017-03-28T08:15:38+08:00 ] ::1 /UCS/index.php/Admin/Index/assets/js/jquery-1.10.2.js
ERR: 非法操作:assets

[ 2017-03-28T08:15:38+08:00 ] ::1 /UCS/index.php/Admin/Index/assets/js/bootstrap.min.js
ERR: 非法操作:assets

[ 2017-03-28T08:15:38+08:00 ] ::1 /UCS/index.php/Admin/Index/assets/js/custom.js
ERR: 非法操作:assets

[ 2017-03-28T08:16:12+08:00 ] ::1 /UCS/index.php/Admin/Index/assets/css/bootstrap.css
ERR: 非法操作:assets

[ 2017-03-28T08:16:12+08:00 ] ::1 /UCS/index.php/Admin/Index/assets/css/custom.css
ERR: 非法操作:assets

[ 2017-03-28T08:16:12+08:00 ] ::1 /UCS/index.php/Admin/Index/assets/js/jquery-1.10.2.js
ERR: 非法操作:assets

[ 2017-03-28T08:16:12+08:00 ] ::1 /UCS/index.php/Admin/Index/assets/css/font-awesome.css
ERR: 非法操作:assets

[ 2017-03-28T08:16:12+08:00 ] ::1 /UCS/index.php/Admin/Index/assets/js/bootstrap.min.js
ERR: 非法操作:assets

[ 2017-03-28T08:16:12+08:00 ] ::1 /UCS/index.php/Admin/Index/assets/js/custom.js
ERR: 非法操作:assets

[ 2017-03-28T11:17:37+08:00 ] ::1 /UCS/index.php/Admin/
ERR: 模板不存在:./DXT/Admin/View/Index/index.html

[ 2017-03-28T11:17:46+08:00 ] ::1 /UCS/index.php/Admin/main
ERR: 无法加载控制器:Main

[ 2017-03-28T11:17:58+08:00 ] ::1 /UCS/index.php/Admin/main
ERR: 无法加载控制器:Main

[ 2017-03-28T11:59:06+08:00 ] ::1 /UCS/index.php/Admin/Index/index.html
ERR: Think\Model:isReliable方法不存在！

[ 2017-03-28T12:00:23+08:00 ] ::1 /UCS/index.php/Admin/Index/index.html
ERR: Think\Model:isReliable方法不存在！

[ 2017-03-28T12:00:55+08:00 ] ::1 /UCS/index.php/Admin/Index/index.html
ERR: Think\Model:isReliable方法不存在！

[ 2017-03-28T12:01:46+08:00 ] ::1 /UCS/index.php/Admin/Index/index.html
ERR: Think\Model:isReliable方法不存在！

[ 2017-03-28T12:02:15+08:00 ] ::1 /UCS/index.php/Admin/Index/index.html
ERR: Think\Model:isReliable方法不存在！

[ 2017-03-28T14:23:08+08:00 ] ::1 /UCS/index.php/Admin/main
ERR: 无法加载控制器:Main

[ 2017-03-28T14:43:15+08:00 ] ::1 /UCS/index.php/Admin/Index/main
ERR: Think\Model:userList方法不存在！

[ 2017-03-28T15:43:49+08:00 ] ::1 /UCS/index.php/Admin/main
ERR: 无法加载控制器:Main

[ 2017-03-28T15:49:20+08:00 ] ::1 /UCS/index.php/Home/Ajax/ajax.html
INFO: [ app_begin ] --START--
INFO: Run Behavior\ReadHtmlCache [ RunTime:0.000334s ]
INFO: [ app_begin ] --END-- [ RunTime:0.000595s ]
NOTIC: [2048] Declaration of Home\Model\ArticleModel::add() should be compatible with Think\Model::add($data = '', $options = Array, $replace = false) E:\appserv\www\UCS\DXT\Home\Model\ArticleModel.class.php 第 10 行.
NOTIC: [8192] mysql_connect(): The mysql extension is deprecated and will be removed in the future: use mysqli or PDO instead E:\appserv\www\UCS\ThinkPHP\Library\Think\Db\Driver\Mysql.class.php 第 52 行.
SQL: SHOW COLUMNS FROM `think_article` [ RunTime:0.000809s ]
ERR: 1146:Table 'thinkphp.think_article' doesn't exist
 [ SQL语句 ] : SHOW COLUMNS FROM `think_article`
SQL: SHOW COLUMNS FROM `think_reply` [ RunTime:0.001631s ]
SQL: SELECT * FROM `think_reply` WHERE ( `post_id` = 2 ) AND ( `storey` = 1 )  [ RunTime:0.059253s ]

[ 2017-03-28T15:49:22+08:00 ] ::1 /UCS/index.php/Home/Ajax/ajax.html
INFO: [ app_begin ] --START--
INFO: Run Behavior\ReadHtmlCache [ RunTime:0.000560s ]
INFO: [ app_begin ] --END-- [ RunTime:0.001066s ]
NOTIC: [2048] Declaration of Home\Model\ArticleModel::add() should be compatible with Think\Model::add($data = '', $options = Array, $replace = false) E:\appserv\www\UCS\DXT\Home\Model\ArticleModel.class.php 第 10 行.
NOTIC: [8192] mysql_connect(): The mysql extension is deprecated and will be removed in the future: use mysqli or PDO instead E:\appserv\www\UCS\ThinkPHP\Library\Think\Db\Driver\Mysql.class.php 第 52 行.
SQL: SHOW COLUMNS FROM `think_article` [ RunTime:0.000467s ]
ERR: 1146:Table 'thinkphp.think_article' doesn't exist
 [ SQL语句 ] : SHOW COLUMNS FROM `think_article`
SQL: SHOW COLUMNS FROM `think_reply` [ RunTime:0.009030s ]
SQL: SELECT * FROM `think_reply` WHERE ( `post_id` = 2 ) AND ( `storey` = 2 )  [ RunTime:0.000291s ]

[ 2017-03-28T15:49:24+08:00 ] ::1 /UCS/index.php/Home/Ajax/ajax.html
INFO: [ app_begin ] --START--
INFO: Run Behavior\ReadHtmlCache [ RunTime:0.000468s ]
INFO: [ app_begin ] --END-- [ RunTime:0.000909s ]
NOTIC: [2048] Declaration of Home\Model\ArticleModel::add() should be compatible with Think\Model::add($data = '', $options = Array, $replace = false) E:\appserv\www\UCS\DXT\Home\Model\ArticleModel.class.php 第 10 行.
NOTIC: [8192] mysql_connect(): The mysql extension is deprecated and will be removed in the future: use mysqli or PDO instead E:\appserv\www\UCS\ThinkPHP\Library\Think\Db\Driver\Mysql.class.php 第 52 行.
SQL: SHOW COLUMNS FROM `think_article` [ RunTime:0.000537s ]
ERR: 1146:Table 'thinkphp.think_article' doesn't exist
 [ SQL语句 ] : SHOW COLUMNS FROM `think_article`
SQL: SHOW COLUMNS FROM `think_reply` [ RunTime:0.001031s ]
SQL: SELECT * FROM `think_reply` WHERE ( `post_id` = 2 ) AND ( `storey` = 3 )  [ RunTime:0.006841s ]

[ 2017-03-28T15:49:56+08:00 ] ::1 /UCS/index.php/Home/Cn/univerDesc.html
INFO: [ app_begin ] --START--
INFO: Run Behavior\ReadHtmlCache [ RunTime:0.000566s ]
INFO: [ app_begin ] --END-- [ RunTime:0.001136s ]
NOTIC: [2048] Declaration of Home\Model\UniversityModel::select() should be compatible with Think\Model::select($options = Array) E:\appserv\www\UCS\DXT\Home\Model\UniversityModel.class.php 第 10 行.
NOTIC: [8192] mysql_connect(): The mysql extension is deprecated and will be removed in the future: use mysqli or PDO instead E:\appserv\www\UCS\ThinkPHP\Library\Think\Db\Driver\Mysql.class.php 第 52 行.
SQL: SHOW COLUMNS FROM `think_university` [ RunTime:0.000944s ]
ERR: 1146:Table 'thinkphp.think_university' doesn't exist
 [ SQL语句 ] : SHOW COLUMNS FROM `think_university`
NOTIC: [2] explode() expects parameter 2 to be string, array given E:\appserv\www\UCS\ThinkPHP\Library\Think\Model.class.php 第 1390 行.
SQL: SHOW COLUMNS FROM `` [ RunTime:0.026438s ]
ERR: 1103:Incorrect table name ''
 [ SQL语句 ] : SHOW COLUMNS FROM ``
SQL: SELECT a.id,a.one_year,b.first_year,a.two_year,b.second_year,a.three_year,b.thid_year FROM `think_admission` `a`,`think_under_score` `b` WHERE ( a.order=b.stu_order AND a.orgin=b.stu_orgin AND a.subject=b.stu_subject ) AND ( a.order = '1' ) AND ( a.orgin = '河南' ) AND ( a.subject = '' ) AND ( a.id = '2' )  [ RunTime:0.026642s ]

[ 2017-03-28T15:51:00+08:00 ] ::1 /UCS/index.php/Home/Cn/univerDesc.html
INFO: [ app_begin ] --START--
INFO: Run Behavior\ReadHtmlCache [ RunTime:0.000888s ]
INFO: [ app_begin ] --END-- [ RunTime:0.001553s ]
NOTIC: [2048] Declaration of Home\Model\UniversityModel::select() should be compatible with Think\Model::select($options = Array) E:\appserv\www\UCS\DXT\Home\Model\UniversityModel.class.php 第 10 行.
NOTIC: [8192] mysql_connect(): The mysql extension is deprecated and will be removed in the future: use mysqli or PDO instead E:\appserv\www\UCS\ThinkPHP\Library\Think\Db\Driver\Mysql.class.php 第 52 行.
SQL: SHOW COLUMNS FROM `think_university` [ RunTime:0.000856s ]
ERR: 1146:Table 'thinkphp.think_university' doesn't exist
 [ SQL语句 ] : SHOW COLUMNS FROM `think_university`
NOTIC: [2] explode() expects parameter 2 to be string, array given E:\appserv\www\UCS\ThinkPHP\Library\Think\Model.class.php 第 1390 行.
SQL: SHOW COLUMNS FROM `` [ RunTime:0.000142s ]
ERR: 1103:Incorrect table name ''
 [ SQL语句 ] : SHOW COLUMNS FROM ``
SQL: SELECT a.id,a.one_year,b.first_year,a.two_year,b.second_year,a.three_year,b.thid_year FROM `think_admission` `a`,`think_under_score` `b` WHERE ( a.order=b.stu_order AND a.orgin=b.stu_orgin AND a.subject=b.stu_subject ) AND ( a.order = '1' ) AND ( a.orgin = '河南' ) AND ( a.subject = '' ) AND ( a.id = '2' )  [ RunTime:0.040906s ]

[ 2017-03-28T15:51:03+08:00 ] ::1 /UCS/index.php/Home/Cn/univerDesc.html
INFO: [ app_begin ] --START--
INFO: Run Behavior\ReadHtmlCache [ RunTime:0.000446s ]
INFO: [ app_begin ] --END-- [ RunTime:0.000848s ]
NOTIC: [2048] Declaration of Home\Model\UniversityModel::select() should be compatible with Think\Model::select($options = Array) E:\appserv\www\UCS\DXT\Home\Model\UniversityModel.class.php 第 10 行.
NOTIC: [8192] mysql_connect(): The mysql extension is deprecated and will be removed in the future: use mysqli or PDO instead E:\appserv\www\UCS\ThinkPHP\Library\Think\Db\Driver\Mysql.class.php 第 52 行.
SQL: SHOW COLUMNS FROM `think_university` [ RunTime:0.000457s ]
ERR: 1146:Table 'thinkphp.think_university' doesn't exist
 [ SQL语句 ] : SHOW COLUMNS FROM `think_university`
NOTIC: [2] explode() expects parameter 2 to be string, array given E:\appserv\www\UCS\ThinkPHP\Library\Think\Model.class.php 第 1390 行.
SQL: SHOW COLUMNS FROM `` [ RunTime:0.000108s ]
ERR: 1103:Incorrect table name ''
 [ SQL语句 ] : SHOW COLUMNS FROM ``
SQL: SELECT a.id,a.one_year,b.first_year,a.two_year,b.second_year,a.three_year,b.thid_year FROM `think_admission` `a`,`think_under_score` `b` WHERE ( a.order=b.stu_order AND a.orgin=b.stu_orgin AND a.subject=b.stu_subject ) AND ( a.order = '1' ) AND ( a.orgin = '江苏' ) AND ( a.subject = '' ) AND ( a.id = '2' )  [ RunTime:0.015292s ]

[ 2017-03-28T15:51:04+08:00 ] ::1 /UCS/index.php/Home/Cn/univerDesc.html
INFO: [ app_begin ] --START--
INFO: Run Behavior\ReadHtmlCache [ RunTime:0.000321s ]
INFO: [ app_begin ] --END-- [ RunTime:0.000572s ]
NOTIC: [2048] Declaration of Home\Model\UniversityModel::select() should be compatible with Think\Model::select($options = Array) E:\appserv\www\UCS\DXT\Home\Model\UniversityModel.class.php 第 10 行.
NOTIC: [8192] mysql_connect(): The mysql extension is deprecated and will be removed in the future: use mysqli or PDO instead E:\appserv\www\UCS\ThinkPHP\Library\Think\Db\Driver\Mysql.class.php 第 52 行.
SQL: SHOW COLUMNS FROM `think_university` [ RunTime:0.000462s ]
ERR: 1146:Table 'thinkphp.think_university' doesn't exist
 [ SQL语句 ] : SHOW COLUMNS FROM `think_university`
NOTIC: [2] explode() expects parameter 2 to be string, array given E:\appserv\www\UCS\ThinkPHP\Library\Think\Model.class.php 第 1390 行.
SQL: SHOW COLUMNS FROM `` [ RunTime:0.000108s ]
ERR: 1103:Incorrect table name ''
 [ SQL语句 ] : SHOW COLUMNS FROM ``
SQL: SELECT a.id,a.one_year,b.first_year,a.two_year,b.second_year,a.three_year,b.thid_year FROM `think_admission` `a`,`think_under_score` `b` WHERE ( a.order=b.stu_order AND a.orgin=b.stu_orgin AND a.subject=b.stu_subject ) AND ( a.order = '2' ) AND ( a.orgin = '江苏' ) AND ( a.subject = '' ) AND ( a.id = '2' )  [ RunTime:0.063370s ]

[ 2017-03-28T15:51:05+08:00 ] ::1 /UCS/index.php/Home/Cn/univerDesc.html
INFO: [ app_begin ] --START--
INFO: Run Behavior\ReadHtmlCache [ RunTime:0.000475s ]
INFO: [ app_begin ] --END-- [ RunTime:0.000860s ]
NOTIC: [2048] Declaration of Home\Model\UniversityModel::select() should be compatible with Think\Model::select($options = Array) E:\appserv\www\UCS\DXT\Home\Model\UniversityModel.class.php 第 10 行.
NOTIC: [8192] mysql_connect(): The mysql extension is deprecated and will be removed in the future: use mysqli or PDO instead E:\appserv\www\UCS\ThinkPHP\Library\Think\Db\Driver\Mysql.class.php 第 52 行.
SQL: SHOW COLUMNS FROM `think_university` [ RunTime:0.000441s ]
ERR: 1146:Table 'thinkphp.think_university' doesn't exist
 [ SQL语句 ] : SHOW COLUMNS FROM `think_university`
NOTIC: [2] explode() expects parameter 2 to be string, array given E:\appserv\www\UCS\ThinkPHP\Library\Think\Model.class.php 第 1390 行.
SQL: SHOW COLUMNS FROM `` [ RunTime:0.000120s ]
ERR: 1103:Incorrect table name ''
 [ SQL语句 ] : SHOW COLUMNS FROM ``
SQL: SELECT a.id,a.one_year,b.first_year,a.two_year,b.second_year,a.three_year,b.thid_year FROM `think_admission` `a`,`think_under_score` `b` WHERE ( a.order=b.stu_order AND a.orgin=b.stu_orgin AND a.subject=b.stu_subject ) AND ( a.order = '1' ) AND ( a.orgin = '江苏' ) AND ( a.subject = '' ) AND ( a.id = '2' )  [ RunTime:0.056819s ]

[ 2017-03-28T15:51:06+08:00 ] ::1 /UCS/index.php/Home/Cn/univerDesc.html
INFO: [ app_begin ] --START--
INFO: Run Behavior\ReadHtmlCache [ RunTime:0.000317s ]
INFO: [ app_begin ] --END-- [ RunTime:0.000550s ]
NOTIC: [2048] Declaration of Home\Model\UniversityModel::select() should be compatible with Think\Model::select($options = Array) E:\appserv\www\UCS\DXT\Home\Model\UniversityModel.class.php 第 10 行.
NOTIC: [8192] mysql_connect(): The mysql extension is deprecated and will be removed in the future: use mysqli or PDO instead E:\appserv\www\UCS\ThinkPHP\Library\Think\Db\Driver\Mysql.class.php 第 52 行.
SQL: SHOW COLUMNS FROM `think_university` [ RunTime:0.000498s ]
ERR: 1146:Table 'thinkphp.think_university' doesn't exist
 [ SQL语句 ] : SHOW COLUMNS FROM `think_university`
NOTIC: [2] explode() expects parameter 2 to be string, array given E:\appserv\www\UCS\ThinkPHP\Library\Think\Model.class.php 第 1390 行.
SQL: SHOW COLUMNS FROM `` [ RunTime:0.000120s ]
ERR: 1103:Incorrect table name ''
 [ SQL语句 ] : SHOW COLUMNS FROM ``
SQL: SELECT a.id,a.one_year,b.first_year,a.two_year,b.second_year,a.three_year,b.thid_year FROM `think_admission` `a`,`think_under_score` `b` WHERE ( a.order=b.stu_order AND a.orgin=b.stu_orgin AND a.subject=b.stu_subject ) AND ( a.order = '1' ) AND ( a.orgin = '河南' ) AND ( a.subject = '' ) AND ( a.id = '2' )  [ RunTime:0.000979s ]

[ 2017-03-28T15:51:08+08:00 ] ::1 /UCS/index.php/Home/Cn/univerDesc.html
INFO: [ app_begin ] --START--
INFO: Run Behavior\ReadHtmlCache [ RunTime:0.000456s ]
INFO: [ app_begin ] --END-- [ RunTime:0.000935s ]
NOTIC: [2048] Declaration of Home\Model\UniversityModel::select() should be compatible with Think\Model::select($options = Array) E:\appserv\www\UCS\DXT\Home\Model\UniversityModel.class.php 第 10 行.
NOTIC: [8192] mysql_connect(): The mysql extension is deprecated and will be removed in the future: use mysqli or PDO instead E:\appserv\www\UCS\ThinkPHP\Library\Think\Db\Driver\Mysql.class.php 第 52 行.
SQL: SHOW COLUMNS FROM `think_university` [ RunTime:0.000459s ]
ERR: 1146:Table 'thinkphp.think_university' doesn't exist
 [ SQL语句 ] : SHOW COLUMNS FROM `think_university`
NOTIC: [2] explode() expects parameter 2 to be string, array given E:\appserv\www\UCS\ThinkPHP\Library\Think\Model.class.php 第 1390 行.
SQL: SHOW COLUMNS FROM `` [ RunTime:0.000077s ]
ERR: 1103:Incorrect table name ''
 [ SQL语句 ] : SHOW COLUMNS FROM ``
SQL: SELECT a.id,a.one_year,b.first_year,a.two_year,b.second_year,a.three_year,b.thid_year FROM `think_admission` `a`,`think_under_score` `b` WHERE ( a.order=b.stu_order AND a.orgin=b.stu_orgin AND a.subject=b.stu_subject ) AND ( a.order = '1' ) AND ( a.orgin = '河南' ) AND ( a.subject = '' ) AND ( a.id = '2' )  [ RunTime:0.013461s ]

[ 2017-03-28T15:51:09+08:00 ] ::1 /UCS/index.php/Home/Cn/univerDesc.html
INFO: [ app_begin ] --START--
INFO: Run Behavior\ReadHtmlCache [ RunTime:0.000326s ]
INFO: [ app_begin ] --END-- [ RunTime:0.000616s ]
NOTIC: [2048] Declaration of Home\Model\UniversityModel::select() should be compatible with Think\Model::select($options = Array) E:\appserv\www\UCS\DXT\Home\Model\UniversityModel.class.php 第 10 行.
NOTIC: [8192] mysql_connect(): The mysql extension is deprecated and will be removed in the future: use mysqli or PDO instead E:\appserv\www\UCS\ThinkPHP\Library\Think\Db\Driver\Mysql.class.php 第 52 行.
SQL: SHOW COLUMNS FROM `think_university` [ RunTime:0.000426s ]
ERR: 1146:Table 'thinkphp.think_university' doesn't exist
 [ SQL语句 ] : SHOW COLUMNS FROM `think_university`
NOTIC: [2] explode() expects parameter 2 to be string, array given E:\appserv\www\UCS\ThinkPHP\Library\Think\Model.class.php 第 1390 行.
SQL: SHOW COLUMNS FROM `` [ RunTime:0.000101s ]
ERR: 1103:Incorrect table name ''
 [ SQL语句 ] : SHOW COLUMNS FROM ``
SQL: SELECT a.id,a.one_year,b.first_year,a.two_year,b.second_year,a.three_year,b.thid_year FROM `think_admission` `a`,`think_under_score` `b` WHERE ( a.order=b.stu_order AND a.orgin=b.stu_orgin AND a.subject=b.stu_subject ) AND ( a.order = '1' ) AND ( a.orgin = '河南' ) AND ( a.subject = '' ) AND ( a.id = '2' )  [ RunTime:0.000319s ]

[ 2017-03-28T15:51:10+08:00 ] ::1 /UCS/index.php/Home/Cn/univerDesc.html
INFO: [ app_begin ] --START--
INFO: Run Behavior\ReadHtmlCache [ RunTime:0.000312s ]
INFO: [ app_begin ] --END-- [ RunTime:0.000543s ]
NOTIC: [2048] Declaration of Home\Model\UniversityModel::select() should be compatible with Think\Model::select($options = Array) E:\appserv\www\UCS\DXT\Home\Model\UniversityModel.class.php 第 10 行.
NOTIC: [8192] mysql_connect(): The mysql extension is deprecated and will be removed in the future: use mysqli or PDO instead E:\appserv\www\UCS\ThinkPHP\Library\Think\Db\Driver\Mysql.class.php 第 52 行.
SQL: SHOW COLUMNS FROM `think_university` [ RunTime:0.000476s ]
ERR: 1146:Table 'thinkphp.think_university' doesn't exist
 [ SQL语句 ] : SHOW COLUMNS FROM `think_university`
NOTIC: [2] explode() expects parameter 2 to be string, array given E:\appserv\www\UCS\ThinkPHP\Library\Think\Model.class.php 第 1390 行.
SQL: SHOW COLUMNS FROM `` [ RunTime:0.000081s ]
ERR: 1103:Incorrect table name ''
 [ SQL语句 ] : SHOW COLUMNS FROM ``
SQL: SELECT a.id,a.one_year,b.first_year,a.two_year,b.second_year,a.three_year,b.thid_year FROM `think_admission` `a`,`think_under_score` `b` WHERE ( a.order=b.stu_order AND a.orgin=b.stu_orgin AND a.subject=b.stu_subject ) AND ( a.order = '1' ) AND ( a.orgin = '河南' ) AND ( a.subject = '' ) AND ( a.id = '2' )  [ RunTime:0.001231s ]

[ 2017-03-28T15:51:13+08:00 ] ::1 /UCS/index.php/Home/Cn/univerDesc.html
INFO: [ app_begin ] --START--
INFO: Run Behavior\ReadHtmlCache [ RunTime:0.000315s ]
INFO: [ app_begin ] --END-- [ RunTime:0.000564s ]
NOTIC: [2048] Declaration of Home\Model\UniversityModel::select() should be compatible with Think\Model::select($options = Array) E:\appserv\www\UCS\DXT\Home\Model\UniversityModel.class.php 第 10 行.
NOTIC: [8192] mysql_connect(): The mysql extension is deprecated and will be removed in the future: use mysqli or PDO instead E:\appserv\www\UCS\ThinkPHP\Library\Think\Db\Driver\Mysql.class.php 第 52 行.
SQL: SHOW COLUMNS FROM `think_university` [ RunTime:0.000958s ]
ERR: 1146:Table 'thinkphp.think_university' doesn't exist
 [ SQL语句 ] : SHOW COLUMNS FROM `think_university`
NOTIC: [2] explode() expects parameter 2 to be string, array given E:\appserv\www\UCS\ThinkPHP\Library\Think\Model.class.php 第 1390 行.
SQL: SHOW COLUMNS FROM `` [ RunTime:0.000136s ]
ERR: 1103:Incorrect table name ''
 [ SQL语句 ] : SHOW COLUMNS FROM ``
SQL: SELECT a.id,a.one_year,b.first_year,a.two_year,b.second_year,a.three_year,b.thid_year FROM `think_admission` `a`,`think_under_score` `b` WHERE ( a.order=b.stu_order AND a.orgin=b.stu_orgin AND a.subject=b.stu_subject ) AND ( a.order = '1' ) AND ( a.orgin = '河南' ) AND ( a.subject = '' ) AND ( a.id = '2' )  [ RunTime:0.065588s ]

[ 2017-03-28T15:51:14+08:00 ] ::1 /UCS/index.php/Home/Cn/univerDesc.html
INFO: [ app_begin ] --START--
INFO: Run Behavior\ReadHtmlCache [ RunTime:0.000552s ]
INFO: [ app_begin ] --END-- [ RunTime:0.001121s ]
NOTIC: [2048] Declaration of Home\Model\UniversityModel::select() should be compatible with Think\Model::select($options = Array) E:\appserv\www\UCS\DXT\Home\Model\UniversityModel.class.php 第 10 行.
NOTIC: [8192] mysql_connect(): The mysql extension is deprecated and will be removed in the future: use mysqli or PDO instead E:\appserv\www\UCS\ThinkPHP\Library\Think\Db\Driver\Mysql.class.php 第 52 行.
SQL: SHOW COLUMNS FROM `think_university` [ RunTime:0.000982s ]
ERR: 1146:Table 'thinkphp.think_university' doesn't exist
 [ SQL语句 ] : SHOW COLUMNS FROM `think_university`
NOTIC: [2] explode() expects parameter 2 to be string, array given E:\appserv\www\UCS\ThinkPHP\Library\Think\Model.class.php 第 1390 行.
SQL: SHOW COLUMNS FROM `` [ RunTime:0.000173s ]
ERR: 1103:Incorrect table name ''
 [ SQL语句 ] : SHOW COLUMNS FROM ``
SQL: SELECT a.id,a.one_year,b.first_year,a.two_year,b.second_year,a.three_year,b.thid_year FROM `think_admission` `a`,`think_under_score` `b` WHERE ( a.order=b.stu_order AND a.orgin=b.stu_orgin AND a.subject=b.stu_subject ) AND ( a.order = '1' ) AND ( a.orgin = '河南' ) AND ( a.subject = '' ) AND ( a.id = '2' )  [ RunTime:0.029947s ]

[ 2017-03-28T17:57:21+08:00 ] ::1 /UCS/index.php/Home/Index/chooseUniver.html
INFO: [ app_begin ] --START--
INFO: Run Behavior\ReadHtmlCache [ RunTime:0.000323s ]
INFO: [ app_begin ] --END-- [ RunTime:0.000548s ]
NOTIC: [2048] Declaration of Home\Model\ChooseModel::union() should be compatible with Think\Model::union($union, $all = false) E:\appserv\www\UCS\DXT\Home\Model\ChooseModel.class.php 第 10 行.
NOTIC: [8192] mysql_connect(): The mysql extension is deprecated and will be removed in the future: use mysqli or PDO instead E:\appserv\www\UCS\ThinkPHP\Library\Think\Db\Driver\Mysql.class.php 第 52 行.
SQL: SHOW COLUMNS FROM `think_choose` [ RunTime:0.000547s ]
ERR: 1146:Table 'thinkphp.think_choose' doesn't exist
 [ SQL语句 ] : SHOW COLUMNS FROM `think_choose`
SQL: SHOW COLUMNS FROM `think_category` [ RunTime:0.000393s ]
SQL: SELECT * FROM `think_category` WHERE ( `subject` = '经济学' )  [ RunTime:0.000215s ]
SQL: SHOW COLUMNS FROM `think_major` [ RunTime:0.000373s ]
SQL: SELECT * FROM `think_major` WHERE ( `category_id` = 1 )  [ RunTime:0.000177s ]
SQL: SHOW COLUMNS FROM `think_union` [ RunTime:0.000316s ]
SQL: SHOW COLUMNS FROM `think_base_university` [ RunTime:0.000347s ]
SQL: SELECT * FROM `think_union` WHERE ( `major_id` = 1 )  [ RunTime:0.000166s ]
SQL: SELECT * FROM `think_base_university` WHERE ( `id` = 2 )  [ RunTime:0.000184s ]
SQL: SHOW COLUMNS FROM `think_choose_univer` [ RunTime:0.000529s ]
ERR: 1146:Table 'thinkphp.think_choose_univer' doesn't exist
 [ SQL语句 ] : SHOW COLUMNS FROM `think_choose_univer`
SQL: SELECT * FROM `think_base_university` WHERE ( `provice` = '河南省' )  [ RunTime:0.017669s ]

