[ 2017-03-11T10:46:34+08:00 ] ::1 /UCS/Home/Index/disCont
ERR: 非法操作:discont

[ 2017-03-11T10:46:46+08:00 ] ::1 /UCS/Home/Cn/disCont
ERR: Access denied for user ''@'localhost' (using password: NO)

[ 2017-03-11T10:47:15+08:00 ] ::1 /UCS/Home/Cn/disCont
ERR: Access denied for user ''@'localhost' (using password: NO)

[ 2017-03-11T10:49:25+08:00 ] ::1 /UCS/Home/Model
ERR: 无法加载控制器:Model

[ 2017-03-11T10:49:34+08:00 ] ::1 /UCS/Home/User
ERR: 无法加载控制器:User

[ 2017-03-11T10:56:32+08:00 ] ::1 /UCS/Home/Cn/searDesc
ERR: 非法操作:seardesc

[ 2017-03-11T10:56:43+08:00 ] ::1 /UCS/Home/Cn/disCont
ERR: Access denied for user ''@'localhost' (using password: NO)

[ 2017-03-11T10:58:24+08:00 ] ::1 /UCS/Home/Cn/Model
ERR: Access denied for user ''@'localhost' (using password: NO)

[ 2017-03-11T11:00:22+08:00 ] ::1 /UCS/Home/Cn/Model
ERR: Think\Model:getName方法不存在！

[ 2017-03-11T15:26:33+08:00 ] ::1 /UCS/Home/Index/discuss.php
ERR: 非法操作:discuss.php

[ 2017-03-11T15:26:35+08:00 ] ::1 /UCS/Home/Index/test.php
ERR: 非法操作:test.php

[ 2017-03-11T15:26:44+08:00 ] ::1 /UCS/Home/Index/choose.php
ERR: 非法操作:choose.php

[ 2017-03-11T15:27:05+08:00 ] ::1 /UCS/Home/Index/discuss.php
ERR: 非法操作:discuss.php

[ 2017-03-11T15:27:12+08:00 ] ::1 /UCS/Home/Index/login.php
ERR: 非法操作:login.php

[ 2017-03-11T15:28:15+08:00 ] ::1 /UCS/Home/Index/index.php
ERR: 非法操作:index.php

[ 2017-03-11T15:28:24+08:00 ] ::1 /UCS/Home/Index/index.php
ERR: 非法操作:index.php

[ 2017-03-11T15:28:26+08:00 ] ::1 /UCS/Home/Index/index.php
ERR: 非法操作:index.php

[ 2017-03-11T15:28:32+08:00 ] ::1 /UCS/Home/Index/Home/Index/test.html
ERR: 非法操作:home

[ 2017-03-11T15:28:56+08:00 ] ::1 /UCS/Home/Index/Home/Index/test.html
ERR: 非法操作:home

