[ 2017-04-11T11:09:44+08:00 ] ::1 /UCS/index.php/Home/Index/chooseUniver.html
ERR: ”…”⁄ƒø±Íº∆À„ª˙ª˝º´æ‹æ¯£¨Œﬁ∑®¡¨Ω”°£


[ 2017-04-11T11:11:13+08:00 ] ::1 /UCS/index.php/Home/Index/chooseUniver.html
INFO: [ app_begin ] --START--
INFO: Run Behavior\ReadHtmlCache [ RunTime:0.000474s ]
INFO: [ app_begin ] --END-- [ RunTime:0.000757s ]
NOTIC: [2048] Declaration of Home\Model\ChooseModel::union() should be compatible with Think\Model::union($union, $all = false) E:\appserv\www\UCS\DXT\Home\Model\ChooseModel.class.php Á¨¨ 10 Ë°å.
NOTIC: [8192] mysql_connect(): The mysql extension is deprecated and will be removed in the future: use mysqli or PDO instead E:\appserv\www\UCS\ThinkPHP\Library\Think\Db\Driver\Mysql.class.php Á¨¨ 52 Ë°å.
SQL: SHOW COLUMNS FROM `think_choose` [ RunTime:0.000634s ]
ERR: 1146:Table 'thinkphp.think_choose' doesn't exist
 [ SQLËØ≠Âè• ] : SHOW COLUMNS FROM `think_choose`
SQL: SHOW COLUMNS FROM `think_category` [ RunTime:0.001202s ]
SQL: SELECT * FROM `think_category` WHERE ( `subject` = 'ÁªèÊµéÂ≠¶' )  [ RunTime:0.000494s ]
SQL: SHOW COLUMNS FROM `think_major` [ RunTime:0.001266s ]
SQL: SELECT * FROM `think_major` WHERE ( `category_id` = 1 )  [ RunTime:0.000846s ]
NOTIC: [2] Missing argument 2 for Home\Model\ChooseModel::union(), called in E:\appserv\www\UCS\DXT\Home\Controller\IndexController.class.php on line 15 and defined E:\appserv\www\UCS\DXT\Home\Model\ChooseModel.class.php Á¨¨ 39 Ë°å.
SQL: SHOW COLUMNS FROM `think_union` [ RunTime:0.000952s ]
SQL: SHOW COLUMNS FROM `think_base_university` [ RunTime:0.000921s ]
NOTIC: [8] Undefined variable: Page E:\appserv\www\UCS\DXT\Home\Model\ChooseModel.class.php Á¨¨ 44 Ë°å.
NOTIC: [8] Trying to get property of non-object E:\appserv\www\UCS\DXT\Home\Model\ChooseModel.class.php Á¨¨ 44 Ë°å.
NOTIC: [8] Undefined variable: Page E:\appserv\www\UCS\DXT\Home\Model\ChooseModel.class.php Á¨¨ 44 Ë°å.
NOTIC: [8] Trying to get property of non-object E:\appserv\www\UCS\DXT\Home\Model\ChooseModel.class.php Á¨¨ 44 Ë°å.
SQL: SELECT * FROM `think_union` WHERE ( `major_id` = 1 ) LIMIT ,   [ RunTime:0.000156s ]
ERR: 1064:You have an error in your SQL syntax; check the manual that corresponds to your MySQL server version for the right syntax to use near '' at line 1
 [ SQLËØ≠Âè• ] : SELECT * FROM `think_union` WHERE ( `major_id` = 1 ) LIMIT ,  
SQL: SELECT * FROM `think_base_university` WHERE ( `id` = null )  [ RunTime:0.000198s ]
SQL: SHOW COLUMNS FROM `think_choose_univer` [ RunTime:0.001063s ]
ERR: 1146:Table 'thinkphp.think_choose_univer' doesn't exist
 [ SQLËØ≠Âè• ] : SHOW COLUMNS FROM `think_choose_univer`
SQL: SELECT * FROM `think_base_university` WHERE ( `provice` = 'Âåó‰∫¨' )  [ RunTime:3.010840s ]

[ 2017-04-11T11:12:00+08:00 ] ::1 /UCS/index.php/Home/Index/chooseUniver.html
INFO: [ app_begin ] --START--
INFO: Run Behavior\ReadHtmlCache [ RunTime:0.000360s ]
INFO: [ app_begin ] --END-- [ RunTime:0.000678s ]
NOTIC: [2048] Declaration of Home\Model\ChooseModel::union() should be compatible with Think\Model::union($union, $all = false) E:\appserv\www\UCS\DXT\Home\Model\ChooseModel.class.php Á¨¨ 10 Ë°å.
NOTIC: [8192] mysql_connect(): The mysql extension is deprecated and will be removed in the future: use mysqli or PDO instead E:\appserv\www\UCS\ThinkPHP\Library\Think\Db\Driver\Mysql.class.php Á¨¨ 52 Ë°å.
SQL: SHOW COLUMNS FROM `think_choose` [ RunTime:0.002125s ]
ERR: 1146:Table 'thinkphp.think_choose' doesn't exist
 [ SQLËØ≠Âè• ] : SHOW COLUMNS FROM `think_choose`
SQL: SHOW COLUMNS FROM `think_category` [ RunTime:0.002504s ]
SQL: SELECT * FROM `think_category` WHERE ( `subject` = 'ÁªèÊµéÂ≠¶' )  [ RunTime:0.000349s ]
SQL: SHOW COLUMNS FROM `think_major` [ RunTime:0.001671s ]
SQL: SELECT * FROM `think_major` WHERE ( `category_id` = 1 )  [ RunTime:0.001302s ]
NOTIC: [2] Missing argument 2 for Home\Model\ChooseModel::union(), called in E:\appserv\www\UCS\DXT\Home\Controller\IndexController.class.php on line 15 and defined E:\appserv\www\UCS\DXT\Home\Model\ChooseModel.class.php Á¨¨ 39 Ë°å.
SQL: SHOW COLUMNS FROM `think_union` [ RunTime:0.001525s ]
SQL: SHOW COLUMNS FROM `think_base_university` [ RunTime:0.000981s ]
NOTIC: [8] Undefined variable: Page E:\appserv\www\UCS\DXT\Home\Model\ChooseModel.class.php Á¨¨ 44 Ë°å.
NOTIC: [8] Trying to get property of non-object E:\appserv\www\UCS\DXT\Home\Model\ChooseModel.class.php Á¨¨ 44 Ë°å.
NOTIC: [8] Undefined variable: Page E:\appserv\www\UCS\DXT\Home\Model\ChooseModel.class.php Á¨¨ 44 Ë°å.
NOTIC: [8] Trying to get property of non-object E:\appserv\www\UCS\DXT\Home\Model\ChooseModel.class.php Á¨¨ 44 Ë°å.
SQL: SELECT * FROM `think_union` WHERE ( `major_id` = 1 ) LIMIT ,   [ RunTime:0.000082s ]
ERR: 1064:You have an error in your SQL syntax; check the manual that corresponds to your MySQL server version for the right syntax to use near '' at line 1
 [ SQLËØ≠Âè• ] : SELECT * FROM `think_union` WHERE ( `major_id` = 1 ) LIMIT ,  
SQL: SELECT * FROM `think_base_university` WHERE ( `id` = null )  [ RunTime:0.000138s ]
SQL: SHOW COLUMNS FROM `think_choose_univer` [ RunTime:0.000348s ]
ERR: 1146:Table 'thinkphp.think_choose_univer' doesn't exist
 [ SQLËØ≠Âè• ] : SHOW COLUMNS FROM `think_choose_univer`
SQL: SELECT * FROM `think_base_university` WHERE ( `provice` = 'Âåó‰∫¨' )  [ RunTime:0.002250s ]

[ 2017-04-11T11:16:42+08:00 ] ::1 /UCS/index.php/Home/Index/chooseUniver.html
INFO: [ app_begin ] --START--
INFO: Run Behavior\ReadHtmlCache [ RunTime:0.000346s ]
INFO: [ app_begin ] --END-- [ RunTime:0.000658s ]
NOTIC: [2048] Declaration of Home\Model\ChooseModel::union() should be compatible with Think\Model::union($union, $all = false) E:\appserv\www\UCS\DXT\Home\Model\ChooseModel.class.php Á¨¨ 10 Ë°å.
NOTIC: [8192] mysql_connect(): The mysql extension is deprecated and will be removed in the future: use mysqli or PDO instead E:\appserv\www\UCS\ThinkPHP\Library\Think\Db\Driver\Mysql.class.php Á¨¨ 52 Ë°å.
SQL: SHOW COLUMNS FROM `think_choose` [ RunTime:0.000962s ]
ERR: 1146:Table 'thinkphp.think_choose' doesn't exist
 [ SQLËØ≠Âè• ] : SHOW COLUMNS FROM `think_choose`
SQL: SHOW COLUMNS FROM `think_category` [ RunTime:0.002134s ]
SQL: SELECT * FROM `think_category` WHERE ( `subject` = 'ÁªèÊµéÂ≠¶' )  [ RunTime:0.000471s ]
SQL: SHOW COLUMNS FROM `think_major` [ RunTime:0.001044s ]
SQL: SELECT * FROM `think_major` WHERE ( `category_id` = 1 )  [ RunTime:0.001373s ]
NOTIC: [2] Missing argument 2 for Home\Model\ChooseModel::union(), called in E:\appserv\www\UCS\DXT\Home\Controller\IndexController.class.php on line 15 and defined E:\appserv\www\UCS\DXT\Home\Model\ChooseModel.class.php Á¨¨ 39 Ë°å.
SQL: SHOW COLUMNS FROM `think_union` [ RunTime:0.000795s ]
SQL: SHOW COLUMNS FROM `think_base_university` [ RunTime:0.003789s ]
NOTIC: [8] Undefined variable: Page E:\appserv\www\UCS\DXT\Home\Model\ChooseModel.class.php Á¨¨ 44 Ë°å.
NOTIC: [8] Trying to get property of non-object E:\appserv\www\UCS\DXT\Home\Model\ChooseModel.class.php Á¨¨ 44 Ë°å.
NOTIC: [8] Undefined variable: Page E:\appserv\www\UCS\DXT\Home\Model\ChooseModel.class.php Á¨¨ 44 Ë°å.
NOTIC: [8] Trying to get property of non-object E:\appserv\www\UCS\DXT\Home\Model\ChooseModel.class.php Á¨¨ 44 Ë°å.
SQL: SELECT * FROM `think_union` WHERE ( `major_id` = 1 ) LIMIT ,   [ RunTime:0.000152s ]
ERR: 1064:You have an error in your SQL syntax; check the manual that corresponds to your MySQL server version for the right syntax to use near '' at line 1
 [ SQLËØ≠Âè• ] : SELECT * FROM `think_union` WHERE ( `major_id` = 1 ) LIMIT ,  
SQL: SELECT * FROM `think_base_university` WHERE ( `id` = null )  [ RunTime:0.000304s ]
SQL: SHOW COLUMNS FROM `think_choose_univer` [ RunTime:0.000801s ]
ERR: 1146:Table 'thinkphp.think_choose_univer' doesn't exist
 [ SQLËØ≠Âè• ] : SHOW COLUMNS FROM `think_choose_univer`
SQL: SELECT * FROM `think_base_university` WHERE ( `provice` = 'Âåó‰∫¨' )  [ RunTime:0.280474s ]

[ 2017-04-11T11:18:05+08:00 ] ::1 /UCS/index.php/Home/Ajax/ajax.html
INFO: [ app_begin ] --START--
INFO: Run Behavior\ReadHtmlCache [ RunTime:0.000644s ]
INFO: [ app_begin ] --END-- [ RunTime:0.001126s ]
NOTIC: [2048] Declaration of Home\Model\ArticleModel::add() should be compatible with Think\Model::add($data = '', $options = Array, $replace = false) E:\appserv\www\UCS\DXT\Home\Model\ArticleModel.class.php Á¨¨ 10 Ë°å.
NOTIC: [8192] mysql_connect(): The mysql extension is deprecated and will be removed in the future: use mysqli or PDO instead E:\appserv\www\UCS\ThinkPHP\Library\Think\Db\Driver\Mysql.class.php Á¨¨ 52 Ë°å.
SQL: SHOW COLUMNS FROM `think_article` [ RunTime:0.000457s ]
ERR: 1146:Table 'thinkphp.think_article' doesn't exist
 [ SQLËØ≠Âè• ] : SHOW COLUMNS FROM `think_article`
NOTIC: [2] explode() expects parameter 2 to be string, array given E:\appserv\www\UCS\ThinkPHP\Library\Think\Model.class.php Á¨¨ 1390 Ë°å.
SQL: SHOW COLUMNS FROM `` [ RunTime:0.000107s ]
ERR: 1103:Incorrect table name ''
 [ SQLËØ≠Âè• ] : SHOW COLUMNS FROM ``
SQL: SELECT t2.Name,t1.* FROM `think_reply` `t1`,`think_user` `t2` WHERE ( t1.layer_id=t2.id AND t1.post_id=35 AND t1.storey=1 )  [ RunTime:0.049136s ]

[ 2017-04-11T11:18:08+08:00 ] ::1 /UCS/index.php/Home/Ajax/ajax.html
INFO: [ app_begin ] --START--
INFO: Run Behavior\ReadHtmlCache [ RunTime:0.000620s ]
INFO: [ app_begin ] --END-- [ RunTime:0.001156s ]
NOTIC: [2048] Declaration of Home\Model\ArticleModel::add() should be compatible with Think\Model::add($data = '', $options = Array, $replace = false) E:\appserv\www\UCS\DXT\Home\Model\ArticleModel.class.php Á¨¨ 10 Ë°å.
NOTIC: [8192] mysql_connect(): The mysql extension is deprecated and will be removed in the future: use mysqli or PDO instead E:\appserv\www\UCS\ThinkPHP\Library\Think\Db\Driver\Mysql.class.php Á¨¨ 52 Ë°å.
SQL: SHOW COLUMNS FROM `think_article` [ RunTime:0.004658s ]
ERR: 1146:Table 'thinkphp.think_article' doesn't exist
 [ SQLËØ≠Âè• ] : SHOW COLUMNS FROM `think_article`
NOTIC: [2] explode() expects parameter 2 to be string, array given E:\appserv\www\UCS\ThinkPHP\Library\Think\Model.class.php Á¨¨ 1390 Ë°å.
SQL: SHOW COLUMNS FROM `` [ RunTime:0.000138s ]
ERR: 1103:Incorrect table name ''
 [ SQLËØ≠Âè• ] : SHOW COLUMNS FROM ``
SQL: SELECT t2.Name,t1.* FROM `think_reply` `t1`,`think_user` `t2` WHERE ( t1.layer_id=t2.id AND t1.post_id=35 AND t1.storey=1 )  [ RunTime:0.004987s ]

[ 2017-04-11T11:18:45+08:00 ] ::1 /UCS/index.php/Home/Ajax/ajax.html
INFO: [ app_begin ] --START--
INFO: Run Behavior\ReadHtmlCache [ RunTime:0.000611s ]
INFO: [ app_begin ] --END-- [ RunTime:0.001296s ]
NOTIC: [2048] Declaration of Home\Model\ArticleModel::add() should be compatible with Think\Model::add($data = '', $options = Array, $replace = false) E:\appserv\www\UCS\DXT\Home\Model\ArticleModel.class.php Á¨¨ 10 Ë°å.
NOTIC: [8192] mysql_connect(): The mysql extension is deprecated and will be removed in the future: use mysqli or PDO instead E:\appserv\www\UCS\ThinkPHP\Library\Think\Db\Driver\Mysql.class.php Á¨¨ 52 Ë°å.
SQL: SHOW COLUMNS FROM `think_article` [ RunTime:0.000938s ]
ERR: 1146:Table 'thinkphp.think_article' doesn't exist
 [ SQLËØ≠Âè• ] : SHOW COLUMNS FROM `think_article`
NOTIC: [2] explode() expects parameter 2 to be string, array given E:\appserv\www\UCS\ThinkPHP\Library\Think\Model.class.php Á¨¨ 1390 Ë°å.
SQL: SHOW COLUMNS FROM `` [ RunTime:0.000164s ]
ERR: 1103:Incorrect table name ''
 [ SQLËØ≠Âè• ] : SHOW COLUMNS FROM ``
SQL: SELECT t2.Name,t1.* FROM `think_reply` `t1`,`think_user` `t2` WHERE ( t1.layer_id=t2.id AND t1.post_id=34 AND t1.storey=1 )  [ RunTime:0.001442s ]

[ 2017-04-11T11:18:58+08:00 ] ::1 /UCS/index.php/Home/Index/chooseUniver.html
INFO: [ app_begin ] --START--
INFO: Run Behavior\ReadHtmlCache [ RunTime:0.000326s ]
INFO: [ app_begin ] --END-- [ RunTime:0.000606s ]
NOTIC: [2048] Declaration of Home\Model\ChooseModel::union() should be compatible with Think\Model::union($union, $all = false) E:\appserv\www\UCS\DXT\Home\Model\ChooseModel.class.php Á¨¨ 10 Ë°å.
NOTIC: [8192] mysql_connect(): The mysql extension is deprecated and will be removed in the future: use mysqli or PDO instead E:\appserv\www\UCS\ThinkPHP\Library\Think\Db\Driver\Mysql.class.php Á¨¨ 52 Ë°å.
SQL: SHOW COLUMNS FROM `think_choose` [ RunTime:0.000753s ]
ERR: 1146:Table 'thinkphp.think_choose' doesn't exist
 [ SQLËØ≠Âè• ] : SHOW COLUMNS FROM `think_choose`
SQL: SHOW COLUMNS FROM `think_category` [ RunTime:0.000741s ]
SQL: SELECT * FROM `think_category` WHERE ( `subject` = 'ÁªèÊµéÂ≠¶' )  [ RunTime:0.000341s ]
SQL: SHOW COLUMNS FROM `think_major` [ RunTime:0.000621s ]
SQL: SELECT * FROM `think_major` WHERE ( `category_id` = 1 )  [ RunTime:0.003067s ]
NOTIC: [2] Missing argument 2 for Home\Model\ChooseModel::union(), called in E:\appserv\www\UCS\DXT\Home\Controller\IndexController.class.php on line 15 and defined E:\appserv\www\UCS\DXT\Home\Model\ChooseModel.class.php Á¨¨ 39 Ë°å.
SQL: SHOW COLUMNS FROM `think_union` [ RunTime:0.000474s ]
SQL: SHOW COLUMNS FROM `think_base_university` [ RunTime:0.000402s ]
NOTIC: [8] Undefined variable: Page E:\appserv\www\UCS\DXT\Home\Model\ChooseModel.class.php Á¨¨ 44 Ë°å.
NOTIC: [8] Trying to get property of non-object E:\appserv\www\UCS\DXT\Home\Model\ChooseModel.class.php Á¨¨ 44 Ë°å.
NOTIC: [8] Undefined variable: Page E:\appserv\www\UCS\DXT\Home\Model\ChooseModel.class.php Á¨¨ 44 Ë°å.
NOTIC: [8] Trying to get property of non-object E:\appserv\www\UCS\DXT\Home\Model\ChooseModel.class.php Á¨¨ 44 Ë°å.
SQL: SELECT * FROM `think_union` WHERE ( `major_id` = 1 ) LIMIT ,   [ RunTime:0.000076s ]
ERR: 1064:You have an error in your SQL syntax; check the manual that corresponds to your MySQL server version for the right syntax to use near '' at line 1
 [ SQLËØ≠Âè• ] : SELECT * FROM `think_union` WHERE ( `major_id` = 1 ) LIMIT ,  
SQL: SELECT * FROM `think_base_university` WHERE ( `id` = null )  [ RunTime:0.000130s ]
SQL: SHOW COLUMNS FROM `think_choose_univer` [ RunTime:0.000367s ]
ERR: 1146:Table 'thinkphp.think_choose_univer' doesn't exist
 [ SQLËØ≠Âè• ] : SHOW COLUMNS FROM `think_choose_univer`
SQL: SELECT * FROM `think_base_university` WHERE ( `provice` = 'Âåó‰∫¨' )  [ RunTime:0.278858s ]

[ 2017-04-11T11:40:12+08:00 ] ::1 /UCS/index.php/Home/Ajax/ajax.html
INFO: [ app_begin ] --START--
INFO: Run Behavior\ReadHtmlCache [ RunTime:0.000753s ]
INFO: [ app_begin ] --END-- [ RunTime:0.001635s ]
NOTIC: [2048] Declaration of Home\Model\ArticleModel::add() should be compatible with Think\Model::add($data = '', $options = Array, $replace = false) E:\appserv\www\UCS\DXT\Home\Model\ArticleModel.class.php Á¨¨ 10 Ë°å.
NOTIC: [8192] mysql_connect(): The mysql extension is deprecated and will be removed in the future: use mysqli or PDO instead E:\appserv\www\UCS\ThinkPHP\Library\Think\Db\Driver\Mysql.class.php Á¨¨ 52 Ë°å.
SQL: SHOW COLUMNS FROM `think_article` [ RunTime:0.002323s ]
ERR: 1146:Table 'thinkphp.think_article' doesn't exist
 [ SQLËØ≠Âè• ] : SHOW COLUMNS FROM `think_article`
NOTIC: [2] explode() expects parameter 2 to be string, array given E:\appserv\www\UCS\ThinkPHP\Library\Think\Model.class.php Á¨¨ 1390 Ë°å.
SQL: SHOW COLUMNS FROM `` [ RunTime:0.000099s ]
ERR: 1103:Incorrect table name ''
 [ SQLËØ≠Âè• ] : SHOW COLUMNS FROM ``
SQL: SELECT t2.Name,t1.* FROM `think_reply` `t1`,`think_user` `t2` WHERE ( t1.layer_id=t2.id AND t1.post_id=35 AND t1.storey=1 )  [ RunTime:0.038692s ]

[ 2017-04-11T11:40:40+08:00 ] ::1 /UCS/index.php/Home/Ajax/ajax.html
INFO: [ app_begin ] --START--
INFO: Run Behavior\ReadHtmlCache [ RunTime:0.000344s ]
INFO: [ app_begin ] --END-- [ RunTime:0.000654s ]
NOTIC: [2048] Declaration of Home\Model\ArticleModel::add() should be compatible with Think\Model::add($data = '', $options = Array, $replace = false) E:\appserv\www\UCS\DXT\Home\Model\ArticleModel.class.php Á¨¨ 10 Ë°å.
NOTIC: [8192] mysql_connect(): The mysql extension is deprecated and will be removed in the future: use mysqli or PDO instead E:\appserv\www\UCS\ThinkPHP\Library\Think\Db\Driver\Mysql.class.php Á¨¨ 52 Ë°å.
SQL: SHOW COLUMNS FROM `think_article` [ RunTime:0.000531s ]
ERR: 1146:Table 'thinkphp.think_article' doesn't exist
 [ SQLËØ≠Âè• ] : SHOW COLUMNS FROM `think_article`
NOTIC: [2] explode() expects parameter 2 to be string, array given E:\appserv\www\UCS\ThinkPHP\Library\Think\Model.class.php Á¨¨ 1390 Ë°å.
SQL: SHOW COLUMNS FROM `` [ RunTime:0.000129s ]
ERR: 1103:Incorrect table name ''
 [ SQLËØ≠Âè• ] : SHOW COLUMNS FROM ``
SQL: SELECT t2.Name,t1.* FROM `think_reply` `t1`,`think_user` `t2` WHERE ( t1.layer_id=t2.id AND t1.post_id=35 AND t1.storey=1 )  [ RunTime:0.003604s ]

[ 2017-04-11T11:40:41+08:00 ] ::1 /UCS/index.php/Home/Ajax/ajax.html
INFO: [ app_begin ] --START--
INFO: Run Behavior\ReadHtmlCache [ RunTime:0.000538s ]
INFO: [ app_begin ] --END-- [ RunTime:0.001021s ]
NOTIC: [2048] Declaration of Home\Model\ArticleModel::add() should be compatible with Think\Model::add($data = '', $options = Array, $replace = false) E:\appserv\www\UCS\DXT\Home\Model\ArticleModel.class.php Á¨¨ 10 Ë°å.
NOTIC: [8192] mysql_connect(): The mysql extension is deprecated and will be removed in the future: use mysqli or PDO instead E:\appserv\www\UCS\ThinkPHP\Library\Think\Db\Driver\Mysql.class.php Á¨¨ 52 Ë°å.
SQL: SHOW COLUMNS FROM `think_article` [ RunTime:0.000543s ]
ERR: 1146:Table 'thinkphp.think_article' doesn't exist
 [ SQLËØ≠Âè• ] : SHOW COLUMNS FROM `think_article`
NOTIC: [2] explode() expects parameter 2 to be string, array given E:\appserv\www\UCS\ThinkPHP\Library\Think\Model.class.php Á¨¨ 1390 Ë°å.
SQL: SHOW COLUMNS FROM `` [ RunTime:0.000127s ]
ERR: 1103:Incorrect table name ''
 [ SQLËØ≠Âè• ] : SHOW COLUMNS FROM ``
SQL: SELECT t2.Name,t1.* FROM `think_reply` `t1`,`think_user` `t2` WHERE ( t1.layer_id=t2.id AND t1.post_id=35 AND t1.storey=2 )  [ RunTime:0.000330s ]

[ 2017-04-11T19:13:08+08:00 ] ::1 /UCS/index.php/Home/Index/chooseUniver.html
INFO: [ app_begin ] --START--
INFO: Run Behavior\ReadHtmlCache [ RunTime:0.000330s ]
INFO: [ app_begin ] --END-- [ RunTime:0.000568s ]
NOTIC: [2048] Declaration of Home\Model\ChooseModel::union() should be compatible with Think\Model::union($union, $all = false) E:\appserv\www\UCS\DXT\Home\Model\ChooseModel.class.php Á¨¨ 10 Ë°å.
NOTIC: [8192] mysql_connect(): The mysql extension is deprecated and will be removed in the future: use mysqli or PDO instead E:\appserv\www\UCS\ThinkPHP\Library\Think\Db\Driver\Mysql.class.php Á¨¨ 52 Ë°å.
SQL: SHOW COLUMNS FROM `think_choose` [ RunTime:0.000489s ]
ERR: 1146:Table 'thinkphp.think_choose' doesn't exist
 [ SQLËØ≠Âè• ] : SHOW COLUMNS FROM `think_choose`
SQL: SHOW COLUMNS FROM `think_category` [ RunTime:0.000407s ]
SQL: SELECT * FROM `think_category` WHERE ( `subject` = 'ÁªèÊµéÂ≠¶' )  [ RunTime:0.000251s ]
SQL: SHOW COLUMNS FROM `think_major` [ RunTime:0.000412s ]
SQL: SELECT * FROM `think_major` WHERE ( `category_id` = 1 )  [ RunTime:0.000692s ]
NOTIC: [2] Missing argument 2 for Home\Model\ChooseModel::union(), called in E:\appserv\www\UCS\DXT\Home\Controller\IndexController.class.php on line 15 and defined E:\appserv\www\UCS\DXT\Home\Model\ChooseModel.class.php Á¨¨ 39 Ë°å.
SQL: SHOW COLUMNS FROM `think_union` [ RunTime:0.000376s ]
SQL: SHOW COLUMNS FROM `think_base_university` [ RunTime:0.000440s ]
NOTIC: [8] Undefined variable: Page E:\appserv\www\UCS\DXT\Home\Model\ChooseModel.class.php Á¨¨ 44 Ë°å.
NOTIC: [8] Trying to get property of non-object E:\appserv\www\UCS\DXT\Home\Model\ChooseModel.class.php Á¨¨ 44 Ë°å.
NOTIC: [8] Undefined variable: Page E:\appserv\www\UCS\DXT\Home\Model\ChooseModel.class.php Á¨¨ 44 Ë°å.
NOTIC: [8] Trying to get property of non-object E:\appserv\www\UCS\DXT\Home\Model\ChooseModel.class.php Á¨¨ 44 Ë°å.
SQL: SELECT * FROM `think_union` WHERE ( `major_id` = 1 ) LIMIT ,   [ RunTime:0.000153s ]
ERR: 1064:You have an error in your SQL syntax; check the manual that corresponds to your MySQL server version for the right syntax to use near '' at line 1
 [ SQLËØ≠Âè• ] : SELECT * FROM `think_union` WHERE ( `major_id` = 1 ) LIMIT ,  
SQL: SELECT * FROM `think_base_university` WHERE ( `id` = null )  [ RunTime:0.000180s ]
SQL: SHOW COLUMNS FROM `think_choose_univer` [ RunTime:0.028264s ]
ERR: 1146:Table 'thinkphp.think_choose_univer' doesn't exist
 [ SQLËØ≠Âè• ] : SHOW COLUMNS FROM `think_choose_univer`
SQL: SELECT * FROM `think_base_university` WHERE ( `provice` = 'Âåó‰∫¨' )  [ RunTime:1.764389s ]

[ 2017-04-11T19:27:48+08:00 ] ::1 /UCS/index.php/Home/Index/chooseUniver.html
INFO: [ app_begin ] --START--
INFO: Run Behavior\ReadHtmlCache [ RunTime:0.000411s ]
INFO: [ app_begin ] --END-- [ RunTime:0.000875s ]
NOTIC: [2048] Declaration of Home\Model\ChooseModel::union() should be compatible with Think\Model::union($union, $all = false) E:\appserv\www\UCS\DXT\Home\Model\ChooseModel.class.php Á¨¨ 10 Ë°å.
NOTIC: [8192] mysql_connect(): The mysql extension is deprecated and will be removed in the future: use mysqli or PDO instead E:\appserv\www\UCS\ThinkPHP\Library\Think\Db\Driver\Mysql.class.php Á¨¨ 52 Ë°å.
SQL: SHOW COLUMNS FROM `think_choose` [ RunTime:0.000464s ]
ERR: 1146:Table 'thinkphp.think_choose' doesn't exist
 [ SQLËØ≠Âè• ] : SHOW COLUMNS FROM `think_choose`
SQL: SHOW COLUMNS FROM `think_category` [ RunTime:0.000348s ]
SQL: SELECT * FROM `think_category` WHERE ( `subject` = 'ÁªèÊµéÂ≠¶' )  [ RunTime:0.000213s ]
SQL: SHOW COLUMNS FROM `think_major` [ RunTime:0.000389s ]
SQL: SELECT * FROM `think_major` WHERE ( `category_id` = 1 )  [ RunTime:0.000624s ]
NOTIC: [2] Missing argument 2 for Home\Model\ChooseModel::union(), called in E:\appserv\www\UCS\DXT\Home\Controller\IndexController.class.php on line 15 and defined E:\appserv\www\UCS\DXT\Home\Model\ChooseModel.class.php Á¨¨ 39 Ë°å.
SQL: SHOW COLUMNS FROM `think_union` [ RunTime:0.000298s ]
SQL: SHOW COLUMNS FROM `think_base_university` [ RunTime:0.000325s ]
NOTIC: [8] Undefined variable: Page E:\appserv\www\UCS\DXT\Home\Model\ChooseModel.class.php Á¨¨ 44 Ë°å.
NOTIC: [8] Trying to get property of non-object E:\appserv\www\UCS\DXT\Home\Model\ChooseModel.class.php Á¨¨ 44 Ë°å.
NOTIC: [8] Undefined variable: Page E:\appserv\www\UCS\DXT\Home\Model\ChooseModel.class.php Á¨¨ 44 Ë°å.
NOTIC: [8] Trying to get property of non-object E:\appserv\www\UCS\DXT\Home\Model\ChooseModel.class.php Á¨¨ 44 Ë°å.
SQL: SELECT * FROM `think_union` WHERE ( `major_id` = 1 ) LIMIT ,   [ RunTime:0.000067s ]
ERR: 1064:You have an error in your SQL syntax; check the manual that corresponds to your MySQL server version for the right syntax to use near '' at line 1
 [ SQLËØ≠Âè• ] : SELECT * FROM `think_union` WHERE ( `major_id` = 1 ) LIMIT ,  
SQL: SELECT * FROM `think_base_university` WHERE ( `id` = null )  [ RunTime:0.000117s ]
SQL: SHOW COLUMNS FROM `think_choose_univer` [ RunTime:0.002375s ]
ERR: 1146:Table 'thinkphp.think_choose_univer' doesn't exist
 [ SQLËØ≠Âè• ] : SHOW COLUMNS FROM `think_choose_univer`
SQL: SELECT * FROM `think_base_university` WHERE ( `provice` = 'Âåó‰∫¨' )  [ RunTime:0.369861s ]

[ 2017-04-11T19:28:04+08:00 ] ::1 /UCS/index.php/Home/Cn/univerDesc.html
INFO: [ app_begin ] --START--
INFO: Run Behavior\ReadHtmlCache [ RunTime:0.000527s ]
INFO: [ app_begin ] --END-- [ RunTime:0.000912s ]
NOTIC: [2048] Declaration of Home\Model\UniversityModel::select() should be compatible with Think\Model::select($options = Array) E:\appserv\www\UCS\DXT\Home\Model\UniversityModel.class.php Á¨¨ 10 Ë°å.
NOTIC: [8192] mysql_connect(): The mysql extension is deprecated and will be removed in the future: use mysqli or PDO instead E:\appserv\www\UCS\ThinkPHP\Library\Think\Db\Driver\Mysql.class.php Á¨¨ 52 Ë°å.
SQL: SHOW COLUMNS FROM `think_university` [ RunTime:0.000733s ]
ERR: 1146:Table 'thinkphp.think_university' doesn't exist
 [ SQLËØ≠Âè• ] : SHOW COLUMNS FROM `think_university`
NOTIC: [2] explode() expects parameter 2 to be string, array given E:\appserv\www\UCS\ThinkPHP\Library\Think\Model.class.php Á¨¨ 1390 Ë°å.
SQL: SHOW COLUMNS FROM `` [ RunTime:0.000179s ]
ERR: 1103:Incorrect table name ''
 [ SQLËØ≠Âè• ] : SHOW COLUMNS FROM ``
SQL: SELECT a.id,a.one_year,b.first_year,a.two_year,b.second_year,a.three_year,b.thid_year FROM `think_admission` `a`,`think_under_score` `b` WHERE ( a.order=b.stu_order AND a.orgin=b.stu_orgin AND a.subject=b.stu_subject ) AND ( a.order = '1' ) AND ( a.orgin = 'Ê≤≥Âçó' ) AND ( a.subject = '' ) AND ( a.id = '5' )  [ RunTime:0.940896s ]

[ 2017-04-11T19:28:14+08:00 ] ::1 /UCS/index.php/Home/Cn/univerDesc.html
INFO: [ app_begin ] --START--
INFO: Run Behavior\ReadHtmlCache [ RunTime:0.000346s ]
INFO: [ app_begin ] --END-- [ RunTime:0.000662s ]
NOTIC: [2048] Declaration of Home\Model\UniversityModel::select() should be compatible with Think\Model::select($options = Array) E:\appserv\www\UCS\DXT\Home\Model\UniversityModel.class.php Á¨¨ 10 Ë°å.
NOTIC: [8192] mysql_connect(): The mysql extension is deprecated and will be removed in the future: use mysqli or PDO instead E:\appserv\www\UCS\ThinkPHP\Library\Think\Db\Driver\Mysql.class.php Á¨¨ 52 Ë°å.
SQL: SHOW COLUMNS FROM `think_university` [ RunTime:0.000475s ]
ERR: 1146:Table 'thinkphp.think_university' doesn't exist
 [ SQLËØ≠Âè• ] : SHOW COLUMNS FROM `think_university`
NOTIC: [2] explode() expects parameter 2 to be string, array given E:\appserv\www\UCS\ThinkPHP\Library\Think\Model.class.php Á¨¨ 1390 Ë°å.
SQL: SHOW COLUMNS FROM `` [ RunTime:0.000125s ]
ERR: 1103:Incorrect table name ''
 [ SQLËØ≠Âè• ] : SHOW COLUMNS FROM ``
SQL: SELECT a.id,a.one_year,b.first_year,a.two_year,b.second_year,a.three_year,b.thid_year FROM `think_admission` `a`,`think_under_score` `b` WHERE ( a.order=b.stu_order AND a.orgin=b.stu_orgin AND a.subject=b.stu_subject ) AND ( a.order = '1' ) AND ( a.orgin = 'Ê≤≥Âçó' ) AND ( a.subject = '' ) AND ( a.id = '5' )  [ RunTime:0.001296s ]

[ 2017-04-11T19:35:08+08:00 ] ::1 /UCS/index.php/Home/Cn/univerDesc.html
INFO: [ app_begin ] --START--
INFO: Run Behavior\ReadHtmlCache [ RunTime:0.000566s ]
INFO: [ app_begin ] --END-- [ RunTime:0.001072s ]
NOTIC: [2048] Declaration of Home\Model\UniversityModel::select() should be compatible with Think\Model::select($options = Array) E:\appserv\www\UCS\DXT\Home\Model\UniversityModel.class.php Á¨¨ 10 Ë°å.
NOTIC: [8192] mysql_connect(): The mysql extension is deprecated and will be removed in the future: use mysqli or PDO instead E:\appserv\www\UCS\ThinkPHP\Library\Think\Db\Driver\Mysql.class.php Á¨¨ 52 Ë°å.
SQL: SHOW COLUMNS FROM `think_university` [ RunTime:0.000986s ]
ERR: 1146:Table 'thinkphp.think_university' doesn't exist
 [ SQLËØ≠Âè• ] : SHOW COLUMNS FROM `think_university`
NOTIC: [2] explode() expects parameter 2 to be string, array given E:\appserv\www\UCS\ThinkPHP\Library\Think\Model.class.php Á¨¨ 1390 Ë°å.
SQL: SHOW COLUMNS FROM `` [ RunTime:0.000203s ]
ERR: 1103:Incorrect table name ''
 [ SQLËØ≠Âè• ] : SHOW COLUMNS FROM ``
SQL: SELECT a.id,a.one_year,b.first_year,a.two_year,b.second_year,a.three_year,b.thid_year FROM `think_admission` `a`,`think_under_score` `b` WHERE ( a.order=b.stu_order AND a.orgin=b.stu_orgin AND a.subject=b.stu_subject ) AND ( a.order = '1' ) AND ( a.orgin = 'Ê≤≥Âçó' ) AND ( a.subject = '' ) AND ( a.id = '5' )  [ RunTime:0.024071s ]

[ 2017-04-11T19:36:03+08:00 ] ::1 /UCS/index.php/Home/Cn/univerDesc.html
INFO: [ app_begin ] --START--
INFO: Run Behavior\ReadHtmlCache [ RunTime:0.000680s ]
INFO: [ app_begin ] --END-- [ RunTime:0.001150s ]
NOTIC: [2048] Declaration of Home\Model\UniversityModel::select() should be compatible with Think\Model::select($options = Array) E:\appserv\www\UCS\DXT\Home\Model\UniversityModel.class.php Á¨¨ 10 Ë°å.
NOTIC: [8192] mysql_connect(): The mysql extension is deprecated and will be removed in the future: use mysqli or PDO instead E:\appserv\www\UCS\ThinkPHP\Library\Think\Db\Driver\Mysql.class.php Á¨¨ 52 Ë°å.
SQL: SHOW COLUMNS FROM `think_university` [ RunTime:0.013826s ]
ERR: 1146:Table 'thinkphp.think_university' doesn't exist
 [ SQLËØ≠Âè• ] : SHOW COLUMNS FROM `think_university`
NOTIC: [2] explode() expects parameter 2 to be string, array given E:\appserv\www\UCS\ThinkPHP\Library\Think\Model.class.php Á¨¨ 1390 Ë°å.
SQL: SHOW COLUMNS FROM `` [ RunTime:0.000099s ]
ERR: 1103:Incorrect table name ''
 [ SQLËØ≠Âè• ] : SHOW COLUMNS FROM ``
SQL: SELECT a.id,a.one_year,b.first_year,a.two_year,b.second_year,a.three_year,b.thid_year FROM `think_admission` `a`,`think_under_score` `b` WHERE ( a.order=b.stu_order AND a.orgin=b.stu_orgin AND a.subject=b.stu_subject ) AND ( a.order = '1' ) AND ( a.orgin = 'Ê≤≥Âçó' ) AND ( a.subject = '' ) AND ( a.id = '5' )  [ RunTime:0.048575s ]

[ 2017-04-11T19:36:48+08:00 ] ::1 /UCS/index.php/Home/Cn/univerDesc.html
INFO: [ app_begin ] --START--
INFO: Run Behavior\ReadHtmlCache [ RunTime:0.000513s ]
INFO: [ app_begin ] --END-- [ RunTime:0.000936s ]
NOTIC: [2048] Declaration of Home\Model\UniversityModel::select() should be compatible with Think\Model::select($options = Array) E:\appserv\www\UCS\DXT\Home\Model\UniversityModel.class.php Á¨¨ 10 Ë°å.
NOTIC: [8192] mysql_connect(): The mysql extension is deprecated and will be removed in the future: use mysqli or PDO instead E:\appserv\www\UCS\ThinkPHP\Library\Think\Db\Driver\Mysql.class.php Á¨¨ 52 Ë°å.
SQL: SHOW COLUMNS FROM `think_university` [ RunTime:0.001034s ]
ERR: 1146:Table 'thinkphp.think_university' doesn't exist
 [ SQLËØ≠Âè• ] : SHOW COLUMNS FROM `think_university`
NOTIC: [2] explode() expects parameter 2 to be string, array given E:\appserv\www\UCS\ThinkPHP\Library\Think\Model.class.php Á¨¨ 1390 Ë°å.
SQL: SHOW COLUMNS FROM `` [ RunTime:0.000158s ]
ERR: 1103:Incorrect table name ''
 [ SQLËØ≠Âè• ] : SHOW COLUMNS FROM ``
SQL: SELECT a.id,a.one_year,b.first_year,a.two_year,b.second_year,a.three_year,b.thid_year FROM `think_admission` `a`,`think_under_score` `b` WHERE ( a.order=b.stu_order AND a.orgin=b.stu_orgin AND a.subject=b.stu_subject ) AND ( a.order = '1' ) AND ( a.orgin = 'Ê≤≥Âçó' ) AND ( a.subject = '' ) AND ( a.id = '5' )  [ RunTime:0.002604s ]

[ 2017-04-11T19:37:18+08:00 ] ::1 /UCS/index.php/Home/Cn/univerDesc.html
INFO: [ app_begin ] --START--
INFO: Run Behavior\ReadHtmlCache [ RunTime:0.000646s ]
INFO: [ app_begin ] --END-- [ RunTime:0.001181s ]
NOTIC: [2048] Declaration of Home\Model\UniversityModel::select() should be compatible with Think\Model::select($options = Array) E:\appserv\www\UCS\DXT\Home\Model\UniversityModel.class.php Á¨¨ 10 Ë°å.
NOTIC: [8192] mysql_connect(): The mysql extension is deprecated and will be removed in the future: use mysqli or PDO instead E:\appserv\www\UCS\ThinkPHP\Library\Think\Db\Driver\Mysql.class.php Á¨¨ 52 Ë°å.
SQL: SHOW COLUMNS FROM `think_university` [ RunTime:0.001267s ]
ERR: 1146:Table 'thinkphp.think_university' doesn't exist
 [ SQLËØ≠Âè• ] : SHOW COLUMNS FROM `think_university`
NOTIC: [2] explode() expects parameter 2 to be string, array given E:\appserv\www\UCS\ThinkPHP\Library\Think\Model.class.php Á¨¨ 1390 Ë°å.
SQL: SHOW COLUMNS FROM `` [ RunTime:0.000200s ]
ERR: 1103:Incorrect table name ''
 [ SQLËØ≠Âè• ] : SHOW COLUMNS FROM ``
SQL: SELECT a.id,a.one_year,b.first_year,a.two_year,b.second_year,a.three_year,b.thid_year FROM `think_admission` `a`,`think_under_score` `b` WHERE ( a.order=b.stu_order AND a.orgin=b.stu_orgin AND a.subject=b.stu_subject ) AND ( a.order = '1' ) AND ( a.orgin = 'Ê≤≥Âçó' ) AND ( a.subject = '' ) AND ( a.id = '5' )  [ RunTime:0.075465s ]

[ 2017-04-11T19:37:51+08:00 ] ::1 /UCS/index.php/Home/Cn/univerDesc.html
INFO: [ app_begin ] --START--
INFO: Run Behavior\ReadHtmlCache [ RunTime:0.000561s ]
INFO: [ app_begin ] --END-- [ RunTime:0.001070s ]
NOTIC: [2048] Declaration of Home\Model\UniversityModel::select() should be compatible with Think\Model::select($options = Array) E:\appserv\www\UCS\DXT\Home\Model\UniversityModel.class.php Á¨¨ 10 Ë°å.
NOTIC: [8192] mysql_connect(): The mysql extension is deprecated and will be removed in the future: use mysqli or PDO instead E:\appserv\www\UCS\ThinkPHP\Library\Think\Db\Driver\Mysql.class.php Á¨¨ 52 Ë°å.
SQL: SHOW COLUMNS FROM `think_university` [ RunTime:0.000828s ]
ERR: 1146:Table 'thinkphp.think_university' doesn't exist
 [ SQLËØ≠Âè• ] : SHOW COLUMNS FROM `think_university`
NOTIC: [2] explode() expects parameter 2 to be string, array given E:\appserv\www\UCS\ThinkPHP\Library\Think\Model.class.php Á¨¨ 1390 Ë°å.
SQL: SHOW COLUMNS FROM `` [ RunTime:0.000140s ]
ERR: 1103:Incorrect table name ''
 [ SQLËØ≠Âè• ] : SHOW COLUMNS FROM ``
SQL: SELECT a.id,a.one_year,b.first_year,a.two_year,b.second_year,a.three_year,b.thid_year FROM `think_admission` `a`,`think_under_score` `b` WHERE ( a.order=b.stu_order AND a.orgin=b.stu_orgin AND a.subject=b.stu_subject ) AND ( a.order = '1' ) AND ( a.orgin = 'Ê≤≥Âçó' ) AND ( a.subject = '' ) AND ( a.id = '5' )  [ RunTime:0.012803s ]

[ 2017-04-11T19:37:53+08:00 ] ::1 /UCS/index.php/Home/Cn/univerDesc.html
INFO: [ app_begin ] --START--
INFO: Run Behavior\ReadHtmlCache [ RunTime:0.000626s ]
INFO: [ app_begin ] --END-- [ RunTime:0.001175s ]
NOTIC: [2048] Declaration of Home\Model\UniversityModel::select() should be compatible with Think\Model::select($options = Array) E:\appserv\www\UCS\DXT\Home\Model\UniversityModel.class.php Á¨¨ 10 Ë°å.
NOTIC: [8192] mysql_connect(): The mysql extension is deprecated and will be removed in the future: use mysqli or PDO instead E:\appserv\www\UCS\ThinkPHP\Library\Think\Db\Driver\Mysql.class.php Á¨¨ 52 Ë°å.
SQL: SHOW COLUMNS FROM `think_university` [ RunTime:0.001799s ]
ERR: 1146:Table 'thinkphp.think_university' doesn't exist
 [ SQLËØ≠Âè• ] : SHOW COLUMNS FROM `think_university`
NOTIC: [2] explode() expects parameter 2 to be string, array given E:\appserv\www\UCS\ThinkPHP\Library\Think\Model.class.php Á¨¨ 1390 Ë°å.
SQL: SHOW COLUMNS FROM `` [ RunTime:0.000242s ]
ERR: 1103:Incorrect table name ''
 [ SQLËØ≠Âè• ] : SHOW COLUMNS FROM ``
SQL: SELECT a.id,a.one_year,b.first_year,a.two_year,b.second_year,a.three_year,b.thid_year FROM `think_admission` `a`,`think_under_score` `b` WHERE ( a.order=b.stu_order AND a.orgin=b.stu_orgin AND a.subject=b.stu_subject ) AND ( a.order = '1' ) AND ( a.orgin = 'Ê≤≥Âçó' ) AND ( a.subject = '' ) AND ( a.id = '5' )  [ RunTime:0.002634s ]

[ 2017-04-11T19:38:13+08:00 ] ::1 /UCS/index.php/Home/Cn/univerDesc.html
INFO: [ app_begin ] --START--
INFO: Run Behavior\ReadHtmlCache [ RunTime:0.000559s ]
INFO: [ app_begin ] --END-- [ RunTime:0.001127s ]
NOTIC: [2048] Declaration of Home\Model\UniversityModel::select() should be compatible with Think\Model::select($options = Array) E:\appserv\www\UCS\DXT\Home\Model\UniversityModel.class.php Á¨¨ 10 Ë°å.
NOTIC: [8192] mysql_connect(): The mysql extension is deprecated and will be removed in the future: use mysqli or PDO instead E:\appserv\www\UCS\ThinkPHP\Library\Think\Db\Driver\Mysql.class.php Á¨¨ 52 Ë°å.
SQL: SHOW COLUMNS FROM `think_university` [ RunTime:0.001991s ]
ERR: 1146:Table 'thinkphp.think_university' doesn't exist
 [ SQLËØ≠Âè• ] : SHOW COLUMNS FROM `think_university`
NOTIC: [2] explode() expects parameter 2 to be string, array given E:\appserv\www\UCS\ThinkPHP\Library\Think\Model.class.php Á¨¨ 1390 Ë°å.
SQL: SHOW COLUMNS FROM `` [ RunTime:0.000121s ]
ERR: 1103:Incorrect table name ''
 [ SQLËØ≠Âè• ] : SHOW COLUMNS FROM ``
SQL: SELECT a.id,a.one_year,b.first_year,a.two_year,b.second_year,a.three_year,b.thid_year FROM `think_admission` `a`,`think_under_score` `b` WHERE ( a.order=b.stu_order AND a.orgin=b.stu_orgin AND a.subject=b.stu_subject ) AND ( a.order = '1' ) AND ( a.orgin = 'Ê≤≥Âçó' ) AND ( a.subject = '' ) AND ( a.id = '5' )  [ RunTime:0.000528s ]

[ 2017-04-11T19:38:24+08:00 ] ::1 /UCS/index.php/Home/Cn/univerDesc.html
INFO: [ app_begin ] --START--
INFO: Run Behavior\ReadHtmlCache [ RunTime:0.000510s ]
INFO: [ app_begin ] --END-- [ RunTime:0.000951s ]
NOTIC: [2048] Declaration of Home\Model\UniversityModel::select() should be compatible with Think\Model::select($options = Array) E:\appserv\www\UCS\DXT\Home\Model\UniversityModel.class.php Á¨¨ 10 Ë°å.
NOTIC: [8192] mysql_connect(): The mysql extension is deprecated and will be removed in the future: use mysqli or PDO instead E:\appserv\www\UCS\ThinkPHP\Library\Think\Db\Driver\Mysql.class.php Á¨¨ 52 Ë°å.
SQL: SHOW COLUMNS FROM `think_university` [ RunTime:0.000759s ]
ERR: 1146:Table 'thinkphp.think_university' doesn't exist
 [ SQLËØ≠Âè• ] : SHOW COLUMNS FROM `think_university`
NOTIC: [2] explode() expects parameter 2 to be string, array given E:\appserv\www\UCS\ThinkPHP\Library\Think\Model.class.php Á¨¨ 1390 Ë°å.
SQL: SHOW COLUMNS FROM `` [ RunTime:0.000159s ]
ERR: 1103:Incorrect table name ''
 [ SQLËØ≠Âè• ] : SHOW COLUMNS FROM ``
SQL: SELECT a.id,a.one_year,b.first_year,a.two_year,b.second_year,a.three_year,b.thid_year FROM `think_admission` `a`,`think_under_score` `b` WHERE ( a.order=b.stu_order AND a.orgin=b.stu_orgin AND a.subject=b.stu_subject ) AND ( a.order = '1' ) AND ( a.orgin = 'Ê≤≥Âçó' ) AND ( a.subject = '' ) AND ( a.id = '5' )  [ RunTime:0.000587s ]

[ 2017-04-11T19:38:57+08:00 ] ::1 /UCS/index.php/Home/Cn/univerDesc.html
INFO: [ app_begin ] --START--
INFO: Run Behavior\ReadHtmlCache [ RunTime:0.000570s ]
INFO: [ app_begin ] --END-- [ RunTime:0.001086s ]
NOTIC: [2048] Declaration of Home\Model\UniversityModel::select() should be compatible with Think\Model::select($options = Array) E:\appserv\www\UCS\DXT\Home\Model\UniversityModel.class.php Á¨¨ 10 Ë°å.
NOTIC: [8192] mysql_connect(): The mysql extension is deprecated and will be removed in the future: use mysqli or PDO instead E:\appserv\www\UCS\ThinkPHP\Library\Think\Db\Driver\Mysql.class.php Á¨¨ 52 Ë°å.
SQL: SHOW COLUMNS FROM `think_university` [ RunTime:0.000814s ]
ERR: 1146:Table 'thinkphp.think_university' doesn't exist
 [ SQLËØ≠Âè• ] : SHOW COLUMNS FROM `think_university`
NOTIC: [2] explode() expects parameter 2 to be string, array given E:\appserv\www\UCS\ThinkPHP\Library\Think\Model.class.php Á¨¨ 1390 Ë°å.
SQL: SHOW COLUMNS FROM `` [ RunTime:0.000148s ]
ERR: 1103:Incorrect table name ''
 [ SQLËØ≠Âè• ] : SHOW COLUMNS FROM ``
SQL: SELECT a.id,a.one_year,b.first_year,a.two_year,b.second_year,a.three_year,b.thid_year FROM `think_admission` `a`,`think_under_score` `b` WHERE ( a.order=b.stu_order AND a.orgin=b.stu_orgin AND a.subject=b.stu_subject ) AND ( a.order = '1' ) AND ( a.orgin = 'Ê≤≥Âçó' ) AND ( a.subject = '' ) AND ( a.id = '5' )  [ RunTime:0.000435s ]

[ 2017-04-11T19:47:57+08:00 ] ::1 /UCS/index.php/Home/Index/chooseUniver.html
INFO: [ app_begin ] --START--
INFO: Run Behavior\ReadHtmlCache [ RunTime:0.000821s ]
INFO: [ app_begin ] --END-- [ RunTime:0.001454s ]
NOTIC: [2048] Declaration of Home\Model\ChooseModel::union() should be compatible with Think\Model::union($union, $all = false) E:\appserv\www\UCS\DXT\Home\Model\ChooseModel.class.php Á¨¨ 10 Ë°å.
NOTIC: [8192] mysql_connect(): The mysql extension is deprecated and will be removed in the future: use mysqli or PDO instead E:\appserv\www\UCS\ThinkPHP\Library\Think\Db\Driver\Mysql.class.php Á¨¨ 52 Ë°å.
SQL: SHOW COLUMNS FROM `think_choose` [ RunTime:0.001218s ]
ERR: 1146:Table 'thinkphp.think_choose' doesn't exist
 [ SQLËØ≠Âè• ] : SHOW COLUMNS FROM `think_choose`
SQL: SHOW COLUMNS FROM `think_category` [ RunTime:0.000780s ]
SQL: SELECT * FROM `think_category` WHERE ( `subject` = 'ÁªèÊµéÂ≠¶' )  [ RunTime:0.000480s ]
SQL: SHOW COLUMNS FROM `think_major` [ RunTime:0.000777s ]
SQL: SELECT * FROM `think_major` WHERE ( `category_id` = 1 )  [ RunTime:0.001126s ]
NOTIC: [2] Missing argument 2 for Home\Model\ChooseModel::union(), called in E:\appserv\www\UCS\DXT\Home\Controller\IndexController.class.php on line 15 and defined E:\appserv\www\UCS\DXT\Home\Model\ChooseModel.class.php Á¨¨ 39 Ë°å.
SQL: SHOW COLUMNS FROM `think_union` [ RunTime:0.005963s ]
SQL: SHOW COLUMNS FROM `think_base_university` [ RunTime:0.000886s ]
NOTIC: [8] Undefined variable: Page E:\appserv\www\UCS\DXT\Home\Model\ChooseModel.class.php Á¨¨ 44 Ë°å.
NOTIC: [8] Trying to get property of non-object E:\appserv\www\UCS\DXT\Home\Model\ChooseModel.class.php Á¨¨ 44 Ë°å.
NOTIC: [8] Undefined variable: Page E:\appserv\www\UCS\DXT\Home\Model\ChooseModel.class.php Á¨¨ 44 Ë°å.
NOTIC: [8] Trying to get property of non-object E:\appserv\www\UCS\DXT\Home\Model\ChooseModel.class.php Á¨¨ 44 Ë°å.
SQL: SELECT * FROM `think_union` WHERE ( `major_id` = 1 ) LIMIT ,   [ RunTime:0.000193s ]
ERR: 1064:You have an error in your SQL syntax; check the manual that corresponds to your MySQL server version for the right syntax to use near '' at line 1
 [ SQLËØ≠Âè• ] : SELECT * FROM `think_union` WHERE ( `major_id` = 1 ) LIMIT ,  
SQL: SELECT * FROM `think_base_university` WHERE ( `id` = null )  [ RunTime:0.000333s ]
SQL: SHOW COLUMNS FROM `think_choose_univer` [ RunTime:0.000673s ]
ERR: 1146:Table 'thinkphp.think_choose_univer' doesn't exist
 [ SQLËØ≠Âè• ] : SHOW COLUMNS FROM `think_choose_univer`
SQL: SELECT * FROM `think_base_university` WHERE ( `provice` = 'Âåó‰∫¨' )  [ RunTime:0.579689s ]

