[ 2017-04-14T15:18:38+08:00 ] ::1 /UCS/index.php/Home
ERR: _STORAGE_WRITE_ERROR_:./DXT/Runtime/Cache/Home/8b6b41bc101a0b29ffb8b68085e90f3c.php

[ 2017-04-14T15:18:38+08:00 ] ::1 /UCS/index.php/Home
ERR: _STORAGE_WRITE_ERROR_:./DXT/Runtime/Cache/Home/8b6b41bc101a0b29ffb8b68085e90f3c.php

[ 2017-04-14T15:18:45+08:00 ] ::1 /UCS/index.php/Home
ERR: _STORAGE_WRITE_ERROR_:./DXT/Runtime/Cache/Home/8b6b41bc101a0b29ffb8b68085e90f3c.php

[ 2017-04-14T15:19:46+08:00 ] ::1 /UCS/index.php/Home
ERR: _STORAGE_WRITE_ERROR_:./DXT/Runtime/Cache/Home/8b6b41bc101a0b29ffb8b68085e90f3c.php

[ 2017-04-14T15:19:52+08:00 ] ::1 /UCS/index.php/Home
ERR: _STORAGE_WRITE_ERROR_:./DXT/Runtime/Cache/Home/8b6b41bc101a0b29ffb8b68085e90f3c.php

[ 2017-04-14T15:22:19+08:00 ] ::1 /UCS/index.php/Home
ERR: _STORAGE_WRITE_ERROR_:./DXT/Runtime/Cache/Home/8b6b41bc101a0b29ffb8b68085e90f3c.php

[ 2017-04-14T15:22:19+08:00 ] ::1 /UCS/index.php/Home
ERR: _STORAGE_WRITE_ERROR_:./DXT/Runtime/Cache/Home/8b6b41bc101a0b29ffb8b68085e90f3c.php

[ 2017-04-14T15:22:19+08:00 ] ::1 /UCS/index.php/Home
ERR: _STORAGE_WRITE_ERROR_:./DXT/Runtime/Cache/Home/8b6b41bc101a0b29ffb8b68085e90f3c.php

[ 2017-04-14T15:22:21+08:00 ] ::1 /UCS/index.php/Home
ERR: _STORAGE_WRITE_ERROR_:./DXT/Runtime/Cache/Home/8b6b41bc101a0b29ffb8b68085e90f3c.php

[ 2017-04-14T15:22:25+08:00 ] ::1 /UCS/index.php/Home
ERR: _STORAGE_WRITE_ERROR_:./DXT/Runtime/Cache/Home/8b6b41bc101a0b29ffb8b68085e90f3c.php

[ 2017-04-14T15:22:32+08:00 ] ::1 /UCS/index.php/Home
ERR: _STORAGE_WRITE_ERROR_:./DXT/Runtime/Cache/Home/8b6b41bc101a0b29ffb8b68085e90f3c.php

[ 2017-04-14T15:22:35+08:00 ] ::1 /UCS/index.php/Home
ERR: _STORAGE_WRITE_ERROR_:./DXT/Runtime/Cache/Home/8b6b41bc101a0b29ffb8b68085e90f3c.php

[ 2017-04-14T15:22:39+08:00 ] ::1 /UCS/index.php/Home
ERR: _STORAGE_WRITE_ERROR_:./DXT/Runtime/Cache/Home/8b6b41bc101a0b29ffb8b68085e90f3c.php

[ 2017-04-14T16:21:23+08:00 ] ::1 /UCS/index.php/Home/Ajax/ajax.html
INFO: [ app_begin ] --START--
INFO: Run Behavior\ReadHtmlCache [ RunTime:0.002025s ]
INFO: [ app_begin ] --END-- [ RunTime:0.002460s ]
NOTIC: [2048] Declaration of Home\Model\ArticleModel::add() should be compatible with Think\Model::add($data = '', $options = Array, $replace = false) E:\appserv\www\UCS\DXT\Home\Model\ArticleModel.class.php 第 10 行.
NOTIC: [8192] mysql_connect(): The mysql extension is deprecated and will be removed in the future: use mysqli or PDO instead E:\appserv\www\UCS\ThinkPHP\Library\Think\Db\Driver\Mysql.class.php 第 52 行.
SQL: SHOW COLUMNS FROM `think_article` [ RunTime:0.000833s ]
ERR: 1146:Table 'thinkphp.think_article' doesn't exist
 [ SQL语句 ] : SHOW COLUMNS FROM `think_article`
NOTIC: [2] explode() expects parameter 2 to be string, array given E:\appserv\www\UCS\ThinkPHP\Library\Think\Model.class.php 第 1390 行.
SQL: SHOW COLUMNS FROM `` [ RunTime:0.000229s ]
ERR: 1103:Incorrect table name ''
 [ SQL语句 ] : SHOW COLUMNS FROM ``
SQL: SELECT t2.Name,t1.* FROM `think_reply` `t1`,`think_user` `t2` WHERE ( t1.layer_id=t2.id AND t1.post_id=1 AND t1.storey=1 )  [ RunTime:0.339779s ]

[ 2017-04-14T18:20:00+08:00 ] ::1 /UCS/index.php/Home/Ajax/collect.html
INFO: [ app_begin ] --START--
INFO: Run Behavior\ReadHtmlCache [ RunTime:0.000473s ]
INFO: [ app_begin ] --END-- [ RunTime:0.000731s ]
NOTIC: [8192] mysql_connect(): The mysql extension is deprecated and will be removed in the future: use mysqli or PDO instead E:\appserv\www\UCS\ThinkPHP\Library\Think\Db\Driver\Mysql.class.php 第 52 行.
SQL: SHOW COLUMNS FROM `think_collect` [ RunTime:0.048785s ]
SQL: SELECT * FROM `think_collect` WHERE ( `user_id` = 1 ) AND ( `collect_exper` = 1 )  [ RunTime:0.000245s ]
SQL: INSERT INTO `think_collect` (`user_id`,`collect_exper`) VALUES (1,1) [ RunTime:0.131983s ]

[ 2017-04-14T18:20:03+08:00 ] ::1 /UCS/index.php/Home/Ajax/collect.html
INFO: [ app_begin ] --START--
INFO: Run Behavior\ReadHtmlCache [ RunTime:0.000517s ]
INFO: [ app_begin ] --END-- [ RunTime:0.000789s ]
NOTIC: [8192] mysql_connect(): The mysql extension is deprecated and will be removed in the future: use mysqli or PDO instead E:\appserv\www\UCS\ThinkPHP\Library\Think\Db\Driver\Mysql.class.php 第 52 行.
SQL: SHOW COLUMNS FROM `think_collect` [ RunTime:0.027558s ]
SQL: SELECT * FROM `think_collect` WHERE ( `user_id` = 1 ) AND ( `collect_exper` = 1 )  [ RunTime:0.000298s ]

[ 2017-04-14T18:20:04+08:00 ] ::1 /UCS/index.php/Home/Ajax/collect.html
INFO: [ app_begin ] --START--
INFO: Run Behavior\ReadHtmlCache [ RunTime:0.000839s ]
INFO: [ app_begin ] --END-- [ RunTime:0.001341s ]
NOTIC: [8192] mysql_connect(): The mysql extension is deprecated and will be removed in the future: use mysqli or PDO instead E:\appserv\www\UCS\ThinkPHP\Library\Think\Db\Driver\Mysql.class.php 第 52 行.
SQL: SHOW COLUMNS FROM `think_collect` [ RunTime:0.000983s ]
SQL: SELECT * FROM `think_collect` WHERE ( `user_id` = 1 ) AND ( `collect_exper` = 1 )  [ RunTime:0.000220s ]

[ 2017-04-14T18:20:12+08:00 ] ::1 /UCS/index.php/Home/Ajax/collect.html
INFO: [ app_begin ] --START--
INFO: Run Behavior\ReadHtmlCache [ RunTime:0.000459s ]
INFO: [ app_begin ] --END-- [ RunTime:0.000790s ]
NOTIC: [8192] mysql_connect(): The mysql extension is deprecated and will be removed in the future: use mysqli or PDO instead E:\appserv\www\UCS\ThinkPHP\Library\Think\Db\Driver\Mysql.class.php 第 52 行.
SQL: SHOW COLUMNS FROM `think_collect` [ RunTime:0.001006s ]
SQL: SELECT * FROM `think_collect` WHERE ( `user_id` = 1 ) AND ( `collect_exper` = 1 )  [ RunTime:0.000348s ]

[ 2017-04-14T18:20:13+08:00 ] ::1 /UCS/index.php/Home/Ajax/collect.html
INFO: [ app_begin ] --START--
INFO: Run Behavior\ReadHtmlCache [ RunTime:0.000532s ]
INFO: [ app_begin ] --END-- [ RunTime:0.001055s ]
NOTIC: [8192] mysql_connect(): The mysql extension is deprecated and will be removed in the future: use mysqli or PDO instead E:\appserv\www\UCS\ThinkPHP\Library\Think\Db\Driver\Mysql.class.php 第 52 行.
SQL: SHOW COLUMNS FROM `think_collect` [ RunTime:0.003787s ]
SQL: SELECT * FROM `think_collect` WHERE ( `user_id` = 1 ) AND ( `collect_exper` = 1 )  [ RunTime:0.001173s ]

[ 2017-04-14T18:20:15+08:00 ] ::1 /UCS/index.php/Home/Ajax/collect.html
INFO: [ app_begin ] --START--
INFO: Run Behavior\ReadHtmlCache [ RunTime:0.000597s ]
INFO: [ app_begin ] --END-- [ RunTime:0.001763s ]
NOTIC: [8192] mysql_connect(): The mysql extension is deprecated and will be removed in the future: use mysqli or PDO instead E:\appserv\www\UCS\ThinkPHP\Library\Think\Db\Driver\Mysql.class.php 第 52 行.
SQL: SHOW COLUMNS FROM `think_collect` [ RunTime:0.004342s ]
SQL: SELECT * FROM `think_collect` WHERE ( `user_id` = 1 ) AND ( `collect_exper` = 1 )  [ RunTime:0.024657s ]

[ 2017-04-14T18:20:29+08:00 ] ::1 /UCS/index.php/Home/Ajax/collect.html
INFO: [ app_begin ] --START--
INFO: Run Behavior\ReadHtmlCache [ RunTime:0.000851s ]
INFO: [ app_begin ] --END-- [ RunTime:0.001440s ]
NOTIC: [8192] mysql_connect(): The mysql extension is deprecated and will be removed in the future: use mysqli or PDO instead E:\appserv\www\UCS\ThinkPHP\Library\Think\Db\Driver\Mysql.class.php 第 52 行.
SQL: SHOW COLUMNS FROM `think_collect` [ RunTime:0.000966s ]
SQL: SELECT * FROM `think_collect` WHERE ( `user_id` = 1 ) AND ( `collect_exper` = 1 )  [ RunTime:0.000200s ]

[ 2017-04-14T18:20:31+08:00 ] ::1 /UCS/index.php/Home/Ajax/collect.html
INFO: [ app_begin ] --START--
INFO: Run Behavior\ReadHtmlCache [ RunTime:0.000640s ]
INFO: [ app_begin ] --END-- [ RunTime:0.001232s ]
NOTIC: [8192] mysql_connect(): The mysql extension is deprecated and will be removed in the future: use mysqli or PDO instead E:\appserv\www\UCS\ThinkPHP\Library\Think\Db\Driver\Mysql.class.php 第 52 行.
SQL: SHOW COLUMNS FROM `think_collect` [ RunTime:0.001622s ]
SQL: SELECT * FROM `think_collect` WHERE ( `user_id` = 1 ) AND ( `collect_exper` = 1 )  [ RunTime:0.000232s ]

[ 2017-04-14T18:20:33+08:00 ] ::1 /UCS/index.php/Home/Ajax/collect.html
INFO: [ app_begin ] --START--
INFO: Run Behavior\ReadHtmlCache [ RunTime:0.000540s ]
INFO: [ app_begin ] --END-- [ RunTime:0.001138s ]
NOTIC: [8192] mysql_connect(): The mysql extension is deprecated and will be removed in the future: use mysqli or PDO instead E:\appserv\www\UCS\ThinkPHP\Library\Think\Db\Driver\Mysql.class.php 第 52 行.
SQL: SHOW COLUMNS FROM `think_collect` [ RunTime:0.067140s ]
SQL: SELECT * FROM `think_collect` WHERE ( `user_id` = 1 ) AND ( `collect_exper` = 1 )  [ RunTime:0.006886s ]

[ 2017-04-14T18:20:38+08:00 ] ::1 /UCS/index.php/Home/Ajax/collect.html
INFO: [ app_begin ] --START--
INFO: Run Behavior\ReadHtmlCache [ RunTime:0.000733s ]
INFO: [ app_begin ] --END-- [ RunTime:0.002721s ]
NOTIC: [8192] mysql_connect(): The mysql extension is deprecated and will be removed in the future: use mysqli or PDO instead E:\appserv\www\UCS\ThinkPHP\Library\Think\Db\Driver\Mysql.class.php 第 52 行.
SQL: SHOW COLUMNS FROM `think_collect` [ RunTime:0.000425s ]
SQL: SELECT * FROM `think_collect` WHERE ( `user_id` = 1 ) AND ( `collect_exper` = 1 )  [ RunTime:0.000148s ]

[ 2017-04-14T18:20:40+08:00 ] ::1 /UCS/index.php/Home/Ajax/collect.html
INFO: [ app_begin ] --START--
INFO: Run Behavior\ReadHtmlCache [ RunTime:0.000566s ]
INFO: [ app_begin ] --END-- [ RunTime:0.001045s ]
NOTIC: [8192] mysql_connect(): The mysql extension is deprecated and will be removed in the future: use mysqli or PDO instead E:\appserv\www\UCS\ThinkPHP\Library\Think\Db\Driver\Mysql.class.php 第 52 行.
SQL: SHOW COLUMNS FROM `think_collect` [ RunTime:0.001024s ]
SQL: SELECT * FROM `think_collect` WHERE ( `user_id` = 1 ) AND ( `collect_exper` = 1 )  [ RunTime:0.000208s ]

[ 2017-04-14T18:21:07+08:00 ] ::1 /UCS/index.php/Home/Ajax/collect.html
INFO: [ app_begin ] --START--
INFO: Run Behavior\ReadHtmlCache [ RunTime:0.000364s ]
INFO: [ app_begin ] --END-- [ RunTime:0.000716s ]
NOTIC: [8192] mysql_connect(): The mysql extension is deprecated and will be removed in the future: use mysqli or PDO instead E:\appserv\www\UCS\ThinkPHP\Library\Think\Db\Driver\Mysql.class.php 第 52 行.
SQL: SHOW COLUMNS FROM `think_collect` [ RunTime:0.000973s ]
SQL: SELECT * FROM `think_collect` WHERE ( `user_id` = 1 ) AND ( `collect_exper` = 1 )  [ RunTime:0.000251s ]

[ 2017-04-14T18:21:11+08:00 ] ::1 /UCS/index.php/Home/Ajax/collect.html
INFO: [ app_begin ] --START--
INFO: Run Behavior\ReadHtmlCache [ RunTime:0.000644s ]
INFO: [ app_begin ] --END-- [ RunTime:0.001261s ]
NOTIC: [8192] mysql_connect(): The mysql extension is deprecated and will be removed in the future: use mysqli or PDO instead E:\appserv\www\UCS\ThinkPHP\Library\Think\Db\Driver\Mysql.class.php 第 52 行.
SQL: SHOW COLUMNS FROM `think_collect` [ RunTime:0.000466s ]
SQL: SELECT * FROM `think_collect` WHERE ( `user_id` = 1 ) AND ( `collect_exper` = 1 )  [ RunTime:0.000170s ]

[ 2017-04-14T18:21:16+08:00 ] ::1 /UCS/index.php/Home/Ajax/collect.html
INFO: [ app_begin ] --START--
INFO: Run Behavior\ReadHtmlCache [ RunTime:0.001324s ]
INFO: [ app_begin ] --END-- [ RunTime:0.002783s ]
NOTIC: [8192] mysql_connect(): The mysql extension is deprecated and will be removed in the future: use mysqli or PDO instead E:\appserv\www\UCS\ThinkPHP\Library\Think\Db\Driver\Mysql.class.php 第 52 行.
SQL: SHOW COLUMNS FROM `think_collect` [ RunTime:0.000820s ]
SQL: SELECT * FROM `think_collect` WHERE ( `user_id` = 1 ) AND ( `collect_exper` = 1 )  [ RunTime:0.000264s ]

[ 2017-04-14T18:21:56+08:00 ] ::1 /UCS/index.php/Home/Ajax/collect.html
INFO: [ app_begin ] --START--
INFO: Run Behavior\ReadHtmlCache [ RunTime:0.000491s ]
INFO: [ app_begin ] --END-- [ RunTime:0.000929s ]
NOTIC: [8192] mysql_connect(): The mysql extension is deprecated and will be removed in the future: use mysqli or PDO instead E:\appserv\www\UCS\ThinkPHP\Library\Think\Db\Driver\Mysql.class.php 第 52 行.
SQL: SHOW COLUMNS FROM `think_collect` [ RunTime:0.000839s ]
SQL: SELECT * FROM `think_collect` WHERE ( `user_id` = 1 ) AND ( `collect_exper` = 1 )  [ RunTime:0.000350s ]

[ 2017-04-14T18:22:22+08:00 ] ::1 /UCS/index.php/Home/Ajax/collect.html
INFO: [ app_begin ] --START--
INFO: Run Behavior\ReadHtmlCache [ RunTime:0.000633s ]
INFO: [ app_begin ] --END-- [ RunTime:0.001046s ]
NOTIC: [8192] mysql_connect(): The mysql extension is deprecated and will be removed in the future: use mysqli or PDO instead E:\appserv\www\UCS\ThinkPHP\Library\Think\Db\Driver\Mysql.class.php 第 52 行.
SQL: SHOW COLUMNS FROM `think_collect` [ RunTime:0.001651s ]
SQL: SELECT * FROM `think_collect` WHERE ( `user_id` = 1 ) AND ( `collect_exper` = 1 )  [ RunTime:0.012903s ]

[ 2017-04-14T18:22:25+08:00 ] ::1 /UCS/index.php/Home/Ajax/collect.html
INFO: [ app_begin ] --START--
INFO: Run Behavior\ReadHtmlCache [ RunTime:0.000885s ]
INFO: [ app_begin ] --END-- [ RunTime:0.001402s ]
NOTIC: [8192] mysql_connect(): The mysql extension is deprecated and will be removed in the future: use mysqli or PDO instead E:\appserv\www\UCS\ThinkPHP\Library\Think\Db\Driver\Mysql.class.php 第 52 行.
SQL: SHOW COLUMNS FROM `think_collect` [ RunTime:0.003406s ]
SQL: SELECT * FROM `think_collect` WHERE ( `user_id` = 1 ) AND ( `collect_exper` = 1 )  [ RunTime:0.001994s ]

[ 2017-04-14T18:22:49+08:00 ] ::1 /UCS/index.php/Home/Ajax/collect.html
INFO: [ app_begin ] --START--
INFO: Run Behavior\ReadHtmlCache [ RunTime:0.001282s ]
INFO: [ app_begin ] --END-- [ RunTime:0.001879s ]
NOTIC: [8192] mysql_connect(): The mysql extension is deprecated and will be removed in the future: use mysqli or PDO instead E:\appserv\www\UCS\ThinkPHP\Library\Think\Db\Driver\Mysql.class.php 第 52 行.
SQL: SHOW COLUMNS FROM `think_collect` [ RunTime:0.026132s ]
SQL: SELECT * FROM `think_collect` WHERE ( `user_id` = 1 ) AND ( `collect_exper` = 1 )  [ RunTime:0.000257s ]

[ 2017-04-14T19:15:40+08:00 ] ::1 /UCS/index.php/Home/Ajax/collect.html
INFO: [ app_begin ] --START--
INFO: Run Behavior\ReadHtmlCache [ RunTime:0.001042s ]
INFO: [ app_begin ] --END-- [ RunTime:0.001634s ]
NOTIC: [8192] mysql_connect(): The mysql extension is deprecated and will be removed in the future: use mysqli or PDO instead E:\appserv\www\UCS\ThinkPHP\Library\Think\Db\Driver\Mysql.class.php 第 52 行.
SQL: SHOW COLUMNS FROM `think_collect` [ RunTime:0.000518s ]
SQL: SELECT * FROM `think_collect` WHERE ( `user_id` = 1 ) AND ( `collect_exper` = 1 )  [ RunTime:0.000602s ]

[ 2017-04-14T19:15:47+08:00 ] ::1 /UCS/index.php/Home/Ajax/collect.html
INFO: [ app_begin ] --START--
INFO: Run Behavior\ReadHtmlCache [ RunTime:0.000477s ]
INFO: [ app_begin ] --END-- [ RunTime:0.000741s ]
NOTIC: [8192] mysql_connect(): The mysql extension is deprecated and will be removed in the future: use mysqli or PDO instead E:\appserv\www\UCS\ThinkPHP\Library\Think\Db\Driver\Mysql.class.php 第 52 行.
SQL: SHOW COLUMNS FROM `think_collect` [ RunTime:0.000666s ]
SQL: SELECT * FROM `think_collect` WHERE ( `user_id` = 1 ) AND ( `collect_exper` = 1 )  [ RunTime:0.000275s ]

[ 2017-04-14T19:15:52+08:00 ] ::1 /UCS/index.php/Home/Ajax/collect.html
INFO: [ app_begin ] --START--
INFO: Run Behavior\ReadHtmlCache [ RunTime:0.000835s ]
INFO: [ app_begin ] --END-- [ RunTime:0.001348s ]
NOTIC: [8192] mysql_connect(): The mysql extension is deprecated and will be removed in the future: use mysqli or PDO instead E:\appserv\www\UCS\ThinkPHP\Library\Think\Db\Driver\Mysql.class.php 第 52 行.
SQL: SHOW COLUMNS FROM `think_collect` [ RunTime:0.000744s ]
SQL: SELECT * FROM `think_collect` WHERE ( `user_id` = 1 ) AND ( `collect_exper` = 1 )  [ RunTime:0.031046s ]

[ 2017-04-14T19:16:38+08:00 ] ::1 /UCS/index.php/Home/Ajax/collect.html
INFO: [ app_begin ] --START--
INFO: Run Behavior\ReadHtmlCache [ RunTime:0.001737s ]
INFO: [ app_begin ] --END-- [ RunTime:0.002519s ]
NOTIC: [8192] mysql_connect(): The mysql extension is deprecated and will be removed in the future: use mysqli or PDO instead E:\appserv\www\UCS\ThinkPHP\Library\Think\Db\Driver\Mysql.class.php 第 52 行.
SQL: SHOW COLUMNS FROM `think_collect` [ RunTime:0.003885s ]
SQL: SELECT * FROM `think_collect` WHERE ( `user_id` = 1 ) AND ( `collect_exper` = 1 )  [ RunTime:0.001043s ]

[ 2017-04-14T19:20:37+08:00 ] ::1 /UCS/index.php/Home/Ajax/collect.html
INFO: [ app_begin ] --START--
INFO: Run Behavior\ReadHtmlCache [ RunTime:0.000549s ]
INFO: [ app_begin ] --END-- [ RunTime:0.000850s ]
NOTIC: [8192] mysql_connect(): The mysql extension is deprecated and will be removed in the future: use mysqli or PDO instead E:\appserv\www\UCS\ThinkPHP\Library\Think\Db\Driver\Mysql.class.php 第 52 行.
SQL: SHOW COLUMNS FROM `think_collect` [ RunTime:0.000410s ]
SQL: SELECT * FROM `think_collect` WHERE ( `user_id` = 1 ) AND ( `collect_exper` = 1 )  [ RunTime:0.000184s ]

[ 2017-04-14T19:21:02+08:00 ] ::1 /UCS/index.php/Home/Ajax/collect.html
INFO: [ app_begin ] --START--
INFO: Run Behavior\ReadHtmlCache [ RunTime:0.000967s ]
INFO: [ app_begin ] --END-- [ RunTime:0.002940s ]
NOTIC: [8192] mysql_connect(): The mysql extension is deprecated and will be removed in the future: use mysqli or PDO instead E:\appserv\www\UCS\ThinkPHP\Library\Think\Db\Driver\Mysql.class.php 第 52 行.
SQL: SHOW COLUMNS FROM `think_collect` [ RunTime:0.000560s ]
SQL: SELECT * FROM `think_collect` WHERE ( `user_id` = 1 ) AND ( `collect_exper` = 1 )  [ RunTime:0.000250s ]

[ 2017-04-14T19:21:41+08:00 ] ::1 /UCS/index.php/Home/Ajax/collect.html
INFO: [ app_begin ] --START--
INFO: Run Behavior\ReadHtmlCache [ RunTime:0.000543s ]
INFO: [ app_begin ] --END-- [ RunTime:0.001008s ]
NOTIC: [8192] mysql_connect(): The mysql extension is deprecated and will be removed in the future: use mysqli or PDO instead E:\appserv\www\UCS\ThinkPHP\Library\Think\Db\Driver\Mysql.class.php 第 52 行.
SQL: SHOW COLUMNS FROM `think_collect` [ RunTime:0.001060s ]
SQL: SELECT * FROM `think_collect` WHERE ( `user_id` = 1 ) AND ( `collect_exper` = 1 )  [ RunTime:0.000226s ]

[ 2017-04-14T19:21:42+08:00 ] ::1 /UCS/index.php/Home/Ajax/collect.html
INFO: [ app_begin ] --START--
INFO: Run Behavior\ReadHtmlCache [ RunTime:0.001608s ]
INFO: [ app_begin ] --END-- [ RunTime:0.002139s ]
NOTIC: [8192] mysql_connect(): The mysql extension is deprecated and will be removed in the future: use mysqli or PDO instead E:\appserv\www\UCS\ThinkPHP\Library\Think\Db\Driver\Mysql.class.php 第 52 行.
SQL: SHOW COLUMNS FROM `think_collect` [ RunTime:0.000432s ]
SQL: SELECT * FROM `think_collect` WHERE ( `user_id` = 1 ) AND ( `collect_exper` = 1 )  [ RunTime:0.000178s ]

[ 2017-04-14T19:21:44+08:00 ] ::1 /UCS/index.php/Home/Ajax/collect.html
INFO: [ app_begin ] --START--
INFO: Run Behavior\ReadHtmlCache [ RunTime:0.000501s ]
INFO: [ app_begin ] --END-- [ RunTime:0.000829s ]
NOTIC: [8192] mysql_connect(): The mysql extension is deprecated and will be removed in the future: use mysqli or PDO instead E:\appserv\www\UCS\ThinkPHP\Library\Think\Db\Driver\Mysql.class.php 第 52 行.
SQL: SHOW COLUMNS FROM `think_collect` [ RunTime:0.000483s ]
SQL: SELECT * FROM `think_collect` WHERE ( `user_id` = 1 ) AND ( `collect_exper` = 1 )  [ RunTime:0.000226s ]

[ 2017-04-14T19:21:46+08:00 ] ::1 /UCS/index.php/Home/Ajax/collect.html
INFO: [ app_begin ] --START--
INFO: Run Behavior\ReadHtmlCache [ RunTime:0.000716s ]
INFO: [ app_begin ] --END-- [ RunTime:0.001291s ]
NOTIC: [8192] mysql_connect(): The mysql extension is deprecated and will be removed in the future: use mysqli or PDO instead E:\appserv\www\UCS\ThinkPHP\Library\Think\Db\Driver\Mysql.class.php 第 52 行.
SQL: SHOW COLUMNS FROM `think_collect` [ RunTime:0.002263s ]
SQL: SELECT * FROM `think_collect` WHERE ( `user_id` = 1 ) AND ( `collect_exper` = 1 )  [ RunTime:0.000179s ]

[ 2017-04-14T19:21:57+08:00 ] ::1 /UCS/index.php/Home/Ajax/collect.html
INFO: [ app_begin ] --START--
INFO: Run Behavior\ReadHtmlCache [ RunTime:0.000525s ]
INFO: [ app_begin ] --END-- [ RunTime:0.000831s ]
NOTIC: [8192] mysql_connect(): The mysql extension is deprecated and will be removed in the future: use mysqli or PDO instead E:\appserv\www\UCS\ThinkPHP\Library\Think\Db\Driver\Mysql.class.php 第 52 行.
SQL: SHOW COLUMNS FROM `think_collect` [ RunTime:0.000423s ]
SQL: SELECT * FROM `think_collect` WHERE ( `user_id` = 1 ) AND ( `collect_exper` = 1 )  [ RunTime:0.000245s ]

[ 2017-04-14T19:22:01+08:00 ] ::1 /UCS/index.php/Home/Ajax/collect.html
INFO: [ app_begin ] --START--
INFO: Run Behavior\ReadHtmlCache [ RunTime:0.000650s ]
INFO: [ app_begin ] --END-- [ RunTime:0.001045s ]
NOTIC: [8192] mysql_connect(): The mysql extension is deprecated and will be removed in the future: use mysqli or PDO instead E:\appserv\www\UCS\ThinkPHP\Library\Think\Db\Driver\Mysql.class.php 第 52 行.
SQL: SHOW COLUMNS FROM `think_collect` [ RunTime:0.000461s ]
SQL: SELECT * FROM `think_collect` WHERE ( `user_id` = 1 ) AND ( `collect_exper` = 1 )  [ RunTime:0.000218s ]

[ 2017-04-14T19:23:52+08:00 ] ::1 /UCS/index.php/Home/Ajax/collect.html
INFO: [ app_begin ] --START--
INFO: Run Behavior\ReadHtmlCache [ RunTime:0.000517s ]
INFO: [ app_begin ] --END-- [ RunTime:0.000791s ]
NOTIC: [8192] mysql_connect(): The mysql extension is deprecated and will be removed in the future: use mysqli or PDO instead E:\appserv\www\UCS\ThinkPHP\Library\Think\Db\Driver\Mysql.class.php 第 52 行.
SQL: SHOW COLUMNS FROM `think_collect` [ RunTime:0.000475s ]
SQL: SELECT * FROM `think_collect` WHERE ( `user_id` = 1 ) AND ( `collect_exper` = 1 )  [ RunTime:0.000217s ]

[ 2017-04-14T19:24:14+08:00 ] ::1 /UCS/index.php/Home/Ajax/collect.html
INFO: [ app_begin ] --START--
INFO: Run Behavior\ReadHtmlCache [ RunTime:0.000481s ]
INFO: [ app_begin ] --END-- [ RunTime:0.000750s ]
NOTIC: [8192] mysql_connect(): The mysql extension is deprecated and will be removed in the future: use mysqli or PDO instead E:\appserv\www\UCS\ThinkPHP\Library\Think\Db\Driver\Mysql.class.php 第 52 行.
SQL: SHOW COLUMNS FROM `think_collect` [ RunTime:0.001761s ]
SQL: SELECT * FROM `think_collect` WHERE ( `user_id` = 1 ) AND ( `collect_exper` = 2 )  [ RunTime:0.000586s ]
SQL: INSERT INTO `think_collect` (`user_id`,`collect_exper`) VALUES (1,2) [ RunTime:0.047090s ]
ERR: 1062:Duplicate entry '1' for key 'PRIMARY'
 [ SQL语句 ] : INSERT INTO `think_collect` (`user_id`,`collect_exper`) VALUES (1,2)

[ 2017-04-14T19:24:16+08:00 ] ::1 /UCS/index.php/Home/Ajax/collect.html
INFO: [ app_begin ] --START--
INFO: Run Behavior\ReadHtmlCache [ RunTime:0.001159s ]
INFO: [ app_begin ] --END-- [ RunTime:0.002473s ]
NOTIC: [8192] mysql_connect(): The mysql extension is deprecated and will be removed in the future: use mysqli or PDO instead E:\appserv\www\UCS\ThinkPHP\Library\Think\Db\Driver\Mysql.class.php 第 52 行.
SQL: SHOW COLUMNS FROM `think_collect` [ RunTime:0.002007s ]
SQL: SELECT * FROM `think_collect` WHERE ( `user_id` = 1 ) AND ( `collect_exper` = 2 )  [ RunTime:0.001862s ]
SQL: INSERT INTO `think_collect` (`user_id`,`collect_exper`) VALUES (1,2) [ RunTime:0.000582s ]
ERR: 1062:Duplicate entry '1' for key 'PRIMARY'
 [ SQL语句 ] : INSERT INTO `think_collect` (`user_id`,`collect_exper`) VALUES (1,2)

[ 2017-04-14T19:24:20+08:00 ] ::1 /UCS/index.php/Home/Ajax/collect.html
INFO: [ app_begin ] --START--
INFO: Run Behavior\ReadHtmlCache [ RunTime:0.000506s ]
INFO: [ app_begin ] --END-- [ RunTime:0.000775s ]
NOTIC: [8192] mysql_connect(): The mysql extension is deprecated and will be removed in the future: use mysqli or PDO instead E:\appserv\www\UCS\ThinkPHP\Library\Think\Db\Driver\Mysql.class.php 第 52 行.
SQL: SHOW COLUMNS FROM `think_collect` [ RunTime:0.000551s ]
SQL: SELECT * FROM `think_collect` WHERE ( `user_id` = 1 ) AND ( `collect_exper` = 1 )  [ RunTime:0.000363s ]

[ 2017-04-14T19:24:23+08:00 ] ::1 /UCS/index.php/Home/Ajax/collect.html
INFO: [ app_begin ] --START--
INFO: Run Behavior\ReadHtmlCache [ RunTime:0.000506s ]
INFO: [ app_begin ] --END-- [ RunTime:0.000780s ]
NOTIC: [8192] mysql_connect(): The mysql extension is deprecated and will be removed in the future: use mysqli or PDO instead E:\appserv\www\UCS\ThinkPHP\Library\Think\Db\Driver\Mysql.class.php 第 52 行.
SQL: SHOW COLUMNS FROM `think_collect` [ RunTime:0.002221s ]
SQL: SELECT * FROM `think_collect` WHERE ( `user_id` = 1 ) AND ( `collect_exper` = 3 )  [ RunTime:0.000284s ]
SQL: INSERT INTO `think_collect` (`user_id`,`collect_exper`) VALUES (1,3) [ RunTime:0.000261s ]
ERR: 1062:Duplicate entry '1' for key 'PRIMARY'
 [ SQL语句 ] : INSERT INTO `think_collect` (`user_id`,`collect_exper`) VALUES (1,3)

[ 2017-04-14T19:24:52+08:00 ] ::1 /UCS/index.php/Home/Index/chooseUniver.html
INFO: [ app_begin ] --START--
INFO: Run Behavior\ReadHtmlCache [ RunTime:0.000508s ]
INFO: [ app_begin ] --END-- [ RunTime:0.000942s ]
NOTIC: [2048] Declaration of Home\Model\ChooseModel::union() should be compatible with Think\Model::union($union, $all = false) E:\appserv\www\UCS\DXT\Home\Model\ChooseModel.class.php 第 10 行.
NOTIC: [8192] mysql_connect(): The mysql extension is deprecated and will be removed in the future: use mysqli or PDO instead E:\appserv\www\UCS\ThinkPHP\Library\Think\Db\Driver\Mysql.class.php 第 52 行.
SQL: SHOW COLUMNS FROM `think_choose` [ RunTime:0.000485s ]
ERR: 1146:Table 'thinkphp.think_choose' doesn't exist
 [ SQL语句 ] : SHOW COLUMNS FROM `think_choose`
SQL: SHOW COLUMNS FROM `think_category` [ RunTime:0.005731s ]
SQL: SELECT * FROM `think_category` WHERE ( `subject` = '经济学' )  [ RunTime:0.012898s ]
SQL: SHOW COLUMNS FROM `think_major` [ RunTime:0.006132s ]
SQL: SELECT * FROM `think_major` WHERE ( `category_id` = 1 )  [ RunTime:0.032619s ]
NOTIC: [2] Missing argument 2 for Home\Model\ChooseModel::union(), called in E:\appserv\www\UCS\DXT\Home\Controller\IndexController.class.php on line 15 and defined E:\appserv\www\UCS\DXT\Home\Model\ChooseModel.class.php 第 39 行.
SQL: SHOW COLUMNS FROM `think_union` [ RunTime:0.000519s ]
SQL: SHOW COLUMNS FROM `think_base_university` [ RunTime:0.032833s ]
NOTIC: [8] Undefined variable: Page E:\appserv\www\UCS\DXT\Home\Model\ChooseModel.class.php 第 44 行.
NOTIC: [8] Trying to get property of non-object E:\appserv\www\UCS\DXT\Home\Model\ChooseModel.class.php 第 44 行.
NOTIC: [8] Undefined variable: Page E:\appserv\www\UCS\DXT\Home\Model\ChooseModel.class.php 第 44 行.
NOTIC: [8] Trying to get property of non-object E:\appserv\www\UCS\DXT\Home\Model\ChooseModel.class.php 第 44 行.
SQL: SELECT * FROM `think_union` WHERE ( `major_id` = 1 ) LIMIT ,   [ RunTime:0.000183s ]
ERR: 1064:You have an error in your SQL syntax; check the manual that corresponds to your MySQL server version for the right syntax to use near '' at line 1
 [ SQL语句 ] : SELECT * FROM `think_union` WHERE ( `major_id` = 1 ) LIMIT ,  
SQL: SELECT * FROM `think_base_university` WHERE ( `id` = null )  [ RunTime:0.014248s ]
SQL: SHOW COLUMNS FROM `think_choose_univer` [ RunTime:0.000564s ]
ERR: 1146:Table 'thinkphp.think_choose_univer' doesn't exist
 [ SQL语句 ] : SHOW COLUMNS FROM `think_choose_univer`
SQL: SELECT * FROM `think_base_university` WHERE ( `provice` = '北京' )  [ RunTime:1.046170s ]

[ 2017-04-14T19:24:56+08:00 ] ::1 /UCS/index.php/Home/Index/chooseUniver.html
INFO: [ app_begin ] --START--
INFO: Run Behavior\ReadHtmlCache [ RunTime:0.000778s ]
INFO: [ app_begin ] --END-- [ RunTime:0.001504s ]
NOTIC: [2048] Declaration of Home\Model\ChooseModel::union() should be compatible with Think\Model::union($union, $all = false) E:\appserv\www\UCS\DXT\Home\Model\ChooseModel.class.php 第 10 行.
NOTIC: [8192] mysql_connect(): The mysql extension is deprecated and will be removed in the future: use mysqli or PDO instead E:\appserv\www\UCS\ThinkPHP\Library\Think\Db\Driver\Mysql.class.php 第 52 行.
SQL: SHOW COLUMNS FROM `think_choose` [ RunTime:0.000440s ]
ERR: 1146:Table 'thinkphp.think_choose' doesn't exist
 [ SQL语句 ] : SHOW COLUMNS FROM `think_choose`
SQL: SHOW COLUMNS FROM `think_category` [ RunTime:0.006106s ]
SQL: SELECT * FROM `think_category` WHERE ( `subject` = '经济学' )  [ RunTime:0.001396s ]
SQL: SHOW COLUMNS FROM `think_major` [ RunTime:0.025637s ]
SQL: SELECT * FROM `think_major` WHERE ( `category_id` = 1 )  [ RunTime:0.000722s ]
NOTIC: [2] Missing argument 2 for Home\Model\ChooseModel::union(), called in E:\appserv\www\UCS\DXT\Home\Controller\IndexController.class.php on line 15 and defined E:\appserv\www\UCS\DXT\Home\Model\ChooseModel.class.php 第 39 行.
SQL: SHOW COLUMNS FROM `think_union` [ RunTime:0.000410s ]
SQL: SHOW COLUMNS FROM `think_base_university` [ RunTime:0.000418s ]
NOTIC: [8] Undefined variable: Page E:\appserv\www\UCS\DXT\Home\Model\ChooseModel.class.php 第 44 行.
NOTIC: [8] Trying to get property of non-object E:\appserv\www\UCS\DXT\Home\Model\ChooseModel.class.php 第 44 行.
NOTIC: [8] Undefined variable: Page E:\appserv\www\UCS\DXT\Home\Model\ChooseModel.class.php 第 44 行.
NOTIC: [8] Trying to get property of non-object E:\appserv\www\UCS\DXT\Home\Model\ChooseModel.class.php 第 44 行.
SQL: SELECT * FROM `think_union` WHERE ( `major_id` = 1 ) LIMIT ,   [ RunTime:0.000135s ]
ERR: 1064:You have an error in your SQL syntax; check the manual that corresponds to your MySQL server version for the right syntax to use near '' at line 1
 [ SQL语句 ] : SELECT * FROM `think_union` WHERE ( `major_id` = 1 ) LIMIT ,  
SQL: SELECT * FROM `think_base_university` WHERE ( `id` = null )  [ RunTime:0.000193s ]
SQL: SHOW COLUMNS FROM `think_choose_univer` [ RunTime:0.000567s ]
ERR: 1146:Table 'thinkphp.think_choose_univer' doesn't exist
 [ SQL语句 ] : SHOW COLUMNS FROM `think_choose_univer`
SQL: SELECT * FROM `think_base_university` WHERE ( `provice` = '北京' )  [ RunTime:0.040998s ]

[ 2017-04-14T22:03:25+08:00 ] ::1 /UCS/index.php/Home/Index/chooseUniver.html
INFO: [ app_begin ] --START--
INFO: Run Behavior\ReadHtmlCache [ RunTime:0.000463s ]
INFO: [ app_begin ] --END-- [ RunTime:0.000811s ]
NOTIC: [2048] Declaration of Home\Model\ChooseModel::union() should be compatible with Think\Model::union($union, $all = false) E:\appserv\www\UCS\DXT\Home\Model\ChooseModel.class.php 第 10 行.
NOTIC: [8192] mysql_connect(): The mysql extension is deprecated and will be removed in the future: use mysqli or PDO instead E:\appserv\www\UCS\ThinkPHP\Library\Think\Db\Driver\Mysql.class.php 第 52 行.
SQL: SHOW COLUMNS FROM `think_choose` [ RunTime:0.000624s ]
ERR: 1146:Table 'thinkphp.think_choose' doesn't exist
 [ SQL语句 ] : SHOW COLUMNS FROM `think_choose`
SQL: SHOW COLUMNS FROM `think_category` [ RunTime:0.013488s ]
SQL: SELECT * FROM `think_category` WHERE ( `subject` = '经济学' )  [ RunTime:0.000321s ]
SQL: SHOW COLUMNS FROM `think_major` [ RunTime:0.000480s ]
SQL: SELECT * FROM `think_major` WHERE ( `category_id` = 1 )  [ RunTime:0.046749s ]
NOTIC: [2] Missing argument 2 for Home\Model\ChooseModel::union(), called in E:\appserv\www\UCS\DXT\Home\Controller\IndexController.class.php on line 15 and defined E:\appserv\www\UCS\DXT\Home\Model\ChooseModel.class.php 第 39 行.
SQL: SHOW COLUMNS FROM `think_union` [ RunTime:0.000579s ]
SQL: SHOW COLUMNS FROM `think_base_university` [ RunTime:0.000539s ]
NOTIC: [8] Undefined variable: Page E:\appserv\www\UCS\DXT\Home\Model\ChooseModel.class.php 第 44 行.
NOTIC: [8] Trying to get property of non-object E:\appserv\www\UCS\DXT\Home\Model\ChooseModel.class.php 第 44 行.
NOTIC: [8] Undefined variable: Page E:\appserv\www\UCS\DXT\Home\Model\ChooseModel.class.php 第 44 行.
NOTIC: [8] Trying to get property of non-object E:\appserv\www\UCS\DXT\Home\Model\ChooseModel.class.php 第 44 行.
SQL: SELECT * FROM `think_union` WHERE ( `major_id` = 1 ) LIMIT ,   [ RunTime:0.000139s ]
ERR: 1064:You have an error in your SQL syntax; check the manual that corresponds to your MySQL server version for the right syntax to use near '' at line 1
 [ SQL语句 ] : SELECT * FROM `think_union` WHERE ( `major_id` = 1 ) LIMIT ,  
SQL: SELECT * FROM `think_base_university` WHERE ( `id` = null )  [ RunTime:0.000377s ]
SQL: SHOW COLUMNS FROM `think_choose_univer` [ RunTime:0.000527s ]
ERR: 1146:Table 'thinkphp.think_choose_univer' doesn't exist
 [ SQL语句 ] : SHOW COLUMNS FROM `think_choose_univer`
SQL: SELECT * FROM `think_base_university` WHERE ( `provice` = '北京' )  [ RunTime:0.559719s ]

