[ 2017-04-17T10:35:30+08:00 ] ::1 /UCS/index.php/Admin/Ajax/seaUniv.html
INFO: [ app_begin ] --START--
INFO: Run Behavior\ReadHtmlCache [ RunTime:0.000542s ]
INFO: [ app_begin ] --END-- [ RunTime:0.000839s ]
NOTIC: [8192] mysql_connect(): The mysql extension is deprecated and will be removed in the future: use mysqli or PDO instead E:\appserv\www\UCS\ThinkPHP\Library\Think\Db\Driver\Mysql.class.php 第 52 行.
SQL: SHOW COLUMNS FROM `think_base_university` [ RunTime:0.000509s ]
SQL: SELECT * FROM `think_base_university` WHERE ( `id` = 28 )  [ RunTime:0.000277s ]

[ 2017-04-17T10:37:17+08:00 ] ::1 /UCS/index.php/Admin/Ajax/seaUniv.html
INFO: [ app_begin ] --START--
INFO: Run Behavior\ReadHtmlCache [ RunTime:0.000516s ]
INFO: [ app_begin ] --END-- [ RunTime:0.000789s ]
NOTIC: [8192] mysql_connect(): The mysql extension is deprecated and will be removed in the future: use mysqli or PDO instead E:\appserv\www\UCS\ThinkPHP\Library\Think\Db\Driver\Mysql.class.php 第 52 行.
SQL: SHOW COLUMNS FROM `think_base_university` [ RunTime:0.000572s ]
SQL: SELECT * FROM `think_base_university` WHERE ( `id` = 31 )  [ RunTime:0.000311s ]

[ 2017-04-17T10:39:56+08:00 ] ::1 /UCS/index.php/Admin/Ajax/seaUniv.html
INFO: [ app_begin ] --START--
INFO: Run Behavior\ReadHtmlCache [ RunTime:0.000706s ]
INFO: [ app_begin ] --END-- [ RunTime:0.001149s ]
NOTIC: [8192] mysql_connect(): The mysql extension is deprecated and will be removed in the future: use mysqli or PDO instead E:\appserv\www\UCS\ThinkPHP\Library\Think\Db\Driver\Mysql.class.php 第 52 行.
SQL: SHOW COLUMNS FROM `think_base_university` [ RunTime:0.000605s ]
SQL: SELECT * FROM `think_base_university` WHERE ( `id` = 40 )  [ RunTime:0.000276s ]

[ 2017-04-17T10:41:45+08:00 ] ::1 /UCS/index.php/Admin/Ajax/seaUniv.html
INFO: [ app_begin ] --START--
INFO: Run Behavior\ReadHtmlCache [ RunTime:0.000521s ]
INFO: [ app_begin ] --END-- [ RunTime:0.000842s ]
NOTIC: [8192] mysql_connect(): The mysql extension is deprecated and will be removed in the future: use mysqli or PDO instead E:\appserv\www\UCS\ThinkPHP\Library\Think\Db\Driver\Mysql.class.php 第 52 行.
SQL: SHOW COLUMNS FROM `think_base_university` [ RunTime:0.000537s ]
SQL: SELECT * FROM `think_base_university` WHERE ( `id` = 42 )  [ RunTime:0.000273s ]

[ 2017-04-17T10:46:44+08:00 ] ::1 /UCS/index.php/Admin/Ajax/seaUniv.html
INFO: [ app_begin ] --START--
INFO: Run Behavior\ReadHtmlCache [ RunTime:0.000328s ]
INFO: [ app_begin ] --END-- [ RunTime:0.000590s ]
NOTIC: [8192] mysql_connect(): The mysql extension is deprecated and will be removed in the future: use mysqli or PDO instead E:\appserv\www\UCS\ThinkPHP\Library\Think\Db\Driver\Mysql.class.php 第 52 行.
SQL: SHOW COLUMNS FROM `think_base_university` [ RunTime:0.000575s ]
SQL: SELECT * FROM `think_base_university` WHERE ( `id` = 11 )  [ RunTime:0.000283s ]

[ 2017-04-17T11:17:25+08:00 ] ::1 /UCS/index.php/Admin/Ajax/seaUser.html
INFO: [ app_begin ] --START--
INFO: Run Behavior\ReadHtmlCache [ RunTime:0.000306s ]
INFO: [ app_begin ] --END-- [ RunTime:0.000561s ]
NOTIC: [8192] mysql_connect(): The mysql extension is deprecated and will be removed in the future: use mysqli or PDO instead E:\appserv\www\UCS\ThinkPHP\Library\Think\Db\Driver\Mysql.class.php 第 52 行.
SQL: SHOW COLUMNS FROM `think_user` [ RunTime:0.000510s ]
SQL: SELECT * FROM `think_user` WHERE ( `Name` = '王99' )  [ RunTime:0.018588s ]

[ 2017-04-17T11:18:51+08:00 ] ::1 /UCS/index.php/Admin/Ajax/seaUser.html
INFO: [ app_begin ] --START--
INFO: Run Behavior\ReadHtmlCache [ RunTime:0.000309s ]
INFO: [ app_begin ] --END-- [ RunTime:0.000553s ]
NOTIC: [8192] mysql_connect(): The mysql extension is deprecated and will be removed in the future: use mysqli or PDO instead E:\appserv\www\UCS\ThinkPHP\Library\Think\Db\Driver\Mysql.class.php 第 52 行.
SQL: SHOW COLUMNS FROM `think_user` [ RunTime:0.000503s ]
SQL: SELECT * FROM `think_user` WHERE ( `Name` = '' )  [ RunTime:0.000307s ]

[ 2017-04-17T11:19:02+08:00 ] ::1 /UCS/index.php/Admin/Ajax/seaUser.html
INFO: [ app_begin ] --START--
INFO: Run Behavior\ReadHtmlCache [ RunTime:0.000309s ]
INFO: [ app_begin ] --END-- [ RunTime:0.000553s ]
NOTIC: [8192] mysql_connect(): The mysql extension is deprecated and will be removed in the future: use mysqli or PDO instead E:\appserv\www\UCS\ThinkPHP\Library\Think\Db\Driver\Mysql.class.php 第 52 行.
SQL: SHOW COLUMNS FROM `think_user` [ RunTime:0.000497s ]
SQL: SELECT * FROM `think_user` WHERE ( `Name` = '王86' )  [ RunTime:0.000307s ]

[ 2017-04-17T12:02:46+08:00 ] ::1 /UCS/index.php/Admin/Ajax/seaUniv.html
INFO: [ app_begin ] --START--
INFO: Run Behavior\ReadHtmlCache [ RunTime:0.000820s ]
INFO: [ app_begin ] --END-- [ RunTime:0.001339s ]
NOTIC: [8192] mysql_connect(): The mysql extension is deprecated and will be removed in the future: use mysqli or PDO instead E:\appserv\www\UCS\ThinkPHP\Library\Think\Db\Driver\Mysql.class.php 第 52 行.
SQL: SHOW COLUMNS FROM `think_base_university` [ RunTime:0.000521s ]
SQL: SELECT * FROM `think_base_university` WHERE ( `name` = '攀枝花学院' )  [ RunTime:0.055533s ]

[ 2017-04-17T12:03:06+08:00 ] ::1 /UCS/index.php/Admin/Ajax/seaUniv.html
INFO: [ app_begin ] --START--
INFO: Run Behavior\ReadHtmlCache [ RunTime:0.000303s ]
INFO: [ app_begin ] --END-- [ RunTime:0.000547s ]
NOTIC: [8192] mysql_connect(): The mysql extension is deprecated and will be removed in the future: use mysqli or PDO instead E:\appserv\www\UCS\ThinkPHP\Library\Think\Db\Driver\Mysql.class.php 第 52 行.
SQL: SHOW COLUMNS FROM `think_base_university` [ RunTime:0.000514s ]
SQL: SELECT * FROM `think_base_university` WHERE ( `name` = '郑州轻工业学院' )  [ RunTime:0.000283s ]

[ 2017-04-17T12:03:24+08:00 ] ::1 /UCS/index.php/Admin/Ajax/seaUniv.html
INFO: [ app_begin ] --START--
INFO: Run Behavior\ReadHtmlCache [ RunTime:0.000331s ]
INFO: [ app_begin ] --END-- [ RunTime:0.000571s ]
NOTIC: [8192] mysql_connect(): The mysql extension is deprecated and will be removed in the future: use mysqli or PDO instead E:\appserv\www\UCS\ThinkPHP\Library\Think\Db\Driver\Mysql.class.php 第 52 行.
SQL: SHOW COLUMNS FROM `think_base_university` [ RunTime:0.000515s ]
SQL: SELECT * FROM `think_base_university` WHERE ( `name` = '河南科技学院' )  [ RunTime:0.000271s ]

[ 2017-04-17T12:03:39+08:00 ] ::1 /UCS/index.php/Admin/Ajax/seaUniv.html
INFO: [ app_begin ] --START--
INFO: Run Behavior\ReadHtmlCache [ RunTime:0.000306s ]
INFO: [ app_begin ] --END-- [ RunTime:0.000551s ]
NOTIC: [8192] mysql_connect(): The mysql extension is deprecated and will be removed in the future: use mysqli or PDO instead E:\appserv\www\UCS\ThinkPHP\Library\Think\Db\Driver\Mysql.class.php 第 52 行.
SQL: SHOW COLUMNS FROM `think_base_university` [ RunTime:0.000523s ]
SQL: SELECT * FROM `think_base_university` WHERE ( `name` = '河南师范大学' )  [ RunTime:0.014849s ]

[ 2017-04-17T12:13:12+08:00 ] ::1 /UCS/index.php/Admin/Ajax/seaUniv.html
INFO: [ app_begin ] --START--
INFO: Run Behavior\ReadHtmlCache [ RunTime:0.000322s ]
INFO: [ app_begin ] --END-- [ RunTime:0.000583s ]
NOTIC: [8192] mysql_connect(): The mysql extension is deprecated and will be removed in the future: use mysqli or PDO instead E:\appserv\www\UCS\ThinkPHP\Library\Think\Db\Driver\Mysql.class.php 第 52 行.
SQL: SHOW COLUMNS FROM `think_base_university` [ RunTime:0.000534s ]
SQL: SELECT * FROM `think_base_university` WHERE ( `name` = '中山大学' )  [ RunTime:0.000270s ]

[ 2017-04-17T12:13:25+08:00 ] ::1 /UCS/index.php/Admin/Ajax/seaUniv.html
INFO: [ app_begin ] --START--
INFO: Run Behavior\ReadHtmlCache [ RunTime:0.000323s ]
INFO: [ app_begin ] --END-- [ RunTime:0.000579s ]
NOTIC: [8192] mysql_connect(): The mysql extension is deprecated and will be removed in the future: use mysqli or PDO instead E:\appserv\www\UCS\ThinkPHP\Library\Think\Db\Driver\Mysql.class.php 第 52 行.
SQL: SHOW COLUMNS FROM `think_base_university` [ RunTime:0.000536s ]
SQL: SELECT * FROM `think_base_university` WHERE ( `name` = '天津大学' )  [ RunTime:0.000282s ]

[ 2017-04-17T12:13:34+08:00 ] ::1 /UCS/index.php/Admin/Ajax/seaUniv.html
INFO: [ app_begin ] --START--
INFO: Run Behavior\ReadHtmlCache [ RunTime:0.000311s ]
INFO: [ app_begin ] --END-- [ RunTime:0.000555s ]
NOTIC: [8192] mysql_connect(): The mysql extension is deprecated and will be removed in the future: use mysqli or PDO instead E:\appserv\www\UCS\ThinkPHP\Library\Think\Db\Driver\Mysql.class.php 第 52 行.
SQL: SHOW COLUMNS FROM `think_base_university` [ RunTime:0.000518s ]
SQL: SELECT * FROM `think_base_university` WHERE ( `name` = '同济大学' )  [ RunTime:0.000258s ]

