[ 2017-03-17T13:53:19+08:00 ] ::1 /UCS/index.php/Home/Cn/ajax.html
INFO: [ app_begin ] --START--
INFO: Run Behavior\ReadHtmlCache [ RunTime:0.000438s ]
INFO: [ app_begin ] --END-- [ RunTime:0.001853s ]
ERR: 非法操作:
                学历
                
                    高职高专本科专业
                
                学科
                
                    哲学
                    经济学
                    法学
                    教育学
                    工学
                    文学
                    历史学
                    理学
                    农学
                    管理学
                    艺术学
                
                专业类别
                
                    哲学
                 
                
                专业名称
                
                    哲学
                    经济学
                    法学
                    教育学
                    工学
                
            

[ 2017-03-17T13:53:50+08:00 ] ::1 /UCS/index.php/Home/Index/UCS/index.php/Home/Cn/ajax.html
INFO: [ app_begin ] --START--
INFO: Run Behavior\ReadHtmlCache [ RunTime:0.000695s ]
INFO: [ app_begin ] --END-- [ RunTime:0.001426s ]
ERR: 非法操作:
                学历
                
                    高职高专本科专业
                
                学科
                
                    哲学
                    经济学
                    法学
                    教育学
                    工学
                    文学
                    历史学
                    理学
                    农学
                    管理学
                    艺术学
                
                专业类别
                
                    哲学
                 
                
                专业名称
                
                    哲学
                    经济学
                    法学
                    教育学
                    工学
                
            

[ 2017-03-17T13:54:47+08:00 ] ::1 /UCS/index.php/Home/Index/Home/Cn/ajax.html
INFO: [ app_begin ] --START--
INFO: Run Behavior\ReadHtmlCache [ RunTime:0.000300s ]
INFO: [ app_begin ] --END-- [ RunTime:0.000619s ]
ERR: 非法操作:
                学历
                
                    高职高专本科专业
                
                学科
                
                    哲学
                    经济学
                    法学
                    教育学
                    工学
                    文学
                    历史学
                    理学
                    农学
                    管理学
                    艺术学
                
                专业类别
                
                    哲学
                 
                
                专业名称
                
                    哲学
                    经济学
                    法学
                    教育学
                    工学
                
            

[ 2017-03-17T13:54:54+08:00 ] ::1 /UCS/index.php/Home/Index/choose.html
INFO: [ app_begin ] --START--
INFO: Run Behavior\ReadHtmlCache [ RunTime:0.000312s ]
INFO: [ app_begin ] --END-- [ RunTime:0.000578s ]
ERR: 非法操作:
                学历
                
                    高职高专本科专业
                
                学科
                
                    哲学
                    经济学
                    法学
                    教育学
                    工学
                    文学
                    历史学
                    理学
                    农学
                    管理学
                    艺术学
                
                专业类别
                
                    哲学
                 
                
                专业名称
                
                    哲学
                    经济学
                    法学
                    教育学
                    工学
                
            

[ 2017-03-17T13:56:27+08:00 ] ::1 /UCS/index.php/Home/Index/Home/Cn/ajax.html
INFO: [ app_begin ] --START--
INFO: Run Behavior\ReadHtmlCache [ RunTime:0.000845s ]
INFO: [ app_begin ] --END-- [ RunTime:0.001539s ]
ERR: 非法操作:
                学历
                
                    高职高专本科专业
                
                学科
                
                    哲学
                    经济学
                    法学
                    教育学
                    工学
                    文学
                    历史学
                    理学
                    农学
                    管理学
                    艺术学
                
                专业类别
                
                    哲学
                 
                
                专业名称
                
                    哲学
                    经济学
                    法学
                    教育学
                    工学
                
            

[ 2017-03-17T13:56:27+08:00 ] ::1 /UCS/index.php/Home/Index/Home/Cn/ajax.html
INFO: [ app_begin ] --START--
INFO: Run Behavior\ReadHtmlCache [ RunTime:0.000311s ]
INFO: [ app_begin ] --END-- [ RunTime:0.000552s ]
ERR: 非法操作:
                学历
                
                    高职高专本科专业
                
                学科
                
                    哲学
                    经济学
                    法学
                    教育学
                    工学
                    文学
                    历史学
                    理学
                    农学
                    管理学
                    艺术学
                
                专业类别
                
                    哲学
                 
                
                专业名称
                
                    哲学
                    经济学
                    法学
                    教育学
                    工学
                
            

[ 2017-03-17T13:56:31+08:00 ] ::1 /UCS/index.php/Home/Index/Home/Cn/ajax.html
INFO: [ app_begin ] --START--
INFO: Run Behavior\ReadHtmlCache [ RunTime:0.000646s ]
INFO: [ app_begin ] --END-- [ RunTime:0.001147s ]
ERR: 非法操作:
                学历
                
                    高职高专本科专业
                
                学科
                
                    哲学
                    经济学
                    法学
                    教育学
                    工学
                    文学
                    历史学
                    理学
                    农学
                    管理学
                    艺术学
                
                专业类别
                
                    哲学
                 
                
                专业名称
                
                    哲学
                    经济学
                    法学
                    教育学
                    工学
                
            

[ 2017-03-17T13:56:31+08:00 ] ::1 /UCS/index.php/Home/Index/Home/Cn/ajax.html
INFO: [ app_begin ] --START--
INFO: Run Behavior\ReadHtmlCache [ RunTime:0.000643s ]
INFO: [ app_begin ] --END-- [ RunTime:0.002369s ]
ERR: 非法操作:
                学历
                
                    高职高专本科专业
                
                学科
                
                    哲学
                    经济学
                    法学
                    教育学
                    工学
                    文学
                    历史学
                    理学
                    农学
                    管理学
                    艺术学
                
                专业类别
                
                    哲学
                 
                
                专业名称
                
                    哲学
                    经济学
                    法学
                    教育学
                    工学
                
            

[ 2017-03-17T13:56:43+08:00 ] ::1 /UCS/index.php/Home/Index/Home/Cn/ajax.html
INFO: [ app_begin ] --START--
INFO: Run Behavior\ReadHtmlCache [ RunTime:0.000551s ]
INFO: [ app_begin ] --END-- [ RunTime:0.001430s ]
ERR: 非法操作:
                学历
                
                    高职高专本科专业
                
                学科
                
                    哲学
                    经济学
                    法学
                    教育学
                    工学
                    文学
                    历史学
                    理学
                    农学
                    管理学
                    艺术学
                
                专业类别
                
                    哲学
                 
                
                专业名称
                
                    哲学
                    经济学
                    法学
                    教育学
                    工学
                
            

[ 2017-03-17T13:58:26+08:00 ] ::1 /UCS/index.php/Home/Index/choose.html
INFO: [ app_begin ] --START--
INFO: Run Behavior\ReadHtmlCache [ RunTime:0.000982s ]
INFO: [ app_begin ] --END-- [ RunTime:0.001592s ]
ERR: 非法操作:
                学历
                
                    高职高专本科专业
                
                学科
                
                    哲学
                    经济学
                    法学
                    教育学
                    工学
                    文学
                    历史学
                    理学
                    农学
                    管理学
                    艺术学
                
                专业类别
                
                    哲学
                 
                
                专业名称
                
                    哲学
                    经济学
                    法学
                    教育学
                    工学
                
            

[ 2017-03-17T13:59:22+08:00 ] ::1 /UCS/index.php/Home/Index/choose.html
INFO: [ app_begin ] --START--
INFO: Run Behavior\ReadHtmlCache [ RunTime:0.000387s ]
INFO: [ app_begin ] --END-- [ RunTime:0.000891s ]
ERR: 非法操作:本科专业

[ 2017-03-17T14:01:12+08:00 ] ::1 /UCS/index.php/Home/Index/choose.html
INFO: [ app_begin ] --START--
INFO: Run Behavior\ReadHtmlCache [ RunTime:0.001668s ]
INFO: [ app_begin ] --END-- [ RunTime:0.002624s ]
ERR: 非法操作:本科专业

[ 2017-03-17T14:01:46+08:00 ] ::1 /UCS/index.php/Home/Index/choose.html
INFO: [ app_begin ] --START--
INFO: Run Behavior\ReadHtmlCache [ RunTime:0.000321s ]
INFO: [ app_begin ] --END-- [ RunTime:0.001058s ]
ERR: 非法操作:本科专业

[ 2017-03-17T14:03:30+08:00 ] ::1 /UCS/index.php/Home/Index
INFO: [ app_begin ] --START--
INFO: Run Behavior\ReadHtmlCache [ RunTime:0.000339s ]
INFO: [ app_begin ] --END-- [ RunTime:0.000897s ]
ERR: 非法操作:本科专业

[ 2017-03-17T14:05:19+08:00 ] ::1 /UCS/index.php/Home/Index/choose.html
INFO: [ app_begin ] --START--
INFO: Run Behavior\ReadHtmlCache [ RunTime:0.000310s ]
INFO: [ app_begin ] --END-- [ RunTime:0.000564s ]

[ 2017-03-17T14:06:36+08:00 ] ::1 /UCS/index.php/Home/Index/choose.html
INFO: [ app_begin ] --START--
INFO: Run Behavior\ReadHtmlCache [ RunTime:0.000310s ]
INFO: [ app_begin ] --END-- [ RunTime:0.000593s ]
ERR: 非法操作:本科专业

[ 2017-03-17T14:07:08+08:00 ] ::1 /UCS/index.php/Home/Index/choose.html
INFO: [ app_begin ] --START--
INFO: Run Behavior\ReadHtmlCache [ RunTime:0.000313s ]
INFO: [ app_begin ] --END-- [ RunTime:0.000593s ]

[ 2017-03-17T14:08:49+08:00 ] ::1 /UCS/index.php/Home/Index/choose.html
INFO: [ app_begin ] --START--
INFO: Run Behavior\ReadHtmlCache [ RunTime:0.000493s ]
INFO: [ app_begin ] --END-- [ RunTime:0.000982s ]

[ 2017-03-17T14:09:31+08:00 ] ::1 /UCS/index.php/Home/Index/%3C%7B:U('Home/Index/choose')%7D%3E
INFO: [ app_begin ] --START--
INFO: Run Behavior\ReadHtmlCache [ RunTime:0.000536s ]
INFO: [ app_begin ] --END-- [ RunTime:0.001089s ]
ERR: 非法操作:

[ 2017-03-17T14:10:19+08:00 ] ::1 /UCS/index.php/Home/Index/%3C%7B:U('Home/Index/choose')%7D%3E
INFO: [ app_begin ] --START--
INFO: Run Behavior\ReadHtmlCache [ RunTime:0.001125s ]
INFO: [ app_begin ] --END-- [ RunTime:0.001655s ]
ERR: 非法操作:

[ 2017-03-17T14:11:21+08:00 ] ::1 /UCS/index.php/Home/Index/choose.html
INFO: [ app_begin ] --START--
INFO: Run Behavior\ReadHtmlCache [ RunTime:0.001096s ]
INFO: [ app_begin ] --END-- [ RunTime:0.002063s ]

[ 2017-03-17T14:13:32+08:00 ] ::1 /UCS/index.php/Home/Index/choose.html
INFO: [ app_begin ] --START--
INFO: Run Behavior\ReadHtmlCache [ RunTime:0.000331s ]
INFO: [ app_begin ] --END-- [ RunTime:0.000756s ]

[ 2017-03-17T14:14:13+08:00 ] ::1 /UCS/index.php/Home/Index/choose.html
INFO: [ app_begin ] --START--
INFO: Run Behavior\ReadHtmlCache [ RunTime:0.001266s ]
INFO: [ app_begin ] --END-- [ RunTime:0.002223s ]

[ 2017-03-17T14:14:17+08:00 ] ::1 /UCS/index.php/Home/Index/choose.html
INFO: [ app_begin ] --START--
INFO: Run Behavior\ReadHtmlCache [ RunTime:0.001050s ]
INFO: [ app_begin ] --END-- [ RunTime:0.001990s ]

[ 2017-03-17T14:14:45+08:00 ] ::1 /UCS/index.php/Home/Index/choose.html
INFO: [ app_begin ] --START--
INFO: Run Behavior\ReadHtmlCache [ RunTime:0.000318s ]
INFO: [ app_begin ] --END-- [ RunTime:0.000580s ]

[ 2017-03-17T14:14:57+08:00 ] ::1 /UCS/index.php/Home/Index/choose.html
INFO: [ app_begin ] --START--
INFO: Run Behavior\ReadHtmlCache [ RunTime:0.001174s ]
INFO: [ app_begin ] --END-- [ RunTime:0.002146s ]

[ 2017-03-17T14:15:00+08:00 ] ::1 /UCS/index.php/Home/Index/choose.html
INFO: [ app_begin ] --START--
INFO: Run Behavior\ReadHtmlCache [ RunTime:0.000505s ]
INFO: [ app_begin ] --END-- [ RunTime:0.001251s ]

[ 2017-03-17T14:31:12+08:00 ] ::1 /UCS/index.php/Home/Index/choose.html
INFO: [ app_begin ] --START--
INFO: Run Behavior\ReadHtmlCache [ RunTime:0.000603s ]
INFO: [ app_begin ] --END-- [ RunTime:0.001147s ]

[ 2017-03-17T14:31:15+08:00 ] ::1 /UCS/index.php/Home/Index/choose.html
INFO: [ app_begin ] --START--
INFO: Run Behavior\ReadHtmlCache [ RunTime:0.001307s ]
INFO: [ app_begin ] --END-- [ RunTime:0.002246s ]

[ 2017-03-17T17:42:25+08:00 ] ::1 /UCS/index.php/Home/Index/choose.html
INFO: [ app_begin ] --START--
INFO: Run Behavior\ReadHtmlCache [ RunTime:0.001370s ]
INFO: [ app_begin ] --END-- [ RunTime:0.002141s ]

[ 2017-03-17T17:42:31+08:00 ] ::1 /UCS/index.php/Home/Index/choose.html
INFO: [ app_begin ] --START--
INFO: Run Behavior\ReadHtmlCache [ RunTime:0.000304s ]
INFO: [ app_begin ] --END-- [ RunTime:0.000576s ]

[ 2017-03-17T17:45:35+08:00 ] ::1 /UCS/index.php/Home/Index/choose.html
INFO: [ app_begin ] --START--
INFO: Run Behavior\ReadHtmlCache [ RunTime:0.001474s ]
INFO: [ app_begin ] --END-- [ RunTime:0.004747s ]

[ 2017-03-17T17:45:38+08:00 ] ::1 /UCS/index.php/Home/Index/choose.html
INFO: [ app_begin ] --START--
INFO: Run Behavior\ReadHtmlCache [ RunTime:0.000311s ]
INFO: [ app_begin ] --END-- [ RunTime:0.000562s ]

[ 2017-03-17T17:45:40+08:00 ] ::1 /UCS/index.php/Home/Index/choose.html
INFO: [ app_begin ] --START--
INFO: Run Behavior\ReadHtmlCache [ RunTime:0.000558s ]
INFO: [ app_begin ] --END-- [ RunTime:0.001065s ]

[ 2017-03-17T17:45:55+08:00 ] ::1 /UCS/index.php/Home/Index/choose.html
INFO: [ app_begin ] --START--
INFO: Run Behavior\ReadHtmlCache [ RunTime:0.000610s ]
INFO: [ app_begin ] --END-- [ RunTime:0.001008s ]

[ 2017-03-17T17:46:49+08:00 ] ::1 /UCS/index.php/Home/Index/choose.html
INFO: [ app_begin ] --START--
INFO: Run Behavior\ReadHtmlCache [ RunTime:0.000332s ]
INFO: [ app_begin ] --END-- [ RunTime:0.000598s ]

[ 2017-03-17T17:46:57+08:00 ] ::1 /UCS/index.php/Home/Index/choose.html
INFO: [ app_begin ] --START--
INFO: Run Behavior\ReadHtmlCache [ RunTime:0.000346s ]
INFO: [ app_begin ] --END-- [ RunTime:0.000617s ]

[ 2017-03-17T17:47:02+08:00 ] ::1 /UCS/index.php/Home/Index/choose.html
INFO: [ app_begin ] --START--
INFO: Run Behavior\ReadHtmlCache [ RunTime:0.000518s ]
INFO: [ app_begin ] --END-- [ RunTime:0.001010s ]

[ 2017-03-17T17:47:06+08:00 ] ::1 /UCS/index.php/Home/Index/choose.html
INFO: [ app_begin ] --START--
INFO: Run Behavior\ReadHtmlCache [ RunTime:0.000832s ]
INFO: [ app_begin ] --END-- [ RunTime:0.001424s ]

[ 2017-03-17T17:49:57+08:00 ] ::1 /UCS/index.php/Home/Index/choose.html
INFO: [ app_begin ] --START--
INFO: Run Behavior\ReadHtmlCache [ RunTime:0.001353s ]
INFO: [ app_begin ] --END-- [ RunTime:0.002116s ]

[ 2017-03-17T17:50:01+08:00 ] ::1 /UCS/index.php/Home/Index/choose.html
INFO: [ app_begin ] --START--
INFO: Run Behavior\ReadHtmlCache [ RunTime:0.000333s ]
INFO: [ app_begin ] --END-- [ RunTime:0.000597s ]

[ 2017-03-17T17:50:06+08:00 ] ::1 /UCS/index.php/Home/Index/choose.html
INFO: [ app_begin ] --START--
INFO: Run Behavior\ReadHtmlCache [ RunTime:0.001175s ]
INFO: [ app_begin ] --END-- [ RunTime:0.001766s ]

[ 2017-03-17T17:50:16+08:00 ] ::1 /UCS/index.php/Home/Index/choose.html
INFO: [ app_begin ] --START--
INFO: Run Behavior\ReadHtmlCache [ RunTime:0.001448s ]
INFO: [ app_begin ] --END-- [ RunTime:0.003251s ]

[ 2017-03-17T17:50:21+08:00 ] ::1 /UCS/index.php/Home/Index/choose.html
INFO: [ app_begin ] --START--
INFO: Run Behavior\ReadHtmlCache [ RunTime:0.001570s ]
INFO: [ app_begin ] --END-- [ RunTime:0.002202s ]

[ 2017-03-17T17:53:44+08:00 ] ::1 /UCS/index.php/Home/Index/choose.html
INFO: [ app_begin ] --START--
INFO: Run Behavior\ReadHtmlCache [ RunTime:0.000321s ]
INFO: [ app_begin ] --END-- [ RunTime:0.000603s ]

[ 2017-03-17T17:54:41+08:00 ] ::1 /UCS/index.php/Home/Index/choose.html
INFO: [ app_begin ] --START--
INFO: Run Behavior\ReadHtmlCache [ RunTime:0.000461s ]
INFO: [ app_begin ] --END-- [ RunTime:0.000905s ]

[ 2017-03-17T17:54:46+08:00 ] ::1 /UCS/index.php/Home/Index/choose.html
INFO: [ app_begin ] --START--
INFO: Run Behavior\ReadHtmlCache [ RunTime:0.001500s ]
INFO: [ app_begin ] --END-- [ RunTime:0.002174s ]

[ 2017-03-17T19:57:19+08:00 ] ::1 /UCS/index.php/Home/Index/choose.html
INFO: [ app_begin ] --START--
INFO: Run Behavior\ReadHtmlCache [ RunTime:0.000304s ]
INFO: [ app_begin ] --END-- [ RunTime:0.000579s ]

[ 2017-03-17T19:57:35+08:00 ] ::1 /UCS/index.php/Home/Index/choose.html
INFO: [ app_begin ] --START--
INFO: Run Behavior\ReadHtmlCache [ RunTime:0.000333s ]
INFO: [ app_begin ] --END-- [ RunTime:0.000572s ]

[ 2017-03-17T19:58:13+08:00 ] ::1 /UCS/index.php/Home/Index/choose.html
INFO: [ app_begin ] --START--
INFO: Run Behavior\ReadHtmlCache [ RunTime:0.000302s ]
INFO: [ app_begin ] --END-- [ RunTime:0.000543s ]

[ 2017-03-17T19:58:55+08:00 ] ::1 /UCS/index.php/Home/Index/choose.html
INFO: [ app_begin ] --START--
INFO: Run Behavior\ReadHtmlCache [ RunTime:0.000676s ]
INFO: [ app_begin ] --END-- [ RunTime:0.001234s ]

[ 2017-03-17T19:59:09+08:00 ] ::1 /UCS/index.php/Home/Index/choose.html
INFO: [ app_begin ] --START--
INFO: Run Behavior\ReadHtmlCache [ RunTime:0.000305s ]
INFO: [ app_begin ] --END-- [ RunTime:0.000570s ]

[ 2017-03-17T20:00:06+08:00 ] ::1 /UCS/index.php/Home/Index/choose.html
INFO: [ app_begin ] --START--
INFO: Run Behavior\ReadHtmlCache [ RunTime:0.000543s ]
INFO: [ app_begin ] --END-- [ RunTime:0.000903s ]

[ 2017-03-17T20:00:28+08:00 ] ::1 /UCS/index.php/Home/Index/choose.html
INFO: [ app_begin ] --START--
INFO: Run Behavior\ReadHtmlCache [ RunTime:0.001032s ]
INFO: [ app_begin ] --END-- [ RunTime:0.001769s ]

[ 2017-03-17T20:00:51+08:00 ] ::1 /UCS/index.php/Home/Index/choose.html
INFO: [ app_begin ] --START--
INFO: Run Behavior\ReadHtmlCache [ RunTime:0.000566s ]
INFO: [ app_begin ] --END-- [ RunTime:0.001269s ]

[ 2017-03-17T20:05:37+08:00 ] ::1 /UCS/index.php/Home/Index/choose.html
INFO: [ app_begin ] --START--
INFO: Run Behavior\ReadHtmlCache [ RunTime:0.000381s ]
INFO: [ app_begin ] --END-- [ RunTime:0.000644s ]

[ 2017-03-17T20:05:40+08:00 ] ::1 /UCS/index.php/Home/Index/choose.html
INFO: [ app_begin ] --START--
INFO: Run Behavior\ReadHtmlCache [ RunTime:0.000639s ]
INFO: [ app_begin ] --END-- [ RunTime:0.001400s ]

[ 2017-03-17T20:12:26+08:00 ] ::1 /UCS/index.php/Home/Index/choose.html
INFO: [ app_begin ] --START--
INFO: Run Behavior\ReadHtmlCache [ RunTime:0.000512s ]
INFO: [ app_begin ] --END-- [ RunTime:0.001014s ]

[ 2017-03-17T20:12:29+08:00 ] ::1 /UCS/index.php/Home/Index/choose.html
INFO: [ app_begin ] --START--
INFO: Run Behavior\ReadHtmlCache [ RunTime:0.000474s ]
INFO: [ app_begin ] --END-- [ RunTime:0.002040s ]

[ 2017-03-17T20:14:59+08:00 ] ::1 /UCS/index.php/Home/Index/choose.html
INFO: [ app_begin ] --START--
INFO: Run Behavior\ReadHtmlCache [ RunTime:0.000320s ]
INFO: [ app_begin ] --END-- [ RunTime:0.000609s ]

[ 2017-03-17T20:15:44+08:00 ] ::1 /UCS/index.php/Home/Index/choose.html
INFO: [ app_begin ] --START--
INFO: Run Behavior\ReadHtmlCache [ RunTime:0.000457s ]
INFO: [ app_begin ] --END-- [ RunTime:0.000856s ]

[ 2017-03-17T20:15:47+08:00 ] ::1 /UCS/index.php/Home/Index/choose.html
INFO: [ app_begin ] --START--
INFO: Run Behavior\ReadHtmlCache [ RunTime:0.002089s ]
INFO: [ app_begin ] --END-- [ RunTime:0.003498s ]

[ 2017-03-17T20:15:49+08:00 ] ::1 /UCS/index.php/Home/Index/choose.html
INFO: [ app_begin ] --START--
INFO: Run Behavior\ReadHtmlCache [ RunTime:0.000492s ]
INFO: [ app_begin ] --END-- [ RunTime:0.001601s ]

[ 2017-03-17T20:15:51+08:00 ] ::1 /UCS/index.php/Home/Index/choose.html
INFO: [ app_begin ] --START--
INFO: Run Behavior\ReadHtmlCache [ RunTime:0.000747s ]
INFO: [ app_begin ] --END-- [ RunTime:0.002076s ]

[ 2017-03-17T20:15:54+08:00 ] ::1 /UCS/index.php/Home/Index/choose.html
INFO: [ app_begin ] --START--
INFO: Run Behavior\ReadHtmlCache [ RunTime:0.000517s ]
INFO: [ app_begin ] --END-- [ RunTime:0.000891s ]

[ 2017-03-17T20:21:26+08:00 ] ::1 /UCS/index.php/Home/Index/choose.html
INFO: [ app_begin ] --START--
INFO: Run Behavior\ReadHtmlCache [ RunTime:0.000304s ]
INFO: [ app_begin ] --END-- [ RunTime:0.000541s ]

[ 2017-03-17T21:40:41+08:00 ] ::1 /UCS/index.php/Home/Index/choose.html
INFO: [ app_begin ] --START--
INFO: Run Behavior\ReadHtmlCache [ RunTime:0.000327s ]
INFO: [ app_begin ] --END-- [ RunTime:0.000640s ]

[ 2017-03-17T21:40:41+08:00 ] ::1 /UCS/index.php/Home/Index/choose.html
INFO: [ app_begin ] --START--
INFO: Run Behavior\ReadHtmlCache [ RunTime:0.000916s ]
INFO: [ app_begin ] --END-- [ RunTime:0.002219s ]
INFO: [ view_parse ] --START--
INFO: [ template_filter ] --START--
INFO: Run Behavior\ContentReplace [ RunTime:0.000036s ]
INFO: [ template_filter ] --END-- [ RunTime:0.000081s ]
INFO: Run Behavior\ParseTemplate [ RunTime:0.006669s ]
INFO: [ view_parse ] --END-- [ RunTime:0.006733s ]
INFO: [ view_filter ] --START--
INFO: Run Behavior\WriteHtmlCache [ RunTime:0.000195s ]
INFO: [ view_filter ] --END-- [ RunTime:0.000223s ]
INFO: [ app_end ] --START--
INFO: Run Behavior\ShowPageTrace [ RunTime:0.000337s ]
INFO: [ app_end ] --END-- [ RunTime:0.000368s ]

[ 2017-03-17T21:40:56+08:00 ] ::1 /UCS/index.php/Home/Index/choose.html
INFO: [ app_begin ] --START--
INFO: Run Behavior\ReadHtmlCache [ RunTime:0.000449s ]
INFO: [ app_begin ] --END-- [ RunTime:0.000805s ]

[ 2017-03-17T21:40:56+08:00 ] ::1 /UCS/index.php/Home/Index/choose.html
INFO: [ app_begin ] --START--
INFO: Run Behavior\ReadHtmlCache [ RunTime:0.000406s ]
INFO: [ app_begin ] --END-- [ RunTime:0.000661s ]
INFO: [ view_parse ] --START--
INFO: [ template_filter ] --START--
INFO: Run Behavior\ContentReplace [ RunTime:0.000038s ]
INFO: [ template_filter ] --END-- [ RunTime:0.000089s ]
INFO: Run Behavior\ParseTemplate [ RunTime:0.010267s ]
INFO: [ view_parse ] --END-- [ RunTime:0.010315s ]
INFO: [ view_filter ] --START--
INFO: Run Behavior\WriteHtmlCache [ RunTime:0.000155s ]
INFO: [ view_filter ] --END-- [ RunTime:0.000183s ]
INFO: [ app_end ] --START--
INFO: Run Behavior\ShowPageTrace [ RunTime:0.000359s ]
INFO: [ app_end ] --END-- [ RunTime:0.000395s ]

[ 2017-03-17T21:41:07+08:00 ] ::1 /UCS/index.php/Home/Index/choose.html
INFO: [ app_begin ] --START--
INFO: Run Behavior\ReadHtmlCache [ RunTime:0.000722s ]
INFO: [ app_begin ] --END-- [ RunTime:0.001154s ]

[ 2017-03-17T21:41:07+08:00 ] ::1 /UCS/index.php/Home/Index/choose.html
INFO: [ app_begin ] --START--
INFO: Run Behavior\ReadHtmlCache [ RunTime:0.000637s ]
INFO: [ app_begin ] --END-- [ RunTime:0.001173s ]
INFO: [ view_parse ] --START--
INFO: [ template_filter ] --START--
INFO: Run Behavior\ContentReplace [ RunTime:0.000036s ]
INFO: [ template_filter ] --END-- [ RunTime:0.000083s ]
INFO: Run Behavior\ParseTemplate [ RunTime:0.007721s ]
INFO: [ view_parse ] --END-- [ RunTime:0.007812s ]
INFO: [ view_filter ] --START--
INFO: Run Behavior\WriteHtmlCache [ RunTime:0.000150s ]
INFO: [ view_filter ] --END-- [ RunTime:0.000180s ]
INFO: [ app_end ] --START--
INFO: Run Behavior\ShowPageTrace [ RunTime:0.000351s ]
INFO: [ app_end ] --END-- [ RunTime:0.000383s ]

[ 2017-03-17T21:41:18+08:00 ] ::1 /UCS/index.php/Home/Index/choose.html
INFO: [ app_begin ] --START--
INFO: Run Behavior\ReadHtmlCache [ RunTime:0.001270s ]
INFO: [ app_begin ] --END-- [ RunTime:0.001993s ]

[ 2017-03-17T21:41:18+08:00 ] ::1 /UCS/index.php/Home/Index/choose.html
INFO: [ app_begin ] --START--
INFO: Run Behavior\ReadHtmlCache [ RunTime:0.000344s ]
INFO: [ app_begin ] --END-- [ RunTime:0.000747s ]
INFO: [ view_parse ] --START--
INFO: [ template_filter ] --START--
INFO: Run Behavior\ContentReplace [ RunTime:0.000033s ]
INFO: [ template_filter ] --END-- [ RunTime:0.000072s ]
INFO: Run Behavior\ParseTemplate [ RunTime:0.004925s ]
INFO: [ view_parse ] --END-- [ RunTime:0.004968s ]
INFO: [ view_filter ] --START--
INFO: Run Behavior\WriteHtmlCache [ RunTime:0.000141s ]
INFO: [ view_filter ] --END-- [ RunTime:0.000168s ]
INFO: [ app_end ] --START--
INFO: Run Behavior\ShowPageTrace [ RunTime:0.000335s ]
INFO: [ app_end ] --END-- [ RunTime:0.000373s ]

[ 2017-03-17T21:41:49+08:00 ] ::1 /UCS/index.php/Home/Index/choose.html
INFO: [ app_begin ] --START--
INFO: Run Behavior\ReadHtmlCache [ RunTime:0.000764s ]
INFO: [ app_begin ] --END-- [ RunTime:0.001353s ]

[ 2017-03-17T21:41:49+08:00 ] ::1 /UCS/index.php/Home/Index/choose.html
INFO: [ app_begin ] --START--
INFO: Run Behavior\ReadHtmlCache [ RunTime:0.000293s ]
INFO: [ app_begin ] --END-- [ RunTime:0.000526s ]
INFO: [ view_parse ] --START--
INFO: [ template_filter ] --START--
INFO: Run Behavior\ContentReplace [ RunTime:0.000033s ]
INFO: [ template_filter ] --END-- [ RunTime:0.000082s ]
INFO: Run Behavior\ParseTemplate [ RunTime:0.006530s ]
INFO: [ view_parse ] --END-- [ RunTime:0.006582s ]
INFO: [ view_filter ] --START--
INFO: Run Behavior\WriteHtmlCache [ RunTime:0.000236s ]
INFO: [ view_filter ] --END-- [ RunTime:0.000268s ]
INFO: [ app_end ] --START--
INFO: Run Behavior\ShowPageTrace [ RunTime:0.000388s ]
INFO: [ app_end ] --END-- [ RunTime:0.000424s ]

[ 2017-03-17T21:41:50+08:00 ] ::1 /UCS/index.php/Home/Index/choose.html
INFO: [ app_begin ] --START--
INFO: Run Behavior\ReadHtmlCache [ RunTime:0.000544s ]
INFO: [ app_begin ] --END-- [ RunTime:0.001811s ]

[ 2017-03-17T21:41:50+08:00 ] ::1 /UCS/index.php/Home/Index/choose.html
INFO: [ app_begin ] --START--
INFO: Run Behavior\ReadHtmlCache [ RunTime:0.000294s ]
INFO: [ app_begin ] --END-- [ RunTime:0.000526s ]
INFO: [ view_parse ] --START--
INFO: [ template_filter ] --START--
INFO: Run Behavior\ContentReplace [ RunTime:0.000038s ]
INFO: [ template_filter ] --END-- [ RunTime:0.000088s ]
INFO: Run Behavior\ParseTemplate [ RunTime:0.006898s ]
INFO: [ view_parse ] --END-- [ RunTime:0.006949s ]
INFO: [ view_filter ] --START--
INFO: Run Behavior\WriteHtmlCache [ RunTime:0.000216s ]
INFO: [ view_filter ] --END-- [ RunTime:0.000246s ]
INFO: [ app_end ] --START--
INFO: Run Behavior\ShowPageTrace [ RunTime:0.000369s ]
INFO: [ app_end ] --END-- [ RunTime:0.000404s ]

[ 2017-03-17T21:42:11+08:00 ] ::1 /UCS/index.php/Home/Index/choose.html
INFO: [ app_begin ] --START--
INFO: Run Behavior\ReadHtmlCache [ RunTime:0.000333s ]
INFO: [ app_begin ] --END-- [ RunTime:0.000718s ]

[ 2017-03-17T21:42:11+08:00 ] ::1 /UCS/index.php/Home/Index/choose.html
INFO: [ app_begin ] --START--
INFO: Run Behavior\ReadHtmlCache [ RunTime:0.000524s ]
INFO: [ app_begin ] --END-- [ RunTime:0.001188s ]
INFO: [ view_parse ] --START--
INFO: [ template_filter ] --START--
INFO: Run Behavior\ContentReplace [ RunTime:0.000035s ]
INFO: [ template_filter ] --END-- [ RunTime:0.000074s ]
INFO: Run Behavior\ParseTemplate [ RunTime:0.005027s ]
INFO: [ view_parse ] --END-- [ RunTime:0.005078s ]
INFO: [ view_filter ] --START--
INFO: Run Behavior\WriteHtmlCache [ RunTime:0.000214s ]
INFO: [ view_filter ] --END-- [ RunTime:0.000252s ]
INFO: [ app_end ] --START--
INFO: Run Behavior\ShowPageTrace [ RunTime:0.001142s ]
INFO: [ app_end ] --END-- [ RunTime:0.001255s ]

[ 2017-03-17T21:42:24+08:00 ] ::1 /UCS/index.php/Home/Index/choose.html
INFO: [ app_begin ] --START--
INFO: Run Behavior\ReadHtmlCache [ RunTime:0.000554s ]
INFO: [ app_begin ] --END-- [ RunTime:0.001020s ]

[ 2017-03-17T21:47:34+08:00 ] ::1 /UCS/index.php/Home/Index/choose.html
INFO: [ app_begin ] --START--
INFO: Run Behavior\ReadHtmlCache [ RunTime:0.000431s ]
INFO: [ app_begin ] --END-- [ RunTime:0.000751s ]

[ 2017-03-17T21:47:34+08:00 ] ::1 /UCS/index.php/Home/Index/choose.html
INFO: [ app_begin ] --START--
INFO: Run Behavior\ReadHtmlCache [ RunTime:0.000615s ]
INFO: [ app_begin ] --END-- [ RunTime:0.001123s ]

[ 2017-03-17T21:47:36+08:00 ] ::1 /UCS/index.php/Home/Index/choose.html
INFO: [ app_begin ] --START--
INFO: Run Behavior\ReadHtmlCache [ RunTime:0.000858s ]
INFO: [ app_begin ] --END-- [ RunTime:0.001882s ]

[ 2017-03-17T21:47:36+08:00 ] ::1 /UCS/index.php/Home/Index/choose.html
INFO: [ app_begin ] --START--
INFO: Run Behavior\ReadHtmlCache [ RunTime:0.000537s ]
INFO: [ app_begin ] --END-- [ RunTime:0.001683s ]

[ 2017-03-17T21:47:38+08:00 ] ::1 /UCS/index.php/Home/Index/choose.html
INFO: [ app_begin ] --START--
INFO: Run Behavior\ReadHtmlCache [ RunTime:0.000545s ]
INFO: [ app_begin ] --END-- [ RunTime:0.000949s ]

[ 2017-03-17T22:02:28+08:00 ] ::1 /UCS/index.php/Home/Index/choose.html
INFO: [ app_begin ] --START--
INFO: Run Behavior\ReadHtmlCache [ RunTime:0.001137s ]
INFO: [ app_begin ] --END-- [ RunTime:0.001842s ]

[ 2017-03-17T22:02:29+08:00 ] ::1 /UCS/index.php/Home/Index/choose.html
INFO: [ app_begin ] --START--
INFO: Run Behavior\ReadHtmlCache [ RunTime:0.000350s ]
INFO: [ app_begin ] --END-- [ RunTime:0.000824s ]

[ 2017-03-17T22:03:34+08:00 ] ::1 /UCS/index.php/Home/Index/choose.html
INFO: [ app_begin ] --START--
INFO: Run Behavior\ReadHtmlCache [ RunTime:0.000565s ]
INFO: [ app_begin ] --END-- [ RunTime:0.001090s ]

[ 2017-03-17T22:03:40+08:00 ] ::1 /UCS/index.php/Home/Index/choose.html
INFO: [ app_begin ] --START--
INFO: Run Behavior\ReadHtmlCache [ RunTime:0.001126s ]
INFO: [ app_begin ] --END-- [ RunTime:0.002399s ]

[ 2017-03-17T22:03:41+08:00 ] ::1 /UCS/index.php/Home/Index/choose.html
INFO: [ app_begin ] --START--
INFO: Run Behavior\ReadHtmlCache [ RunTime:0.001408s ]
INFO: [ app_begin ] --END-- [ RunTime:0.002538s ]

[ 2017-03-17T22:03:41+08:00 ] ::1 /UCS/index.php/Home/Index/choose.html
INFO: [ app_begin ] --START--
INFO: Run Behavior\ReadHtmlCache [ RunTime:0.000475s ]
INFO: [ app_begin ] --END-- [ RunTime:0.000843s ]

[ 2017-03-17T22:03:42+08:00 ] ::1 /UCS/index.php/Home/Index/choose.html
INFO: [ app_begin ] --START--
INFO: Run Behavior\ReadHtmlCache [ RunTime:0.000495s ]
INFO: [ app_begin ] --END-- [ RunTime:0.001297s ]

[ 2017-03-17T22:03:42+08:00 ] ::1 /UCS/index.php/Home/Index/choose.html
INFO: [ app_begin ] --START--
INFO: Run Behavior\ReadHtmlCache [ RunTime:0.000466s ]
INFO: [ app_begin ] --END-- [ RunTime:0.000858s ]

[ 2017-03-17T22:03:43+08:00 ] ::1 /UCS/index.php/Home/Index/choose.html
INFO: [ app_begin ] --START--
INFO: Run Behavior\ReadHtmlCache [ RunTime:0.001087s ]
INFO: [ app_begin ] --END-- [ RunTime:0.002204s ]

[ 2017-03-17T22:03:47+08:00 ] ::1 /UCS/index.php/Home/Index/choose.html
INFO: [ app_begin ] --START--
INFO: Run Behavior\ReadHtmlCache [ RunTime:0.000510s ]
INFO: [ app_begin ] --END-- [ RunTime:0.000976s ]

[ 2017-03-17T22:03:48+08:00 ] ::1 /UCS/index.php/Home/Index/choose.html
INFO: [ app_begin ] --START--
INFO: Run Behavior\ReadHtmlCache [ RunTime:0.000447s ]
INFO: [ app_begin ] --END-- [ RunTime:0.001364s ]

[ 2017-03-17T22:03:48+08:00 ] ::1 /UCS/index.php/Home/Index/choose.html
INFO: [ app_begin ] --START--
INFO: Run Behavior\ReadHtmlCache [ RunTime:0.000930s ]
INFO: [ app_begin ] --END-- [ RunTime:0.001842s ]

[ 2017-03-17T22:03:52+08:00 ] ::1 /UCS/index.php/Home/Index/choose.html
INFO: [ app_begin ] --START--
INFO: Run Behavior\ReadHtmlCache [ RunTime:0.000967s ]
INFO: [ app_begin ] --END-- [ RunTime:0.002144s ]

[ 2017-03-17T22:04:02+08:00 ] ::1 /UCS/index.php/Home/Index/choose.html
INFO: [ app_begin ] --START--
INFO: Run Behavior\ReadHtmlCache [ RunTime:0.000378s ]
INFO: [ app_begin ] --END-- [ RunTime:0.001731s ]

[ 2017-03-17T22:04:05+08:00 ] ::1 /UCS/index.php/Home/Index/choose.html
INFO: [ app_begin ] --START--
INFO: Run Behavior\ReadHtmlCache [ RunTime:0.000424s ]
INFO: [ app_begin ] --END-- [ RunTime:0.000820s ]

[ 2017-03-17T22:06:57+08:00 ] ::1 /UCS/index.php/Home/Index/choose.html
INFO: [ app_begin ] --START--
INFO: Run Behavior\ReadHtmlCache [ RunTime:0.000606s ]
INFO: [ app_begin ] --END-- [ RunTime:0.001565s ]

[ 2017-03-17T22:07:05+08:00 ] ::1 /UCS/index.php/Home/Index/choose.html
INFO: [ app_begin ] --START--
INFO: Run Behavior\ReadHtmlCache [ RunTime:0.000566s ]
INFO: [ app_begin ] --END-- [ RunTime:0.001125s ]

[ 2017-03-17T22:07:06+08:00 ] ::1 /UCS/index.php/Home/Index/choose.html
INFO: [ app_begin ] --START--
INFO: Run Behavior\ReadHtmlCache [ RunTime:0.000467s ]
INFO: [ app_begin ] --END-- [ RunTime:0.000958s ]

[ 2017-03-17T22:07:07+08:00 ] ::1 /UCS/index.php/Home/Index/choose.html
INFO: [ app_begin ] --START--
INFO: Run Behavior\ReadHtmlCache [ RunTime:0.000463s ]
INFO: [ app_begin ] --END-- [ RunTime:0.000865s ]

[ 2017-03-17T22:07:11+08:00 ] ::1 /UCS/index.php/Home/Index/choose.html
INFO: [ app_begin ] --START--
INFO: Run Behavior\ReadHtmlCache [ RunTime:0.000507s ]
INFO: [ app_begin ] --END-- [ RunTime:0.000972s ]

[ 2017-03-17T22:07:40+08:00 ] ::1 /UCS/index.php/Home/Index/choose.html
INFO: [ app_begin ] --START--
INFO: Run Behavior\ReadHtmlCache [ RunTime:0.000445s ]
INFO: [ app_begin ] --END-- [ RunTime:0.000810s ]

[ 2017-03-17T22:07:56+08:00 ] ::1 /UCS/index.php/Home/Index/choose.html
INFO: [ app_begin ] --START--
INFO: Run Behavior\ReadHtmlCache [ RunTime:0.000347s ]
INFO: [ app_begin ] --END-- [ RunTime:0.000916s ]

[ 2017-03-17T22:08:28+08:00 ] ::1 /UCS/index.php/Home/Index/choose.html
INFO: [ app_begin ] --START--
INFO: Run Behavior\ReadHtmlCache [ RunTime:0.000884s ]
INFO: [ app_begin ] --END-- [ RunTime:0.001218s ]

[ 2017-03-17T22:09:16+08:00 ] ::1 /UCS/index.php/Home/Index/choose.html
INFO: [ app_begin ] --START--
INFO: Run Behavior\ReadHtmlCache [ RunTime:0.002618s ]
INFO: [ app_begin ] --END-- [ RunTime:0.003399s ]

[ 2017-03-17T22:09:27+08:00 ] ::1 /UCS/index.php/Home/Index/choose.html
INFO: [ app_begin ] --START--
INFO: Run Behavior\ReadHtmlCache [ RunTime:0.000929s ]
INFO: [ app_begin ] --END-- [ RunTime:0.001877s ]

[ 2017-03-17T22:10:04+08:00 ] ::1 /UCS/index.php/Home/Index/choose.html
INFO: [ app_begin ] --START--
INFO: Run Behavior\ReadHtmlCache [ RunTime:0.000442s ]
INFO: [ app_begin ] --END-- [ RunTime:0.000853s ]

[ 2017-03-17T23:29:38+08:00 ] ::1 /UCS/index.php/Home/Index/choose.html
INFO: [ app_begin ] --START--
INFO: Run Behavior\ReadHtmlCache [ RunTime:0.000368s ]
INFO: [ app_begin ] --END-- [ RunTime:0.000890s ]

[ 2017-03-17T23:29:39+08:00 ] ::1 /UCS/index.php/Home/Index/choose.html
INFO: [ app_begin ] --START--
INFO: Run Behavior\ReadHtmlCache [ RunTime:0.001068s ]
INFO: [ app_begin ] --END-- [ RunTime:0.001823s ]

[ 2017-03-17T23:29:50+08:00 ] ::1 /UCS/index.php/Home/Index/choose.html
INFO: [ app_begin ] --START--
INFO: Run Behavior\ReadHtmlCache [ RunTime:0.000691s ]
INFO: [ app_begin ] --END-- [ RunTime:0.001259s ]

[ 2017-03-17T23:32:56+08:00 ] ::1 /UCS/index.php/Home/Index/choose.html
INFO: [ app_begin ] --START--
INFO: Run Behavior\ReadHtmlCache [ RunTime:0.000553s ]
INFO: [ app_begin ] --END-- [ RunTime:0.000998s ]

[ 2017-03-17T23:32:56+08:00 ] ::1 /UCS/index.php/Home/Index/choose.html
INFO: [ app_begin ] --START--
INFO: Run Behavior\ReadHtmlCache [ RunTime:0.000470s ]
INFO: [ app_begin ] --END-- [ RunTime:0.000862s ]

[ 2017-03-17T23:32:56+08:00 ] ::1 /UCS/index.php/Home/Index/choose.html
INFO: [ app_begin ] --START--
INFO: Run Behavior\ReadHtmlCache [ RunTime:0.000475s ]
INFO: [ app_begin ] --END-- [ RunTime:0.000840s ]

[ 2017-03-17T23:32:57+08:00 ] ::1 /UCS/index.php/Home/Index/choose.html
INFO: [ app_begin ] --START--
INFO: Run Behavior\ReadHtmlCache [ RunTime:0.000328s ]
INFO: [ app_begin ] --END-- [ RunTime:0.000596s ]

[ 2017-03-17T23:32:57+08:00 ] ::1 /UCS/index.php/Home/Index/choose.html
INFO: [ app_begin ] --START--
INFO: Run Behavior\ReadHtmlCache [ RunTime:0.000321s ]
INFO: [ app_begin ] --END-- [ RunTime:0.000600s ]

[ 2017-03-17T23:32:57+08:00 ] ::1 /UCS/index.php/Home/Index/choose.html
INFO: [ app_begin ] --START--
INFO: Run Behavior\ReadHtmlCache [ RunTime:0.000877s ]
INFO: [ app_begin ] --END-- [ RunTime:0.001243s ]

[ 2017-03-17T23:32:58+08:00 ] ::1 /UCS/index.php/Home/Index/choose.html
INFO: [ app_begin ] --START--
INFO: Run Behavior\ReadHtmlCache [ RunTime:0.000624s ]
INFO: [ app_begin ] --END-- [ RunTime:0.001216s ]

[ 2017-03-17T23:32:59+08:00 ] ::1 /UCS/index.php/Home/Index/choose.html
INFO: [ app_begin ] --START--
INFO: Run Behavior\ReadHtmlCache [ RunTime:0.001200s ]
INFO: [ app_begin ] --END-- [ RunTime:0.001972s ]

[ 2017-03-17T23:33:00+08:00 ] ::1 /UCS/index.php/Home/Index/choose.html
INFO: [ app_begin ] --START--
INFO: Run Behavior\ReadHtmlCache [ RunTime:0.000498s ]
INFO: [ app_begin ] --END-- [ RunTime:0.000923s ]

[ 2017-03-17T23:33:01+08:00 ] ::1 /UCS/index.php/Home/Index/choose.html
INFO: [ app_begin ] --START--
INFO: Run Behavior\ReadHtmlCache [ RunTime:0.000455s ]
INFO: [ app_begin ] --END-- [ RunTime:0.000813s ]

[ 2017-03-17T23:33:02+08:00 ] ::1 /UCS/index.php/Home/Index/choose.html
INFO: [ app_begin ] --START--
INFO: Run Behavior\ReadHtmlCache [ RunTime:0.000906s ]
INFO: [ app_begin ] --END-- [ RunTime:0.001538s ]

[ 2017-03-17T23:33:03+08:00 ] ::1 /UCS/index.php/Home/Index/choose.html
INFO: [ app_begin ] --START--
INFO: Run Behavior\ReadHtmlCache [ RunTime:0.000835s ]
INFO: [ app_begin ] --END-- [ RunTime:0.001907s ]

[ 2017-03-17T23:33:03+08:00 ] ::1 /UCS/index.php/Home/Index/choose.html
INFO: [ app_begin ] --START--
INFO: Run Behavior\ReadHtmlCache [ RunTime:0.000343s ]
INFO: [ app_begin ] --END-- [ RunTime:0.000778s ]

[ 2017-03-17T23:33:03+08:00 ] ::1 /UCS/index.php/Home/Index/choose.html
INFO: [ app_begin ] --START--
INFO: Run Behavior\ReadHtmlCache [ RunTime:0.000317s ]
INFO: [ app_begin ] --END-- [ RunTime:0.000613s ]

[ 2017-03-17T23:33:04+08:00 ] ::1 /UCS/index.php/Home/Index/choose.html
INFO: [ app_begin ] --START--
INFO: Run Behavior\ReadHtmlCache [ RunTime:0.000327s ]
INFO: [ app_begin ] --END-- [ RunTime:0.000664s ]

[ 2017-03-17T23:33:04+08:00 ] ::1 /UCS/index.php/Home/Index/choose.html
INFO: [ app_begin ] --START--
INFO: Run Behavior\ReadHtmlCache [ RunTime:0.000499s ]
INFO: [ app_begin ] --END-- [ RunTime:0.000884s ]

[ 2017-03-17T23:33:04+08:00 ] ::1 /UCS/index.php/Home/Index/choose.html
INFO: [ app_begin ] --START--
INFO: Run Behavior\ReadHtmlCache [ RunTime:0.000530s ]
INFO: [ app_begin ] --END-- [ RunTime:0.001055s ]

[ 2017-03-17T23:33:07+08:00 ] ::1 /UCS/index.php/Home/Index/choose.html
INFO: [ app_begin ] --START--
INFO: Run Behavior\ReadHtmlCache [ RunTime:0.000503s ]
INFO: [ app_begin ] --END-- [ RunTime:0.000906s ]

[ 2017-03-17T23:33:08+08:00 ] ::1 /UCS/index.php/Home/Index/choose.html
INFO: [ app_begin ] --START--
INFO: Run Behavior\ReadHtmlCache [ RunTime:0.000330s ]
INFO: [ app_begin ] --END-- [ RunTime:0.000712s ]

[ 2017-03-17T23:33:08+08:00 ] ::1 /UCS/index.php/Home/Index/choose.html
INFO: [ app_begin ] --START--
INFO: Run Behavior\ReadHtmlCache [ RunTime:0.000335s ]
INFO: [ app_begin ] --END-- [ RunTime:0.000596s ]

[ 2017-03-17T23:33:08+08:00 ] ::1 /UCS/index.php/Home/Index/choose.html
INFO: [ app_begin ] --START--
INFO: Run Behavior\ReadHtmlCache [ RunTime:0.000638s ]
INFO: [ app_begin ] --END-- [ RunTime:0.001748s ]

