[ 2017-03-16T20:30:58+08:00 ] ::1 /UCS/index.php/Home/Index/choose
INFO: [ app_begin ] --START--
INFO: Run Behavior\ReadHtmlCache [ RunTime:0.000443s ]
INFO: [ app_begin ] --END-- [ RunTime:0.000859s ]
ERR: 非法操作:本科专业

[ 2017-03-16T20:31:54+08:00 ] ::1 /UCS/index.php/Home/Index/choose
INFO: [ app_begin ] --START--
INFO: Run Behavior\ReadHtmlCache [ RunTime:0.000510s ]
INFO: [ app_begin ] --END-- [ RunTime:0.000942s ]
ERR: 非法操作:本科专业

[ 2017-03-16T20:32:34+08:00 ] ::1 /UCS/index.php/Home/Index/choose.html
INFO: [ app_begin ] --START--
INFO: Run Behavior\ReadHtmlCache [ RunTime:0.000523s ]
INFO: [ app_begin ] --END-- [ RunTime:0.001002s ]
ERR: 非法操作:本科专业

[ 2017-03-16T20:33:49+08:00 ] ::1 /UCS/index.php/Home/Index/choose.html
INFO: [ app_begin ] --START--
INFO: Run Behavior\ReadHtmlCache [ RunTime:0.000589s ]
INFO: [ app_begin ] --END-- [ RunTime:0.001090s ]
ERR: 非法操作:本科专业

[ 2017-03-16T20:36:24+08:00 ] ::1 /UCS/index.php/Home/Index/choose.html
INFO: [ app_begin ] --START--
INFO: Run Behavior\ReadHtmlCache [ RunTime:0.000323s ]
INFO: [ app_begin ] --END-- [ RunTime:0.000872s ]
ERR: 非法操作:本科专业

[ 2017-03-16T20:39:17+08:00 ] ::1 /UCS/index.php/Home/Index/choose.html
INFO: [ app_begin ] --START--
INFO: Run Behavior\ReadHtmlCache [ RunTime:0.000496s ]
INFO: [ app_begin ] --END-- [ RunTime:0.000941s ]
ERR: 非法操作:本科专业

[ 2017-03-16T20:40:01+08:00 ] ::1 /UCS/index.php/Home/Index/choose.html
INFO: [ app_begin ] --START--
INFO: Run Behavior\ReadHtmlCache [ RunTime:0.000440s ]
INFO: [ app_begin ] --END-- [ RunTime:0.001794s ]
ERR: 非法操作:本科专业

[ 2017-03-16T20:40:11+08:00 ] ::1 /UCS/index.php/Home/Index/choose.html
INFO: [ app_begin ] --START--
INFO: Run Behavior\ReadHtmlCache [ RunTime:0.000383s ]
INFO: [ app_begin ] --END-- [ RunTime:0.000674s ]
ERR: 非法操作:本科专业

[ 2017-03-16T20:40:15+08:00 ] ::1 /UCS/index.php/Home/Index/choose.html
INFO: [ app_begin ] --START--
INFO: Run Behavior\ReadHtmlCache [ RunTime:0.001436s ]
INFO: [ app_begin ] --END-- [ RunTime:0.001983s ]
ERR: 非法操作:本科专业

[ 2017-03-16T20:40:19+08:00 ] ::1 /UCS/index.php/Home/Index/choose.html
INFO: [ app_begin ] --START--
INFO: Run Behavior\ReadHtmlCache [ RunTime:0.000548s ]
INFO: [ app_begin ] --END-- [ RunTime:0.001018s ]
ERR: 非法操作:本科专业

[ 2017-03-16T20:40:24+08:00 ] ::1 /UCS/index.php/Home/Index/choose.html
INFO: [ app_begin ] --START--
INFO: Run Behavior\ReadHtmlCache [ RunTime:0.000650s ]
INFO: [ app_begin ] --END-- [ RunTime:0.001265s ]
ERR: 非法操作:本科专业

[ 2017-03-16T20:40:48+08:00 ] ::1 /UCS/index.php/Home/Cn/login.html
ERR: 非法操作:login

[ 2017-03-16T20:40:58+08:00 ] ::1 /UCS/index.php/Home/Cn/login.html
ERR: 非法操作:login

[ 2017-03-16T20:41:20+08:00 ] ::1 /UCS/index.php/Home/Cn/login.html
ERR: 非法操作:login

[ 2017-03-16T20:41:50+08:00 ] ::1 /UCS/index.php/Home/Cn/ajax.html
INFO: [ app_begin ] --START--
INFO: Run Behavior\ReadHtmlCache [ RunTime:0.000362s ]
INFO: [ app_begin ] --END-- [ RunTime:0.000648s ]
NOTIC: [2048] Declaration of Home\Model\ArticleModel::add() should be compatible with Think\Model::add($data = '', $options = Array, $replace = false) E:\appserv\www\UCS\DXT\Home\Model\ArticleModel.class.php 第 10 行.
NOTIC: [8192] mysql_connect(): The mysql extension is deprecated and will be removed in the future: use mysqli or PDO instead E:\appserv\www\UCS\ThinkPHP\Library\Think\Db\Driver\Mysql.class.php 第 52 行.
SQL: SHOW COLUMNS FROM `think_article` [ RunTime:0.000611s ]
ERR: 1146:Table 'thinkphp.think_article' doesn't exist
 [ SQL语句 ] : SHOW COLUMNS FROM `think_article`
SQL: SHOW COLUMNS FROM `think_reply` [ RunTime:0.000420s ]
SQL: SELECT * FROM `think_reply` WHERE ( `post_id` = 1 ) AND ( `storey` = 1 )  [ RunTime:0.007735s ]

[ 2017-03-16T20:42:13+08:00 ] ::1 /UCS/index.php/Home/Cn/ajax.html
INFO: [ app_begin ] --START--
INFO: Run Behavior\ReadHtmlCache [ RunTime:0.000292s ]
INFO: [ app_begin ] --END-- [ RunTime:0.000544s ]
NOTIC: [2048] Declaration of Home\Model\ArticleModel::add() should be compatible with Think\Model::add($data = '', $options = Array, $replace = false) E:\appserv\www\UCS\DXT\Home\Model\ArticleModel.class.php 第 10 行.
NOTIC: [8192] mysql_connect(): The mysql extension is deprecated and will be removed in the future: use mysqli or PDO instead E:\appserv\www\UCS\ThinkPHP\Library\Think\Db\Driver\Mysql.class.php 第 52 行.
SQL: SHOW COLUMNS FROM `think_article` [ RunTime:0.020560s ]
ERR: 1146:Table 'thinkphp.think_article' doesn't exist
 [ SQL语句 ] : SHOW COLUMNS FROM `think_article`
SQL: SHOW COLUMNS FROM `think_reply` [ RunTime:0.000518s ]
SQL: INSERT INTO `think_reply` (`layer_id`,`cont`,`storey`,`replyer_id`,`post_id`) VALUES (19,'卧槽，ajax居然出错！',1,31,1) [ RunTime:0.093562s ]

[ 2017-03-16T20:42:21+08:00 ] ::1 /UCS/index.php/Home/Cn/ajax.html
INFO: [ app_begin ] --START--
INFO: Run Behavior\ReadHtmlCache [ RunTime:0.000326s ]
INFO: [ app_begin ] --END-- [ RunTime:0.000559s ]
NOTIC: [2048] Declaration of Home\Model\ArticleModel::add() should be compatible with Think\Model::add($data = '', $options = Array, $replace = false) E:\appserv\www\UCS\DXT\Home\Model\ArticleModel.class.php 第 10 行.
NOTIC: [8192] mysql_connect(): The mysql extension is deprecated and will be removed in the future: use mysqli or PDO instead E:\appserv\www\UCS\ThinkPHP\Library\Think\Db\Driver\Mysql.class.php 第 52 行.
SQL: SHOW COLUMNS FROM `think_article` [ RunTime:0.000497s ]
ERR: 1146:Table 'thinkphp.think_article' doesn't exist
 [ SQL语句 ] : SHOW COLUMNS FROM `think_article`
SQL: SHOW COLUMNS FROM `think_reply` [ RunTime:0.008895s ]
SQL: INSERT INTO `think_reply` (`layer_id`,`cont`,`storey`,`replyer_id`,`post_id`) VALUES (19,'没问题啊',1,31,1) [ RunTime:0.071745s ]

[ 2017-03-16T20:42:36+08:00 ] ::1 /UCS/index.php/Home/Cn/ajax.html
INFO: [ app_begin ] --START--
INFO: Run Behavior\ReadHtmlCache [ RunTime:0.000294s ]
INFO: [ app_begin ] --END-- [ RunTime:0.000526s ]
NOTIC: [2048] Declaration of Home\Model\ArticleModel::add() should be compatible with Think\Model::add($data = '', $options = Array, $replace = false) E:\appserv\www\UCS\DXT\Home\Model\ArticleModel.class.php 第 10 行.
NOTIC: [8192] mysql_connect(): The mysql extension is deprecated and will be removed in the future: use mysqli or PDO instead E:\appserv\www\UCS\ThinkPHP\Library\Think\Db\Driver\Mysql.class.php 第 52 行.
SQL: SHOW COLUMNS FROM `think_article` [ RunTime:0.000483s ]
ERR: 1146:Table 'thinkphp.think_article' doesn't exist
 [ SQL语句 ] : SHOW COLUMNS FROM `think_article`
SQL: SHOW COLUMNS FROM `think_reply` [ RunTime:0.024331s ]
SQL: INSERT INTO `think_reply` (`layer_id`,`cont`,`storey`,`replyer_id`,`post_id`) VALUES (19,'直接向日狗',1,31,1) [ RunTime:0.069065s ]

[ 2017-03-16T20:42:40+08:00 ] ::1 /UCS/index.php/Home/Cn/ajax.html
INFO: [ app_begin ] --START--
INFO: Run Behavior\ReadHtmlCache [ RunTime:0.000588s ]
INFO: [ app_begin ] --END-- [ RunTime:0.001113s ]
NOTIC: [2048] Declaration of Home\Model\ArticleModel::add() should be compatible with Think\Model::add($data = '', $options = Array, $replace = false) E:\appserv\www\UCS\DXT\Home\Model\ArticleModel.class.php 第 10 行.
NOTIC: [8192] mysql_connect(): The mysql extension is deprecated and will be removed in the future: use mysqli or PDO instead E:\appserv\www\UCS\ThinkPHP\Library\Think\Db\Driver\Mysql.class.php 第 52 行.
SQL: SHOW COLUMNS FROM `think_article` [ RunTime:0.000564s ]
ERR: 1146:Table 'thinkphp.think_article' doesn't exist
 [ SQL语句 ] : SHOW COLUMNS FROM `think_article`
SQL: SHOW COLUMNS FROM `think_reply` [ RunTime:0.000405s ]
SQL: SELECT * FROM `think_reply` WHERE ( `post_id` = 1 ) AND ( `storey` = 1 )  [ RunTime:0.000250s ]

[ 2017-03-16T20:42:51+08:00 ] ::1 /UCS/index.php/Home/Cn/ajax.html
INFO: [ app_begin ] --START--
INFO: Run Behavior\ReadHtmlCache [ RunTime:0.000437s ]
INFO: [ app_begin ] --END-- [ RunTime:0.000943s ]
NOTIC: [2048] Declaration of Home\Model\ArticleModel::add() should be compatible with Think\Model::add($data = '', $options = Array, $replace = false) E:\appserv\www\UCS\DXT\Home\Model\ArticleModel.class.php 第 10 行.
NOTIC: [8192] mysql_connect(): The mysql extension is deprecated and will be removed in the future: use mysqli or PDO instead E:\appserv\www\UCS\ThinkPHP\Library\Think\Db\Driver\Mysql.class.php 第 52 行.
SQL: SHOW COLUMNS FROM `think_article` [ RunTime:0.000579s ]
ERR: 1146:Table 'thinkphp.think_article' doesn't exist
 [ SQL语句 ] : SHOW COLUMNS FROM `think_article`
SQL: SHOW COLUMNS FROM `think_reply` [ RunTime:0.024174s ]
SQL: SELECT * FROM `think_reply` WHERE ( `post_id` = 2 ) AND ( `storey` = 2 )  [ RunTime:0.007266s ]

[ 2017-03-16T20:42:57+08:00 ] ::1 /UCS/index.php/Home/Cn/ajax.html
INFO: [ app_begin ] --START--
INFO: Run Behavior\ReadHtmlCache [ RunTime:0.000296s ]
INFO: [ app_begin ] --END-- [ RunTime:0.000532s ]
NOTIC: [2048] Declaration of Home\Model\ArticleModel::add() should be compatible with Think\Model::add($data = '', $options = Array, $replace = false) E:\appserv\www\UCS\DXT\Home\Model\ArticleModel.class.php 第 10 行.
NOTIC: [8192] mysql_connect(): The mysql extension is deprecated and will be removed in the future: use mysqli or PDO instead E:\appserv\www\UCS\ThinkPHP\Library\Think\Db\Driver\Mysql.class.php 第 52 行.
SQL: SHOW COLUMNS FROM `think_article` [ RunTime:0.000521s ]
ERR: 1146:Table 'thinkphp.think_article' doesn't exist
 [ SQL语句 ] : SHOW COLUMNS FROM `think_article`
SQL: SHOW COLUMNS FROM `think_reply` [ RunTime:0.019746s ]
SQL: INSERT INTO `think_reply` (`layer_id`,`cont`,`storey`,`replyer_id`,`post_id`) VALUES (21,'',2,31,2) [ RunTime:0.063127s ]

[ 2017-03-16T20:43:01+08:00 ] ::1 /UCS/index.php/Home/Cn/ajax.html
INFO: [ app_begin ] --START--
INFO: Run Behavior\ReadHtmlCache [ RunTime:0.000677s ]
INFO: [ app_begin ] --END-- [ RunTime:0.001254s ]
NOTIC: [2048] Declaration of Home\Model\ArticleModel::add() should be compatible with Think\Model::add($data = '', $options = Array, $replace = false) E:\appserv\www\UCS\DXT\Home\Model\ArticleModel.class.php 第 10 行.
NOTIC: [8192] mysql_connect(): The mysql extension is deprecated and will be removed in the future: use mysqli or PDO instead E:\appserv\www\UCS\ThinkPHP\Library\Think\Db\Driver\Mysql.class.php 第 52 行.
SQL: SHOW COLUMNS FROM `think_article` [ RunTime:0.000543s ]
ERR: 1146:Table 'thinkphp.think_article' doesn't exist
 [ SQL语句 ] : SHOW COLUMNS FROM `think_article`
SQL: SHOW COLUMNS FROM `think_reply` [ RunTime:0.061970s ]
SQL: SELECT * FROM `think_reply` WHERE ( `post_id` = 2 ) AND ( `storey` = 1 )  [ RunTime:0.000387s ]

[ 2017-03-16T20:43:15+08:00 ] ::1 /UCS/index.php/Home/Cn/ajax.html
INFO: [ app_begin ] --START--
INFO: Run Behavior\ReadHtmlCache [ RunTime:0.000296s ]
INFO: [ app_begin ] --END-- [ RunTime:0.000554s ]
NOTIC: [2048] Declaration of Home\Model\ArticleModel::add() should be compatible with Think\Model::add($data = '', $options = Array, $replace = false) E:\appserv\www\UCS\DXT\Home\Model\ArticleModel.class.php 第 10 行.
NOTIC: [8192] mysql_connect(): The mysql extension is deprecated and will be removed in the future: use mysqli or PDO instead E:\appserv\www\UCS\ThinkPHP\Library\Think\Db\Driver\Mysql.class.php 第 52 行.
SQL: SHOW COLUMNS FROM `think_article` [ RunTime:0.000470s ]
ERR: 1146:Table 'thinkphp.think_article' doesn't exist
 [ SQL语句 ] : SHOW COLUMNS FROM `think_article`
SQL: SHOW COLUMNS FROM `think_reply` [ RunTime:0.000397s ]
SQL: INSERT INTO `think_reply` (`layer_id`,`cont`,`storey`,`replyer_id`,`post_id`) VALUES (21,'没毛病啊',1,31,2) [ RunTime:0.052832s ]

[ 2017-03-16T20:43:45+08:00 ] ::1 /UCS/index.php/Home/Index/choose.html
INFO: [ app_begin ] --START--
INFO: Run Behavior\ReadHtmlCache [ RunTime:0.000577s ]
INFO: [ app_begin ] --END-- [ RunTime:0.001105s ]
ERR: 非法操作:本科专业

[ 2017-03-16T20:43:46+08:00 ] ::1 /UCS/index.php/Home/Index/choose.html
INFO: [ app_begin ] --START--
INFO: Run Behavior\ReadHtmlCache [ RunTime:0.000306s ]
INFO: [ app_begin ] --END-- [ RunTime:0.000569s ]
ERR: 非法操作:本科专业

[ 2017-03-16T20:44:00+08:00 ] ::1 /UCS/index.php/Home/Index/choose.html
INFO: [ app_begin ] --START--
INFO: Run Behavior\ReadHtmlCache [ RunTime:0.000502s ]
INFO: [ app_begin ] --END-- [ RunTime:0.000929s ]
ERR: 非法操作:本科专业

[ 2017-03-16T20:44:56+08:00 ] ::1 /UCS/index.php/Home/Index/choose.html
INFO: [ app_begin ] --START--
INFO: Run Behavior\ReadHtmlCache [ RunTime:0.000541s ]
INFO: [ app_begin ] --END-- [ RunTime:0.001019s ]
ERR: 非法操作:本科专业

[ 2017-03-16T20:46:41+08:00 ] ::1 /UCS/index.php/Home/Index/choose.html
INFO: [ app_begin ] --START--
INFO: Run Behavior\ReadHtmlCache [ RunTime:0.000382s ]
INFO: [ app_begin ] --END-- [ RunTime:0.000819s ]
ERR: 非法操作:本科专业

[ 2017-03-16T20:48:22+08:00 ] ::1 /UCS/index.php/Home/Index/choose.html
INFO: [ app_begin ] --START--
INFO: Run Behavior\ReadHtmlCache [ RunTime:0.000323s ]
INFO: [ app_begin ] --END-- [ RunTime:0.000617s ]
ERR: 非法操作:本科专业

[ 2017-03-16T20:55:58+08:00 ] ::1 /UCS/index.php/Home/Index/choose.html
INFO: [ app_begin ] --START--
INFO: Run Behavior\ReadHtmlCache [ RunTime:0.000596s ]
INFO: [ app_begin ] --END-- [ RunTime:0.001200s ]
ERR: 非法操作:本科专业

[ 2017-03-16T20:56:05+08:00 ] ::1 /UCS/index.php/Home/Cn/ajax.html
INFO: [ app_begin ] --START--
INFO: Run Behavior\ReadHtmlCache [ RunTime:0.000642s ]
INFO: [ app_begin ] --END-- [ RunTime:0.001136s ]
ERR: 非法操作:本科专业

[ 2017-03-16T22:39:54+08:00 ] ::1 /UCS/index.php/Home/Cn/ajax.html
INFO: [ app_begin ] --START--
INFO: Run Behavior\ReadHtmlCache [ RunTime:0.000420s ]
INFO: [ app_begin ] --END-- [ RunTime:0.000713s ]
ERR: 非法操作:高职高专

[ 2017-03-16T22:39:55+08:00 ] ::1 /UCS/index.php/Home/Cn/ajax.html
INFO: [ app_begin ] --START--
INFO: Run Behavior\ReadHtmlCache [ RunTime:0.000306s ]
INFO: [ app_begin ] --END-- [ RunTime:0.000548s ]
ERR: 非法操作:本科专业

[ 2017-03-16T22:39:56+08:00 ] ::1 /UCS/index.php/Home/Cn/ajax.html
INFO: [ app_begin ] --START--
INFO: Run Behavior\ReadHtmlCache [ RunTime:0.000305s ]
INFO: [ app_begin ] --END-- [ RunTime:0.000567s ]
ERR: 非法操作:本科专业

[ 2017-03-16T22:39:56+08:00 ] ::1 /UCS/index.php/Home/Cn/ajax.html
INFO: [ app_begin ] --START--
INFO: Run Behavior\ReadHtmlCache [ RunTime:0.000338s ]
INFO: [ app_begin ] --END-- [ RunTime:0.000618s ]
ERR: 非法操作:本科专业

[ 2017-03-16T22:40:44+08:00 ] ::1 /UCS/index.php/Home/Cn/ajax.html
INFO: [ app_begin ] --START--
INFO: Run Behavior\ReadHtmlCache [ RunTime:0.000332s ]
INFO: [ app_begin ] --END-- [ RunTime:0.001140s ]
ERR: 非法操作:本科专业

[ 2017-03-16T22:41:10+08:00 ] ::1 /UCS/index.php/Home/Cn/ajax.html
INFO: [ app_begin ] --START--
INFO: Run Behavior\ReadHtmlCache [ RunTime:0.000485s ]
INFO: [ app_begin ] --END-- [ RunTime:0.000901s ]
ERR: 非法操作:本科专业

[ 2017-03-16T22:42:50+08:00 ] ::1 /UCS/index.php/Home/Cn/ajax.html
INFO: [ app_begin ] --START--
INFO: Run Behavior\ReadHtmlCache [ RunTime:0.000572s ]
INFO: [ app_begin ] --END-- [ RunTime:0.001095s ]
ERR: 非法操作:本科专业

