[ 2017-04-13T09:26:16+08:00 ] ::1 /UCS/index.php/Home/User/layout.html
ERR: 非法操作:layout

[ 2017-04-13T09:29:18+08:00 ] ::1 /UCS/index.php/Home/Ajax/ajax.html
INFO: [ app_begin ] --START--
INFO: Run Behavior\ReadHtmlCache [ RunTime:0.000497s ]
INFO: [ app_begin ] --END-- [ RunTime:0.000891s ]
NOTIC: [2048] Declaration of Home\Model\ArticleModel::add() should be compatible with Think\Model::add($data = '', $options = Array, $replace = false) E:\appserv\www\UCS\DXT\Home\Model\ArticleModel.class.php 第 10 行.
NOTIC: [8192] mysql_connect(): The mysql extension is deprecated and will be removed in the future: use mysqli or PDO instead E:\appserv\www\UCS\ThinkPHP\Library\Think\Db\Driver\Mysql.class.php 第 52 行.
SQL: SHOW COLUMNS FROM `think_article` [ RunTime:0.000892s ]
ERR: 1146:Table 'thinkphp.think_article' doesn't exist
 [ SQL语句 ] : SHOW COLUMNS FROM `think_article`
NOTIC: [2] explode() expects parameter 2 to be string, array given E:\appserv\www\UCS\ThinkPHP\Library\Think\Model.class.php 第 1390 行.
SQL: SHOW COLUMNS FROM `` [ RunTime:0.000302s ]
ERR: 1103:Incorrect table name ''
 [ SQL语句 ] : SHOW COLUMNS FROM ``
SQL: SELECT t2.Name,t1.* FROM `think_reply` `t1`,`think_user` `t2` WHERE ( t1.layer_id=t2.id AND t1.post_id=1 AND t1.storey=1 )  [ RunTime:0.001694s ]

[ 2017-04-13T09:31:41+08:00 ] ::1 /UCS/index.php/Home/Cn/disCont/postId/%3C%7B:U('Home/Ajax/ajax')%7D%3E
INFO: [ app_begin ] --START--
INFO: Run Behavior\ReadHtmlCache [ RunTime:0.000595s ]
INFO: [ app_begin ] --END-- [ RunTime:0.001122s ]
NOTIC: [2048] Declaration of Home\Model\ArticleModel::add() should be compatible with Think\Model::add($data = '', $options = Array, $replace = false) E:\appserv\www\UCS\DXT\Home\Model\ArticleModel.class.php 第 10 行.
NOTIC: [8192] mysql_connect(): The mysql extension is deprecated and will be removed in the future: use mysqli or PDO instead E:\appserv\www\UCS\ThinkPHP\Library\Think\Db\Driver\Mysql.class.php 第 52 行.
SQL: SHOW COLUMNS FROM `think_article` [ RunTime:0.000491s ]
ERR: 1146:Table 'thinkphp.think_article' doesn't exist
 [ SQL语句 ] : SHOW COLUMNS FROM `think_article`
NOTIC: [2] explode() expects parameter 2 to be string, array given E:\appserv\www\UCS\ThinkPHP\Library\Think\Model.class.php 第 1390 行.
SQL: SHOW COLUMNS FROM `` [ RunTime:0.000092s ]
ERR: 1103:Incorrect table name ''
 [ SQL语句 ] : SHOW COLUMNS FROM ``
SQL: SELECT t2.Name,t1.* FROM `think_layer` `t1`,`think_user` `t2` WHERE ( t1.layer_id=t2.id AND t1.post_id= )  [ RunTime:0.000097s ]
ERR: 1064:You have an error in your SQL syntax; check the manual that corresponds to your MySQL server version for the right syntax to use near ')' at line 1
 [ SQL语句 ] : SELECT t2.Name,t1.* FROM `think_layer` `t1`,`think_user` `t2` WHERE ( t1.layer_id=t2.id AND t1.post_id= ) 
SQL: SHOW COLUMNS FROM `think_post` [ RunTime:0.000450s ]
SQL: SELECT `title` FROM `think_post` WHERE ( id= )  [ RunTime:0.000090s ]
ERR: 1064:You have an error in your SQL syntax; check the manual that corresponds to your MySQL server version for the right syntax to use near ')' at line 1
 [ SQL语句 ] : SELECT `title` FROM `think_post` WHERE ( id= ) 
INFO: [ view_parse ] --START--
INFO: [ template_filter ] --START--
INFO: Run Behavior\ContentReplace [ RunTime:0.000083s ]
INFO: [ template_filter ] --END-- [ RunTime:0.000196s ]
INFO: Run Behavior\ParseTemplate [ RunTime:0.008798s ]
INFO: [ view_parse ] --END-- [ RunTime:0.008933s ]
INFO: [ view_filter ] --START--
INFO: Run Behavior\WriteHtmlCache [ RunTime:0.000382s ]
INFO: [ view_filter ] --END-- [ RunTime:0.000458s ]
INFO: [ app_end ] --START--
INFO: Run Behavior\ShowPageTrace [ RunTime:0.000708s ]
INFO: [ app_end ] --END-- [ RunTime:0.000766s ]
NOTIC: [8] Constant APP_DEBUG already defined E:\appserv\www\UCS\index.php 第 27 行.

[ 2017-04-13T09:31:59+08:00 ] ::1 /UCS/index.php/Home/Cn/disCont/postId/%3C%7B:U('Home/Ajax/ajax')%7D%3E
INFO: [ app_begin ] --START--
INFO: Run Behavior\ReadHtmlCache [ RunTime:0.000619s ]
INFO: [ app_begin ] --END-- [ RunTime:0.001204s ]
NOTIC: [2048] Declaration of Home\Model\ArticleModel::add() should be compatible with Think\Model::add($data = '', $options = Array, $replace = false) E:\appserv\www\UCS\DXT\Home\Model\ArticleModel.class.php 第 10 行.
NOTIC: [8192] mysql_connect(): The mysql extension is deprecated and will be removed in the future: use mysqli or PDO instead E:\appserv\www\UCS\ThinkPHP\Library\Think\Db\Driver\Mysql.class.php 第 52 行.
SQL: SHOW COLUMNS FROM `think_article` [ RunTime:0.000566s ]
ERR: 1146:Table 'thinkphp.think_article' doesn't exist
 [ SQL语句 ] : SHOW COLUMNS FROM `think_article`
NOTIC: [2] explode() expects parameter 2 to be string, array given E:\appserv\www\UCS\ThinkPHP\Library\Think\Model.class.php 第 1390 行.
SQL: SHOW COLUMNS FROM `` [ RunTime:0.000116s ]
ERR: 1103:Incorrect table name ''
 [ SQL语句 ] : SHOW COLUMNS FROM ``
SQL: SELECT t2.Name,t1.* FROM `think_layer` `t1`,`think_user` `t2` WHERE ( t1.layer_id=t2.id AND t1.post_id= )  [ RunTime:0.000163s ]
ERR: 1064:You have an error in your SQL syntax; check the manual that corresponds to your MySQL server version for the right syntax to use near ')' at line 1
 [ SQL语句 ] : SELECT t2.Name,t1.* FROM `think_layer` `t1`,`think_user` `t2` WHERE ( t1.layer_id=t2.id AND t1.post_id= ) 
SQL: SHOW COLUMNS FROM `think_post` [ RunTime:0.000746s ]
SQL: SELECT `title` FROM `think_post` WHERE ( id= )  [ RunTime:0.000179s ]
ERR: 1064:You have an error in your SQL syntax; check the manual that corresponds to your MySQL server version for the right syntax to use near ')' at line 1
 [ SQL语句 ] : SELECT `title` FROM `think_post` WHERE ( id= ) 
INFO: [ view_parse ] --START--
INFO: [ template_filter ] --START--
INFO: Run Behavior\ContentReplace [ RunTime:0.000042s ]
INFO: [ template_filter ] --END-- [ RunTime:0.000087s ]
INFO: Run Behavior\ParseTemplate [ RunTime:0.009698s ]
INFO: [ view_parse ] --END-- [ RunTime:0.009750s ]
INFO: [ view_filter ] --START--
INFO: Run Behavior\WriteHtmlCache [ RunTime:0.000156s ]
INFO: [ view_filter ] --END-- [ RunTime:0.000184s ]
INFO: [ app_end ] --START--
INFO: Run Behavior\ShowPageTrace [ RunTime:0.000321s ]
INFO: [ app_end ] --END-- [ RunTime:0.000353s ]
NOTIC: [8] Constant APP_DEBUG already defined E:\appserv\www\UCS\index.php 第 27 行.

[ 2017-04-13T09:36:01+08:00 ] ::1 /UCS/index.php/Home/Cn/disCont/postId/%3C%7B:U('Home/Ajax/ajax')%7D%3E
INFO: [ app_begin ] --START--
INFO: Run Behavior\ReadHtmlCache [ RunTime:0.003082s ]
INFO: [ app_begin ] --END-- [ RunTime:0.005983s ]
NOTIC: [2048] Declaration of Home\Model\ArticleModel::add() should be compatible with Think\Model::add($data = '', $options = Array, $replace = false) E:\appserv\www\UCS\DXT\Home\Model\ArticleModel.class.php 第 10 行.
NOTIC: [8192] mysql_connect(): The mysql extension is deprecated and will be removed in the future: use mysqli or PDO instead E:\appserv\www\UCS\ThinkPHP\Library\Think\Db\Driver\Mysql.class.php 第 52 行.
SQL: SHOW COLUMNS FROM `think_article` [ RunTime:0.000442s ]
ERR: 1146:Table 'thinkphp.think_article' doesn't exist
 [ SQL语句 ] : SHOW COLUMNS FROM `think_article`
NOTIC: [2] explode() expects parameter 2 to be string, array given E:\appserv\www\UCS\ThinkPHP\Library\Think\Model.class.php 第 1390 行.
SQL: SHOW COLUMNS FROM `` [ RunTime:0.000085s ]
ERR: 1103:Incorrect table name ''
 [ SQL语句 ] : SHOW COLUMNS FROM ``
SQL: SELECT t2.Name,t1.* FROM `think_layer` `t1`,`think_user` `t2` WHERE ( t1.layer_id=t2.id AND t1.post_id= )  [ RunTime:0.000093s ]
ERR: 1064:You have an error in your SQL syntax; check the manual that corresponds to your MySQL server version for the right syntax to use near ')' at line 1
 [ SQL语句 ] : SELECT t2.Name,t1.* FROM `think_layer` `t1`,`think_user` `t2` WHERE ( t1.layer_id=t2.id AND t1.post_id= ) 
SQL: SHOW COLUMNS FROM `think_post` [ RunTime:0.000325s ]
SQL: SELECT `title` FROM `think_post` WHERE ( id= )  [ RunTime:0.000080s ]
ERR: 1064:You have an error in your SQL syntax; check the manual that corresponds to your MySQL server version for the right syntax to use near ')' at line 1
 [ SQL语句 ] : SELECT `title` FROM `think_post` WHERE ( id= ) 
INFO: [ view_parse ] --START--
INFO: [ template_filter ] --START--
INFO: Run Behavior\ContentReplace [ RunTime:0.000045s ]
INFO: [ template_filter ] --END-- [ RunTime:0.000089s ]
INFO: Run Behavior\ParseTemplate [ RunTime:0.006752s ]
INFO: [ view_parse ] --END-- [ RunTime:0.006818s ]
INFO: [ view_filter ] --START--
INFO: Run Behavior\WriteHtmlCache [ RunTime:0.000242s ]
INFO: [ view_filter ] --END-- [ RunTime:0.000281s ]
INFO: [ app_end ] --START--
INFO: Run Behavior\ShowPageTrace [ RunTime:0.000453s ]
INFO: [ app_end ] --END-- [ RunTime:0.000490s ]
NOTIC: [8] Constant APP_DEBUG already defined E:\appserv\www\UCS\index.php 第 27 行.

[ 2017-04-13T09:36:04+08:00 ] ::1 /UCS/index.php/Home/Cn/disCont/postId/%3C%7B:U('Home/Ajax/ajax')%7D%3E
INFO: [ app_begin ] --START--
INFO: Run Behavior\ReadHtmlCache [ RunTime:0.000647s ]
INFO: [ app_begin ] --END-- [ RunTime:0.001145s ]
NOTIC: [2048] Declaration of Home\Model\ArticleModel::add() should be compatible with Think\Model::add($data = '', $options = Array, $replace = false) E:\appserv\www\UCS\DXT\Home\Model\ArticleModel.class.php 第 10 行.
NOTIC: [8192] mysql_connect(): The mysql extension is deprecated and will be removed in the future: use mysqli or PDO instead E:\appserv\www\UCS\ThinkPHP\Library\Think\Db\Driver\Mysql.class.php 第 52 行.
SQL: SHOW COLUMNS FROM `think_article` [ RunTime:0.001090s ]
ERR: 1146:Table 'thinkphp.think_article' doesn't exist
 [ SQL语句 ] : SHOW COLUMNS FROM `think_article`
NOTIC: [2] explode() expects parameter 2 to be string, array given E:\appserv\www\UCS\ThinkPHP\Library\Think\Model.class.php 第 1390 行.
SQL: SHOW COLUMNS FROM `` [ RunTime:0.000128s ]
ERR: 1103:Incorrect table name ''
 [ SQL语句 ] : SHOW COLUMNS FROM ``
SQL: SELECT t2.Name,t1.* FROM `think_layer` `t1`,`think_user` `t2` WHERE ( t1.layer_id=t2.id AND t1.post_id= )  [ RunTime:0.000155s ]
ERR: 1064:You have an error in your SQL syntax; check the manual that corresponds to your MySQL server version for the right syntax to use near ')' at line 1
 [ SQL语句 ] : SELECT t2.Name,t1.* FROM `think_layer` `t1`,`think_user` `t2` WHERE ( t1.layer_id=t2.id AND t1.post_id= ) 
SQL: SHOW COLUMNS FROM `think_post` [ RunTime:0.000980s ]
SQL: SELECT `title` FROM `think_post` WHERE ( id= )  [ RunTime:0.000190s ]
ERR: 1064:You have an error in your SQL syntax; check the manual that corresponds to your MySQL server version for the right syntax to use near ')' at line 1
 [ SQL语句 ] : SELECT `title` FROM `think_post` WHERE ( id= ) 
INFO: [ view_parse ] --START--
INFO: [ template_filter ] --START--
INFO: Run Behavior\ContentReplace [ RunTime:0.000044s ]
INFO: [ template_filter ] --END-- [ RunTime:0.000091s ]
INFO: Run Behavior\ParseTemplate [ RunTime:0.008647s ]
INFO: [ view_parse ] --END-- [ RunTime:0.008695s ]
INFO: [ view_filter ] --START--
INFO: Run Behavior\WriteHtmlCache [ RunTime:0.000220s ]
INFO: [ view_filter ] --END-- [ RunTime:0.000250s ]
INFO: [ app_end ] --START--
INFO: Run Behavior\ShowPageTrace [ RunTime:0.000589s ]
INFO: [ app_end ] --END-- [ RunTime:0.000646s ]
NOTIC: [8] Constant APP_DEBUG already defined E:\appserv\www\UCS\index.php 第 27 行.

[ 2017-04-13T09:36:05+08:00 ] ::1 /UCS/index.php/Home/Cn/disCont/postId/%3C%7B:U('Home/Ajax/ajax')%7D%3E
INFO: [ app_begin ] --START--
INFO: Run Behavior\ReadHtmlCache [ RunTime:0.000857s ]
INFO: [ app_begin ] --END-- [ RunTime:0.001505s ]
NOTIC: [2048] Declaration of Home\Model\ArticleModel::add() should be compatible with Think\Model::add($data = '', $options = Array, $replace = false) E:\appserv\www\UCS\DXT\Home\Model\ArticleModel.class.php 第 10 行.
NOTIC: [8192] mysql_connect(): The mysql extension is deprecated and will be removed in the future: use mysqli or PDO instead E:\appserv\www\UCS\ThinkPHP\Library\Think\Db\Driver\Mysql.class.php 第 52 行.
SQL: SHOW COLUMNS FROM `think_article` [ RunTime:0.000638s ]
ERR: 1146:Table 'thinkphp.think_article' doesn't exist
 [ SQL语句 ] : SHOW COLUMNS FROM `think_article`
NOTIC: [2] explode() expects parameter 2 to be string, array given E:\appserv\www\UCS\ThinkPHP\Library\Think\Model.class.php 第 1390 行.
SQL: SHOW COLUMNS FROM `` [ RunTime:0.000134s ]
ERR: 1103:Incorrect table name ''
 [ SQL语句 ] : SHOW COLUMNS FROM ``
SQL: SELECT t2.Name,t1.* FROM `think_layer` `t1`,`think_user` `t2` WHERE ( t1.layer_id=t2.id AND t1.post_id= )  [ RunTime:0.000248s ]
ERR: 1064:You have an error in your SQL syntax; check the manual that corresponds to your MySQL server version for the right syntax to use near ')' at line 1
 [ SQL语句 ] : SELECT t2.Name,t1.* FROM `think_layer` `t1`,`think_user` `t2` WHERE ( t1.layer_id=t2.id AND t1.post_id= ) 
SQL: SHOW COLUMNS FROM `think_post` [ RunTime:0.001107s ]
SQL: SELECT `title` FROM `think_post` WHERE ( id= )  [ RunTime:0.000160s ]
ERR: 1064:You have an error in your SQL syntax; check the manual that corresponds to your MySQL server version for the right syntax to use near ')' at line 1
 [ SQL语句 ] : SELECT `title` FROM `think_post` WHERE ( id= ) 
INFO: [ view_parse ] --START--
INFO: [ template_filter ] --START--
INFO: Run Behavior\ContentReplace [ RunTime:0.000185s ]
INFO: [ template_filter ] --END-- [ RunTime:0.000499s ]
INFO: Run Behavior\ParseTemplate [ RunTime:0.009998s ]
INFO: [ view_parse ] --END-- [ RunTime:0.010057s ]
INFO: [ view_filter ] --START--
INFO: Run Behavior\WriteHtmlCache [ RunTime:0.000244s ]
INFO: [ view_filter ] --END-- [ RunTime:0.000278s ]
INFO: [ app_end ] --START--
INFO: Run Behavior\ShowPageTrace [ RunTime:0.000386s ]
INFO: [ app_end ] --END-- [ RunTime:0.000422s ]
NOTIC: [8] Constant APP_DEBUG already defined E:\appserv\www\UCS\index.php 第 27 行.

[ 2017-04-13T09:36:06+08:00 ] ::1 /UCS/index.php/Home/Cn/disCont/postId/%3C%7B:U('Home/Ajax/ajax')%7D%3E
INFO: [ app_begin ] --START--
INFO: Run Behavior\ReadHtmlCache [ RunTime:0.000749s ]
INFO: [ app_begin ] --END-- [ RunTime:0.001476s ]
NOTIC: [2048] Declaration of Home\Model\ArticleModel::add() should be compatible with Think\Model::add($data = '', $options = Array, $replace = false) E:\appserv\www\UCS\DXT\Home\Model\ArticleModel.class.php 第 10 行.
NOTIC: [8192] mysql_connect(): The mysql extension is deprecated and will be removed in the future: use mysqli or PDO instead E:\appserv\www\UCS\ThinkPHP\Library\Think\Db\Driver\Mysql.class.php 第 52 行.
SQL: SHOW COLUMNS FROM `think_article` [ RunTime:0.000734s ]
ERR: 1146:Table 'thinkphp.think_article' doesn't exist
 [ SQL语句 ] : SHOW COLUMNS FROM `think_article`
NOTIC: [2] explode() expects parameter 2 to be string, array given E:\appserv\www\UCS\ThinkPHP\Library\Think\Model.class.php 第 1390 行.
SQL: SHOW COLUMNS FROM `` [ RunTime:0.000178s ]
ERR: 1103:Incorrect table name ''
 [ SQL语句 ] : SHOW COLUMNS FROM ``
SQL: SELECT t2.Name,t1.* FROM `think_layer` `t1`,`think_user` `t2` WHERE ( t1.layer_id=t2.id AND t1.post_id= )  [ RunTime:0.000126s ]
ERR: 1064:You have an error in your SQL syntax; check the manual that corresponds to your MySQL server version for the right syntax to use near ')' at line 1
 [ SQL语句 ] : SELECT t2.Name,t1.* FROM `think_layer` `t1`,`think_user` `t2` WHERE ( t1.layer_id=t2.id AND t1.post_id= ) 
SQL: SHOW COLUMNS FROM `think_post` [ RunTime:0.000694s ]
SQL: SELECT `title` FROM `think_post` WHERE ( id= )  [ RunTime:0.000138s ]
ERR: 1064:You have an error in your SQL syntax; check the manual that corresponds to your MySQL server version for the right syntax to use near ')' at line 1
 [ SQL语句 ] : SELECT `title` FROM `think_post` WHERE ( id= ) 
INFO: [ view_parse ] --START--
INFO: [ template_filter ] --START--
INFO: Run Behavior\ContentReplace [ RunTime:0.000071s ]
INFO: [ template_filter ] --END-- [ RunTime:0.000118s ]
INFO: Run Behavior\ParseTemplate [ RunTime:0.006985s ]
INFO: [ view_parse ] --END-- [ RunTime:0.007250s ]
INFO: [ view_filter ] --START--
INFO: Run Behavior\WriteHtmlCache [ RunTime:0.000273s ]
INFO: [ view_filter ] --END-- [ RunTime:0.000329s ]
INFO: [ app_end ] --START--
INFO: Run Behavior\ShowPageTrace [ RunTime:0.000943s ]
INFO: [ app_end ] --END-- [ RunTime:0.001038s ]
NOTIC: [8] Constant APP_DEBUG already defined E:\appserv\www\UCS\index.php 第 27 行.

[ 2017-04-13T09:58:31+08:00 ] ::1 /UCS/index.php/Home/Cn/disCont/postId/%3C%7B:U('Home/Ajax/ajax')%7D%3E
INFO: [ app_begin ] --START--
INFO: Run Behavior\ReadHtmlCache [ RunTime:0.000551s ]
INFO: [ app_begin ] --END-- [ RunTime:0.001022s ]
NOTIC: [2048] Declaration of Home\Model\ArticleModel::add() should be compatible with Think\Model::add($data = '', $options = Array, $replace = false) E:\appserv\www\UCS\DXT\Home\Model\ArticleModel.class.php 第 10 行.
NOTIC: [8192] mysql_connect(): The mysql extension is deprecated and will be removed in the future: use mysqli or PDO instead E:\appserv\www\UCS\ThinkPHP\Library\Think\Db\Driver\Mysql.class.php 第 52 行.
SQL: SHOW COLUMNS FROM `think_article` [ RunTime:0.000740s ]
ERR: 1146:Table 'thinkphp.think_article' doesn't exist
 [ SQL语句 ] : SHOW COLUMNS FROM `think_article`
NOTIC: [2] explode() expects parameter 2 to be string, array given E:\appserv\www\UCS\ThinkPHP\Library\Think\Model.class.php 第 1390 行.
SQL: SHOW COLUMNS FROM `` [ RunTime:0.000141s ]
ERR: 1103:Incorrect table name ''
 [ SQL语句 ] : SHOW COLUMNS FROM ``
SQL: SELECT t2.Name,t1.* FROM `think_layer` `t1`,`think_user` `t2` WHERE ( t1.layer_id=t2.id AND t1.post_id= )  [ RunTime:0.000118s ]
ERR: 1064:You have an error in your SQL syntax; check the manual that corresponds to your MySQL server version for the right syntax to use near ')' at line 1
 [ SQL语句 ] : SELECT t2.Name,t1.* FROM `think_layer` `t1`,`think_user` `t2` WHERE ( t1.layer_id=t2.id AND t1.post_id= ) 
SQL: SHOW COLUMNS FROM `think_post` [ RunTime:0.000676s ]
SQL: SELECT `title` FROM `think_post` WHERE ( id= )  [ RunTime:0.000104s ]
ERR: 1064:You have an error in your SQL syntax; check the manual that corresponds to your MySQL server version for the right syntax to use near ')' at line 1
 [ SQL语句 ] : SELECT `title` FROM `think_post` WHERE ( id= ) 
INFO: [ view_parse ] --START--
INFO: [ template_filter ] --START--
INFO: Run Behavior\ContentReplace [ RunTime:0.000229s ]
INFO: [ template_filter ] --END-- [ RunTime:0.000398s ]
INFO: Run Behavior\ParseTemplate [ RunTime:0.013486s ]
INFO: [ view_parse ] --END-- [ RunTime:0.013552s ]
INFO: [ view_filter ] --START--
INFO: Run Behavior\WriteHtmlCache [ RunTime:0.000240s ]
INFO: [ view_filter ] --END-- [ RunTime:0.000285s ]
INFO: [ app_end ] --START--
INFO: Run Behavior\ShowPageTrace [ RunTime:0.000547s ]
INFO: [ app_end ] --END-- [ RunTime:0.000607s ]
NOTIC: [8] Constant APP_DEBUG already defined E:\appserv\www\UCS\index.php 第 27 行.

[ 2017-04-13T09:58:31+08:00 ] ::1 /UCS/index.php/Home/Cn/disCont/postId/%3C%7B:U('Home/Ajax/ajax')%7D%3E
INFO: [ app_begin ] --START--
INFO: Run Behavior\ReadHtmlCache [ RunTime:0.001770s ]
INFO: [ app_begin ] --END-- [ RunTime:0.003667s ]
NOTIC: [2048] Declaration of Home\Model\ArticleModel::add() should be compatible with Think\Model::add($data = '', $options = Array, $replace = false) E:\appserv\www\UCS\DXT\Home\Model\ArticleModel.class.php 第 10 行.
NOTIC: [8192] mysql_connect(): The mysql extension is deprecated and will be removed in the future: use mysqli or PDO instead E:\appserv\www\UCS\ThinkPHP\Library\Think\Db\Driver\Mysql.class.php 第 52 行.
SQL: SHOW COLUMNS FROM `think_article` [ RunTime:0.000400s ]
ERR: 1146:Table 'thinkphp.think_article' doesn't exist
 [ SQL语句 ] : SHOW COLUMNS FROM `think_article`
NOTIC: [2] explode() expects parameter 2 to be string, array given E:\appserv\www\UCS\ThinkPHP\Library\Think\Model.class.php 第 1390 行.
SQL: SHOW COLUMNS FROM `` [ RunTime:0.000052s ]
ERR: 1103:Incorrect table name ''
 [ SQL语句 ] : SHOW COLUMNS FROM ``
SQL: SELECT t2.Name,t1.* FROM `think_layer` `t1`,`think_user` `t2` WHERE ( t1.layer_id=t2.id AND t1.post_id= )  [ RunTime:0.000063s ]
ERR: 1064:You have an error in your SQL syntax; check the manual that corresponds to your MySQL server version for the right syntax to use near ')' at line 1
 [ SQL语句 ] : SELECT t2.Name,t1.* FROM `think_layer` `t1`,`think_user` `t2` WHERE ( t1.layer_id=t2.id AND t1.post_id= ) 
SQL: SHOW COLUMNS FROM `think_post` [ RunTime:0.000326s ]
SQL: SELECT `title` FROM `think_post` WHERE ( id= )  [ RunTime:0.000052s ]
ERR: 1064:You have an error in your SQL syntax; check the manual that corresponds to your MySQL server version for the right syntax to use near ')' at line 1
 [ SQL语句 ] : SELECT `title` FROM `think_post` WHERE ( id= ) 
INFO: [ view_parse ] --START--
INFO: [ template_filter ] --START--
INFO: Run Behavior\ContentReplace [ RunTime:0.000047s ]
INFO: [ template_filter ] --END-- [ RunTime:0.000094s ]
INFO: Run Behavior\ParseTemplate [ RunTime:0.006834s ]
INFO: [ view_parse ] --END-- [ RunTime:0.006878s ]
INFO: [ view_filter ] --START--
INFO: Run Behavior\WriteHtmlCache [ RunTime:0.000246s ]
INFO: [ view_filter ] --END-- [ RunTime:0.000276s ]
INFO: [ app_end ] --START--
INFO: Run Behavior\ShowPageTrace [ RunTime:0.000400s ]
INFO: [ app_end ] --END-- [ RunTime:0.000433s ]
NOTIC: [8] Constant APP_DEBUG already defined E:\appserv\www\UCS\index.php 第 27 行.

[ 2017-04-13T09:58:32+08:00 ] ::1 /UCS/index.php/Home/Cn/disCont/postId/%3C%7B:U('Home/Ajax/ajax')%7D%3E
INFO: [ app_begin ] --START--
INFO: Run Behavior\ReadHtmlCache [ RunTime:0.002992s ]
INFO: [ app_begin ] --END-- [ RunTime:0.003667s ]
NOTIC: [2048] Declaration of Home\Model\ArticleModel::add() should be compatible with Think\Model::add($data = '', $options = Array, $replace = false) E:\appserv\www\UCS\DXT\Home\Model\ArticleModel.class.php 第 10 行.
NOTIC: [8192] mysql_connect(): The mysql extension is deprecated and will be removed in the future: use mysqli or PDO instead E:\appserv\www\UCS\ThinkPHP\Library\Think\Db\Driver\Mysql.class.php 第 52 行.
SQL: SHOW COLUMNS FROM `think_article` [ RunTime:0.000754s ]
ERR: 1146:Table 'thinkphp.think_article' doesn't exist
 [ SQL语句 ] : SHOW COLUMNS FROM `think_article`
NOTIC: [2] explode() expects parameter 2 to be string, array given E:\appserv\www\UCS\ThinkPHP\Library\Think\Model.class.php 第 1390 行.
SQL: SHOW COLUMNS FROM `` [ RunTime:0.000122s ]
ERR: 1103:Incorrect table name ''
 [ SQL语句 ] : SHOW COLUMNS FROM ``
SQL: SELECT t2.Name,t1.* FROM `think_layer` `t1`,`think_user` `t2` WHERE ( t1.layer_id=t2.id AND t1.post_id= )  [ RunTime:0.000143s ]
ERR: 1064:You have an error in your SQL syntax; check the manual that corresponds to your MySQL server version for the right syntax to use near ')' at line 1
 [ SQL语句 ] : SELECT t2.Name,t1.* FROM `think_layer` `t1`,`think_user` `t2` WHERE ( t1.layer_id=t2.id AND t1.post_id= ) 
SQL: SHOW COLUMNS FROM `think_post` [ RunTime:0.000717s ]
SQL: SELECT `title` FROM `think_post` WHERE ( id= )  [ RunTime:0.000796s ]
ERR: 1064:You have an error in your SQL syntax; check the manual that corresponds to your MySQL server version for the right syntax to use near ')' at line 1
 [ SQL语句 ] : SELECT `title` FROM `think_post` WHERE ( id= ) 
INFO: [ view_parse ] --START--
INFO: [ template_filter ] --START--
INFO: Run Behavior\ContentReplace [ RunTime:0.000057s ]
INFO: [ template_filter ] --END-- [ RunTime:0.000107s ]
INFO: Run Behavior\ParseTemplate [ RunTime:0.009106s ]
INFO: [ view_parse ] --END-- [ RunTime:0.009167s ]
INFO: [ view_filter ] --START--
INFO: Run Behavior\WriteHtmlCache [ RunTime:0.000218s ]
INFO: [ view_filter ] --END-- [ RunTime:0.000250s ]
INFO: [ app_end ] --START--
INFO: Run Behavior\ShowPageTrace [ RunTime:0.000411s ]
INFO: [ app_end ] --END-- [ RunTime:0.000444s ]
NOTIC: [8] Constant APP_DEBUG already defined E:\appserv\www\UCS\index.php 第 27 行.

[ 2017-04-13T09:58:39+08:00 ] ::1 /UCS/index.php/Home/Cn/disCont/postId/%3C%7B:U('Home/Ajax/ajax')%7D%3E
INFO: [ app_begin ] --START--
INFO: Run Behavior\ReadHtmlCache [ RunTime:0.000646s ]
INFO: [ app_begin ] --END-- [ RunTime:0.001108s ]
NOTIC: [2048] Declaration of Home\Model\ArticleModel::add() should be compatible with Think\Model::add($data = '', $options = Array, $replace = false) E:\appserv\www\UCS\DXT\Home\Model\ArticleModel.class.php 第 10 行.
NOTIC: [8192] mysql_connect(): The mysql extension is deprecated and will be removed in the future: use mysqli or PDO instead E:\appserv\www\UCS\ThinkPHP\Library\Think\Db\Driver\Mysql.class.php 第 52 行.
SQL: SHOW COLUMNS FROM `think_article` [ RunTime:0.000544s ]
ERR: 1146:Table 'thinkphp.think_article' doesn't exist
 [ SQL语句 ] : SHOW COLUMNS FROM `think_article`
NOTIC: [2] explode() expects parameter 2 to be string, array given E:\appserv\www\UCS\ThinkPHP\Library\Think\Model.class.php 第 1390 行.
SQL: SHOW COLUMNS FROM `` [ RunTime:0.000107s ]
ERR: 1103:Incorrect table name ''
 [ SQL语句 ] : SHOW COLUMNS FROM ``
SQL: SELECT t2.Name,t1.* FROM `think_layer` `t1`,`think_user` `t2` WHERE ( t1.layer_id=t2.id AND t1.post_id= )  [ RunTime:0.000131s ]
ERR: 1064:You have an error in your SQL syntax; check the manual that corresponds to your MySQL server version for the right syntax to use near ')' at line 1
 [ SQL语句 ] : SELECT t2.Name,t1.* FROM `think_layer` `t1`,`think_user` `t2` WHERE ( t1.layer_id=t2.id AND t1.post_id= ) 
SQL: SHOW COLUMNS FROM `think_post` [ RunTime:0.000811s ]
SQL: SELECT `title` FROM `think_post` WHERE ( id= )  [ RunTime:0.000166s ]
ERR: 1064:You have an error in your SQL syntax; check the manual that corresponds to your MySQL server version for the right syntax to use near ')' at line 1
 [ SQL语句 ] : SELECT `title` FROM `think_post` WHERE ( id= ) 
INFO: [ view_parse ] --START--
INFO: [ template_filter ] --START--
INFO: Run Behavior\ContentReplace [ RunTime:0.000045s ]
INFO: [ template_filter ] --END-- [ RunTime:0.000100s ]
INFO: Run Behavior\ParseTemplate [ RunTime:0.010975s ]
INFO: [ view_parse ] --END-- [ RunTime:0.011038s ]
INFO: [ view_filter ] --START--
INFO: Run Behavior\WriteHtmlCache [ RunTime:0.000156s ]
INFO: [ view_filter ] --END-- [ RunTime:0.000186s ]
INFO: [ app_end ] --START--
INFO: Run Behavior\ShowPageTrace [ RunTime:0.000331s ]
INFO: [ app_end ] --END-- [ RunTime:0.000361s ]
NOTIC: [8] Constant APP_DEBUG already defined E:\appserv\www\UCS\index.php 第 27 行.

[ 2017-04-13T09:58:40+08:00 ] ::1 /UCS/index.php/Home/Cn/disCont/postId/%3C%7B:U('Home/Ajax/ajax')%7D%3E
INFO: [ app_begin ] --START--
INFO: Run Behavior\ReadHtmlCache [ RunTime:0.000534s ]
INFO: [ app_begin ] --END-- [ RunTime:0.001183s ]
NOTIC: [2048] Declaration of Home\Model\ArticleModel::add() should be compatible with Think\Model::add($data = '', $options = Array, $replace = false) E:\appserv\www\UCS\DXT\Home\Model\ArticleModel.class.php 第 10 行.
NOTIC: [8192] mysql_connect(): The mysql extension is deprecated and will be removed in the future: use mysqli or PDO instead E:\appserv\www\UCS\ThinkPHP\Library\Think\Db\Driver\Mysql.class.php 第 52 行.
SQL: SHOW COLUMNS FROM `think_article` [ RunTime:0.000553s ]
ERR: 1146:Table 'thinkphp.think_article' doesn't exist
 [ SQL语句 ] : SHOW COLUMNS FROM `think_article`
NOTIC: [2] explode() expects parameter 2 to be string, array given E:\appserv\www\UCS\ThinkPHP\Library\Think\Model.class.php 第 1390 行.
SQL: SHOW COLUMNS FROM `` [ RunTime:0.000104s ]
ERR: 1103:Incorrect table name ''
 [ SQL语句 ] : SHOW COLUMNS FROM ``
SQL: SELECT t2.Name,t1.* FROM `think_layer` `t1`,`think_user` `t2` WHERE ( t1.layer_id=t2.id AND t1.post_id= )  [ RunTime:0.000123s ]
ERR: 1064:You have an error in your SQL syntax; check the manual that corresponds to your MySQL server version for the right syntax to use near ')' at line 1
 [ SQL语句 ] : SELECT t2.Name,t1.* FROM `think_layer` `t1`,`think_user` `t2` WHERE ( t1.layer_id=t2.id AND t1.post_id= ) 
SQL: SHOW COLUMNS FROM `think_post` [ RunTime:0.000564s ]
SQL: SELECT `title` FROM `think_post` WHERE ( id= )  [ RunTime:0.000160s ]
ERR: 1064:You have an error in your SQL syntax; check the manual that corresponds to your MySQL server version for the right syntax to use near ')' at line 1
 [ SQL语句 ] : SELECT `title` FROM `think_post` WHERE ( id= ) 
INFO: [ view_parse ] --START--
INFO: [ template_filter ] --START--
INFO: Run Behavior\ContentReplace [ RunTime:0.000044s ]
INFO: [ template_filter ] --END-- [ RunTime:0.000089s ]
INFO: Run Behavior\ParseTemplate [ RunTime:0.009457s ]
INFO: [ view_parse ] --END-- [ RunTime:0.009712s ]
INFO: [ view_filter ] --START--
INFO: Run Behavior\WriteHtmlCache [ RunTime:0.001120s ]
INFO: [ view_filter ] --END-- [ RunTime:0.001262s ]
INFO: [ app_end ] --START--
INFO: Run Behavior\ShowPageTrace [ RunTime:0.001265s ]
INFO: [ app_end ] --END-- [ RunTime:0.001443s ]
NOTIC: [8] Constant APP_DEBUG already defined E:\appserv\www\UCS\index.php 第 27 行.

[ 2017-04-13T09:58:41+08:00 ] ::1 /UCS/index.php/Home/Cn/disCont/postId/%3C%7B:U('Home/Ajax/ajax')%7D%3E
INFO: [ app_begin ] --START--
INFO: Run Behavior\ReadHtmlCache [ RunTime:0.000431s ]
INFO: [ app_begin ] --END-- [ RunTime:0.000759s ]
NOTIC: [2048] Declaration of Home\Model\ArticleModel::add() should be compatible with Think\Model::add($data = '', $options = Array, $replace = false) E:\appserv\www\UCS\DXT\Home\Model\ArticleModel.class.php 第 10 行.
NOTIC: [8192] mysql_connect(): The mysql extension is deprecated and will be removed in the future: use mysqli or PDO instead E:\appserv\www\UCS\ThinkPHP\Library\Think\Db\Driver\Mysql.class.php 第 52 行.
SQL: SHOW COLUMNS FROM `think_article` [ RunTime:0.000807s ]
ERR: 1146:Table 'thinkphp.think_article' doesn't exist
 [ SQL语句 ] : SHOW COLUMNS FROM `think_article`
NOTIC: [2] explode() expects parameter 2 to be string, array given E:\appserv\www\UCS\ThinkPHP\Library\Think\Model.class.php 第 1390 行.
SQL: SHOW COLUMNS FROM `` [ RunTime:0.000113s ]
ERR: 1103:Incorrect table name ''
 [ SQL语句 ] : SHOW COLUMNS FROM ``
SQL: SELECT t2.Name,t1.* FROM `think_layer` `t1`,`think_user` `t2` WHERE ( t1.layer_id=t2.id AND t1.post_id= )  [ RunTime:0.000175s ]
ERR: 1064:You have an error in your SQL syntax; check the manual that corresponds to your MySQL server version for the right syntax to use near ')' at line 1
 [ SQL语句 ] : SELECT t2.Name,t1.* FROM `think_layer` `t1`,`think_user` `t2` WHERE ( t1.layer_id=t2.id AND t1.post_id= ) 
SQL: SHOW COLUMNS FROM `think_post` [ RunTime:0.000704s ]
SQL: SELECT `title` FROM `think_post` WHERE ( id= )  [ RunTime:0.000123s ]
ERR: 1064:You have an error in your SQL syntax; check the manual that corresponds to your MySQL server version for the right syntax to use near ')' at line 1
 [ SQL语句 ] : SELECT `title` FROM `think_post` WHERE ( id= ) 
INFO: [ view_parse ] --START--
INFO: [ template_filter ] --START--
INFO: Run Behavior\ContentReplace [ RunTime:0.000071s ]
INFO: [ template_filter ] --END-- [ RunTime:0.000149s ]
INFO: Run Behavior\ParseTemplate [ RunTime:0.011161s ]
INFO: [ view_parse ] --END-- [ RunTime:0.011252s ]
INFO: [ view_filter ] --START--
INFO: Run Behavior\WriteHtmlCache [ RunTime:0.000435s ]
INFO: [ view_filter ] --END-- [ RunTime:0.000504s ]
INFO: [ app_end ] --START--
INFO: Run Behavior\ShowPageTrace [ RunTime:0.000728s ]
INFO: [ app_end ] --END-- [ RunTime:0.000808s ]
NOTIC: [8] Constant APP_DEBUG already defined E:\appserv\www\UCS\index.php 第 27 行.

[ 2017-04-13T09:59:14+08:00 ] ::1 /UCS/index.php/Home/Cn/disCont/postId/%3C%7B:U('Home/Ajax/ajax')%7D%3E
INFO: [ app_begin ] --START--
INFO: Run Behavior\ReadHtmlCache [ RunTime:0.000621s ]
INFO: [ app_begin ] --END-- [ RunTime:0.001229s ]
NOTIC: [2048] Declaration of Home\Model\ArticleModel::add() should be compatible with Think\Model::add($data = '', $options = Array, $replace = false) E:\appserv\www\UCS\DXT\Home\Model\ArticleModel.class.php 第 10 行.
NOTIC: [8192] mysql_connect(): The mysql extension is deprecated and will be removed in the future: use mysqli or PDO instead E:\appserv\www\UCS\ThinkPHP\Library\Think\Db\Driver\Mysql.class.php 第 52 行.
SQL: SHOW COLUMNS FROM `think_article` [ RunTime:0.000939s ]
ERR: 1146:Table 'thinkphp.think_article' doesn't exist
 [ SQL语句 ] : SHOW COLUMNS FROM `think_article`
NOTIC: [2] explode() expects parameter 2 to be string, array given E:\appserv\www\UCS\ThinkPHP\Library\Think\Model.class.php 第 1390 行.
SQL: SHOW COLUMNS FROM `` [ RunTime:0.000133s ]
ERR: 1103:Incorrect table name ''
 [ SQL语句 ] : SHOW COLUMNS FROM ``
SQL: SELECT t2.Name,t1.* FROM `think_layer` `t1`,`think_user` `t2` WHERE ( t1.layer_id=t2.id AND t1.post_id= )  [ RunTime:0.000189s ]
ERR: 1064:You have an error in your SQL syntax; check the manual that corresponds to your MySQL server version for the right syntax to use near ')' at line 1
 [ SQL语句 ] : SELECT t2.Name,t1.* FROM `think_layer` `t1`,`think_user` `t2` WHERE ( t1.layer_id=t2.id AND t1.post_id= ) 
SQL: SHOW COLUMNS FROM `think_post` [ RunTime:0.000943s ]
SQL: SELECT `title` FROM `think_post` WHERE ( id= )  [ RunTime:0.000200s ]
ERR: 1064:You have an error in your SQL syntax; check the manual that corresponds to your MySQL server version for the right syntax to use near ')' at line 1
 [ SQL语句 ] : SELECT `title` FROM `think_post` WHERE ( id= ) 
INFO: [ view_parse ] --START--
INFO: [ template_filter ] --START--
INFO: Run Behavior\ContentReplace [ RunTime:0.000066s ]
INFO: [ template_filter ] --END-- [ RunTime:0.000113s ]
INFO: Run Behavior\ParseTemplate [ RunTime:0.010560s ]
INFO: [ view_parse ] --END-- [ RunTime:0.010630s ]
INFO: [ view_filter ] --START--
INFO: Run Behavior\WriteHtmlCache [ RunTime:0.000154s ]
INFO: [ view_filter ] --END-- [ RunTime:0.000185s ]
INFO: [ app_end ] --START--
INFO: Run Behavior\ShowPageTrace [ RunTime:0.000342s ]
INFO: [ app_end ] --END-- [ RunTime:0.000375s ]
NOTIC: [8] Constant APP_DEBUG already defined E:\appserv\www\UCS\index.php 第 27 行.

[ 2017-04-13T09:59:14+08:00 ] ::1 /UCS/index.php/Home/Cn/disCont/postId/%3C%7B:U('Home/Ajax/ajax')%7D%3E
INFO: [ app_begin ] --START--
INFO: Run Behavior\ReadHtmlCache [ RunTime:0.000857s ]
INFO: [ app_begin ] --END-- [ RunTime:0.001380s ]
NOTIC: [2048] Declaration of Home\Model\ArticleModel::add() should be compatible with Think\Model::add($data = '', $options = Array, $replace = false) E:\appserv\www\UCS\DXT\Home\Model\ArticleModel.class.php 第 10 行.
NOTIC: [8192] mysql_connect(): The mysql extension is deprecated and will be removed in the future: use mysqli or PDO instead E:\appserv\www\UCS\ThinkPHP\Library\Think\Db\Driver\Mysql.class.php 第 52 行.
SQL: SHOW COLUMNS FROM `think_article` [ RunTime:0.001056s ]
ERR: 1146:Table 'thinkphp.think_article' doesn't exist
 [ SQL语句 ] : SHOW COLUMNS FROM `think_article`
NOTIC: [2] explode() expects parameter 2 to be string, array given E:\appserv\www\UCS\ThinkPHP\Library\Think\Model.class.php 第 1390 行.
SQL: SHOW COLUMNS FROM `` [ RunTime:0.000164s ]
ERR: 1103:Incorrect table name ''
 [ SQL语句 ] : SHOW COLUMNS FROM ``
SQL: SELECT t2.Name,t1.* FROM `think_layer` `t1`,`think_user` `t2` WHERE ( t1.layer_id=t2.id AND t1.post_id= )  [ RunTime:0.000189s ]
ERR: 1064:You have an error in your SQL syntax; check the manual that corresponds to your MySQL server version for the right syntax to use near ')' at line 1
 [ SQL语句 ] : SELECT t2.Name,t1.* FROM `think_layer` `t1`,`think_user` `t2` WHERE ( t1.layer_id=t2.id AND t1.post_id= ) 
SQL: SHOW COLUMNS FROM `think_post` [ RunTime:0.001052s ]
SQL: SELECT `title` FROM `think_post` WHERE ( id= )  [ RunTime:0.000418s ]
ERR: 1064:You have an error in your SQL syntax; check the manual that corresponds to your MySQL server version for the right syntax to use near ')' at line 1
 [ SQL语句 ] : SELECT `title` FROM `think_post` WHERE ( id= ) 
INFO: [ view_parse ] --START--
INFO: [ template_filter ] --START--
INFO: Run Behavior\ContentReplace [ RunTime:0.000058s ]
INFO: [ template_filter ] --END-- [ RunTime:0.000116s ]
INFO: Run Behavior\ParseTemplate [ RunTime:0.009217s ]
INFO: [ view_parse ] --END-- [ RunTime:0.009288s ]
INFO: [ view_filter ] --START--
INFO: Run Behavior\WriteHtmlCache [ RunTime:0.000158s ]
INFO: [ view_filter ] --END-- [ RunTime:0.000185s ]
INFO: [ app_end ] --START--
INFO: Run Behavior\ShowPageTrace [ RunTime:0.000341s ]
INFO: [ app_end ] --END-- [ RunTime:0.000375s ]
NOTIC: [8] Constant APP_DEBUG already defined E:\appserv\www\UCS\index.php 第 27 行.

[ 2017-04-13T09:59:15+08:00 ] ::1 /UCS/index.php/Home/Cn/disCont/postId/%3C%7B:U('Home/Ajax/ajax')%7D%3E
INFO: [ app_begin ] --START--
INFO: Run Behavior\ReadHtmlCache [ RunTime:0.001035s ]
INFO: [ app_begin ] --END-- [ RunTime:0.001615s ]
NOTIC: [2048] Declaration of Home\Model\ArticleModel::add() should be compatible with Think\Model::add($data = '', $options = Array, $replace = false) E:\appserv\www\UCS\DXT\Home\Model\ArticleModel.class.php 第 10 行.
NOTIC: [8192] mysql_connect(): The mysql extension is deprecated and will be removed in the future: use mysqli or PDO instead E:\appserv\www\UCS\ThinkPHP\Library\Think\Db\Driver\Mysql.class.php 第 52 行.
SQL: SHOW COLUMNS FROM `think_article` [ RunTime:0.000677s ]
ERR: 1146:Table 'thinkphp.think_article' doesn't exist
 [ SQL语句 ] : SHOW COLUMNS FROM `think_article`
NOTIC: [2] explode() expects parameter 2 to be string, array given E:\appserv\www\UCS\ThinkPHP\Library\Think\Model.class.php 第 1390 行.
SQL: SHOW COLUMNS FROM `` [ RunTime:0.000093s ]
ERR: 1103:Incorrect table name ''
 [ SQL语句 ] : SHOW COLUMNS FROM ``
SQL: SELECT t2.Name,t1.* FROM `think_layer` `t1`,`think_user` `t2` WHERE ( t1.layer_id=t2.id AND t1.post_id= )  [ RunTime:0.000093s ]
ERR: 1064:You have an error in your SQL syntax; check the manual that corresponds to your MySQL server version for the right syntax to use near ')' at line 1
 [ SQL语句 ] : SELECT t2.Name,t1.* FROM `think_layer` `t1`,`think_user` `t2` WHERE ( t1.layer_id=t2.id AND t1.post_id= ) 
SQL: SHOW COLUMNS FROM `think_post` [ RunTime:0.002976s ]
SQL: SELECT `title` FROM `think_post` WHERE ( id= )  [ RunTime:0.000125s ]
ERR: 1064:You have an error in your SQL syntax; check the manual that corresponds to your MySQL server version for the right syntax to use near ')' at line 1
 [ SQL语句 ] : SELECT `title` FROM `think_post` WHERE ( id= ) 
INFO: [ view_parse ] --START--
INFO: [ template_filter ] --START--
INFO: Run Behavior\ContentReplace [ RunTime:0.000045s ]
INFO: [ template_filter ] --END-- [ RunTime:0.000107s ]
INFO: Run Behavior\ParseTemplate [ RunTime:0.007161s ]
INFO: [ view_parse ] --END-- [ RunTime:0.007209s ]
INFO: [ view_filter ] --START--
INFO: Run Behavior\WriteHtmlCache [ RunTime:0.000151s ]
INFO: [ view_filter ] --END-- [ RunTime:0.000180s ]
INFO: [ app_end ] --START--
INFO: Run Behavior\ShowPageTrace [ RunTime:0.000338s ]
INFO: [ app_end ] --END-- [ RunTime:0.000370s ]
NOTIC: [8] Constant APP_DEBUG already defined E:\appserv\www\UCS\index.php 第 27 行.

[ 2017-04-13T09:59:16+08:00 ] ::1 /UCS/index.php/Home/Cn/disCont/postId/%3C%7B:U('Home/Ajax/ajax')%7D%3E
INFO: [ app_begin ] --START--
INFO: Run Behavior\ReadHtmlCache [ RunTime:0.000472s ]
INFO: [ app_begin ] --END-- [ RunTime:0.000885s ]
NOTIC: [2048] Declaration of Home\Model\ArticleModel::add() should be compatible with Think\Model::add($data = '', $options = Array, $replace = false) E:\appserv\www\UCS\DXT\Home\Model\ArticleModel.class.php 第 10 行.
NOTIC: [8192] mysql_connect(): The mysql extension is deprecated and will be removed in the future: use mysqli or PDO instead E:\appserv\www\UCS\ThinkPHP\Library\Think\Db\Driver\Mysql.class.php 第 52 行.
SQL: SHOW COLUMNS FROM `think_article` [ RunTime:0.000659s ]
ERR: 1146:Table 'thinkphp.think_article' doesn't exist
 [ SQL语句 ] : SHOW COLUMNS FROM `think_article`
NOTIC: [2] explode() expects parameter 2 to be string, array given E:\appserv\www\UCS\ThinkPHP\Library\Think\Model.class.php 第 1390 行.
SQL: SHOW COLUMNS FROM `` [ RunTime:0.000129s ]
ERR: 1103:Incorrect table name ''
 [ SQL语句 ] : SHOW COLUMNS FROM ``
SQL: SELECT t2.Name,t1.* FROM `think_layer` `t1`,`think_user` `t2` WHERE ( t1.layer_id=t2.id AND t1.post_id= )  [ RunTime:0.000121s ]
ERR: 1064:You have an error in your SQL syntax; check the manual that corresponds to your MySQL server version for the right syntax to use near ')' at line 1
 [ SQL语句 ] : SELECT t2.Name,t1.* FROM `think_layer` `t1`,`think_user` `t2` WHERE ( t1.layer_id=t2.id AND t1.post_id= ) 
SQL: SHOW COLUMNS FROM `think_post` [ RunTime:0.000455s ]
SQL: SELECT `title` FROM `think_post` WHERE ( id= )  [ RunTime:0.000089s ]
ERR: 1064:You have an error in your SQL syntax; check the manual that corresponds to your MySQL server version for the right syntax to use near ')' at line 1
 [ SQL语句 ] : SELECT `title` FROM `think_post` WHERE ( id= ) 
INFO: [ view_parse ] --START--
INFO: [ template_filter ] --START--
INFO: Run Behavior\ContentReplace [ RunTime:0.000043s ]
INFO: [ template_filter ] --END-- [ RunTime:0.000088s ]
INFO: Run Behavior\ParseTemplate [ RunTime:0.009815s ]
INFO: [ view_parse ] --END-- [ RunTime:0.009854s ]
INFO: [ view_filter ] --START--
INFO: Run Behavior\WriteHtmlCache [ RunTime:0.000145s ]
INFO: [ view_filter ] --END-- [ RunTime:0.000174s ]
INFO: [ app_end ] --START--
INFO: Run Behavior\ShowPageTrace [ RunTime:0.000329s ]
INFO: [ app_end ] --END-- [ RunTime:0.000360s ]
NOTIC: [8] Constant APP_DEBUG already defined E:\appserv\www\UCS\index.php 第 27 行.

[ 2017-04-13T09:59:54+08:00 ] ::1 /UCS/index.php/Home/Cn/disCont/postId/%3C%7B:U('Home/Ajax/ajax')%7D%3E
INFO: [ app_begin ] --START--
INFO: Run Behavior\ReadHtmlCache [ RunTime:0.000392s ]
INFO: [ app_begin ] --END-- [ RunTime:0.000668s ]
NOTIC: [2048] Declaration of Home\Model\ArticleModel::add() should be compatible with Think\Model::add($data = '', $options = Array, $replace = false) E:\appserv\www\UCS\DXT\Home\Model\ArticleModel.class.php 第 10 行.
NOTIC: [8192] mysql_connect(): The mysql extension is deprecated and will be removed in the future: use mysqli or PDO instead E:\appserv\www\UCS\ThinkPHP\Library\Think\Db\Driver\Mysql.class.php 第 52 行.
SQL: SHOW COLUMNS FROM `think_article` [ RunTime:0.000470s ]
ERR: 1146:Table 'thinkphp.think_article' doesn't exist
 [ SQL语句 ] : SHOW COLUMNS FROM `think_article`
NOTIC: [2] explode() expects parameter 2 to be string, array given E:\appserv\www\UCS\ThinkPHP\Library\Think\Model.class.php 第 1390 行.
SQL: SHOW COLUMNS FROM `` [ RunTime:0.000084s ]
ERR: 1103:Incorrect table name ''
 [ SQL语句 ] : SHOW COLUMNS FROM ``
SQL: SELECT t2.Name,t1.* FROM `think_layer` `t1`,`think_user` `t2` WHERE ( t1.layer_id=t2.id AND t1.post_id= )  [ RunTime:0.000133s ]
ERR: 1064:You have an error in your SQL syntax; check the manual that corresponds to your MySQL server version for the right syntax to use near ')' at line 1
 [ SQL语句 ] : SELECT t2.Name,t1.* FROM `think_layer` `t1`,`think_user` `t2` WHERE ( t1.layer_id=t2.id AND t1.post_id= ) 
SQL: SHOW COLUMNS FROM `think_post` [ RunTime:0.000423s ]
SQL: SELECT `title` FROM `think_post` WHERE ( id= )  [ RunTime:0.000082s ]
ERR: 1064:You have an error in your SQL syntax; check the manual that corresponds to your MySQL server version for the right syntax to use near ')' at line 1
 [ SQL语句 ] : SELECT `title` FROM `think_post` WHERE ( id= ) 
INFO: [ view_parse ] --START--
INFO: [ template_filter ] --START--
INFO: Run Behavior\ContentReplace [ RunTime:0.000044s ]
INFO: [ template_filter ] --END-- [ RunTime:0.000082s ]
INFO: Run Behavior\ParseTemplate [ RunTime:0.005718s ]
INFO: [ view_parse ] --END-- [ RunTime:0.005760s ]
INFO: [ view_filter ] --START--
INFO: Run Behavior\WriteHtmlCache [ RunTime:0.000148s ]
INFO: [ view_filter ] --END-- [ RunTime:0.000175s ]
INFO: [ app_end ] --START--
INFO: Run Behavior\ShowPageTrace [ RunTime:0.000297s ]
INFO: [ app_end ] --END-- [ RunTime:0.000346s ]
NOTIC: [8] Constant APP_DEBUG already defined E:\appserv\www\UCS\index.php 第 27 行.

[ 2017-04-13T09:59:56+08:00 ] ::1 /UCS/index.php/Home/Cn/disCont/postId/%3C%7B:U('Home/Ajax/ajax')%7D%3E
INFO: [ app_begin ] --START--
INFO: Run Behavior\ReadHtmlCache [ RunTime:0.000807s ]
INFO: [ app_begin ] --END-- [ RunTime:0.001380s ]
NOTIC: [2048] Declaration of Home\Model\ArticleModel::add() should be compatible with Think\Model::add($data = '', $options = Array, $replace = false) E:\appserv\www\UCS\DXT\Home\Model\ArticleModel.class.php 第 10 行.
NOTIC: [8192] mysql_connect(): The mysql extension is deprecated and will be removed in the future: use mysqli or PDO instead E:\appserv\www\UCS\ThinkPHP\Library\Think\Db\Driver\Mysql.class.php 第 52 行.
SQL: SHOW COLUMNS FROM `think_article` [ RunTime:0.003002s ]
ERR: 1146:Table 'thinkphp.think_article' doesn't exist
 [ SQL语句 ] : SHOW COLUMNS FROM `think_article`
NOTIC: [2] explode() expects parameter 2 to be string, array given E:\appserv\www\UCS\ThinkPHP\Library\Think\Model.class.php 第 1390 行.
SQL: SHOW COLUMNS FROM `` [ RunTime:0.000731s ]
ERR: 1103:Incorrect table name ''
 [ SQL语句 ] : SHOW COLUMNS FROM ``
SQL: SELECT t2.Name,t1.* FROM `think_layer` `t1`,`think_user` `t2` WHERE ( t1.layer_id=t2.id AND t1.post_id= )  [ RunTime:0.000348s ]
ERR: 1064:You have an error in your SQL syntax; check the manual that corresponds to your MySQL server version for the right syntax to use near ')' at line 1
 [ SQL语句 ] : SELECT t2.Name,t1.* FROM `think_layer` `t1`,`think_user` `t2` WHERE ( t1.layer_id=t2.id AND t1.post_id= ) 
SQL: SHOW COLUMNS FROM `think_post` [ RunTime:0.003931s ]
SQL: SELECT `title` FROM `think_post` WHERE ( id= )  [ RunTime:0.000846s ]
ERR: 1064:You have an error in your SQL syntax; check the manual that corresponds to your MySQL server version for the right syntax to use near ')' at line 1
 [ SQL语句 ] : SELECT `title` FROM `think_post` WHERE ( id= ) 
INFO: [ view_parse ] --START--
INFO: [ template_filter ] --START--
INFO: Run Behavior\ContentReplace [ RunTime:0.000059s ]
INFO: [ template_filter ] --END-- [ RunTime:0.000217s ]
INFO: Run Behavior\ParseTemplate [ RunTime:0.013329s ]
INFO: [ view_parse ] --END-- [ RunTime:0.013391s ]
INFO: [ view_filter ] --START--
INFO: Run Behavior\WriteHtmlCache [ RunTime:0.000239s ]
INFO: [ view_filter ] --END-- [ RunTime:0.000272s ]
INFO: [ app_end ] --START--
INFO: Run Behavior\ShowPageTrace [ RunTime:0.000394s ]
INFO: [ app_end ] --END-- [ RunTime:0.000427s ]
NOTIC: [8] Constant APP_DEBUG already defined E:\appserv\www\UCS\index.php 第 27 行.

[ 2017-04-13T09:59:59+08:00 ] ::1 /UCS/index.php/Home/Cn/disCont/postId/%3C%7B:U('Home/Ajax/ajax')%7D%3E
INFO: [ app_begin ] --START--
INFO: Run Behavior\ReadHtmlCache [ RunTime:0.000737s ]
INFO: [ app_begin ] --END-- [ RunTime:0.001470s ]
NOTIC: [2048] Declaration of Home\Model\ArticleModel::add() should be compatible with Think\Model::add($data = '', $options = Array, $replace = false) E:\appserv\www\UCS\DXT\Home\Model\ArticleModel.class.php 第 10 行.
NOTIC: [8192] mysql_connect(): The mysql extension is deprecated and will be removed in the future: use mysqli or PDO instead E:\appserv\www\UCS\ThinkPHP\Library\Think\Db\Driver\Mysql.class.php 第 52 行.
SQL: SHOW COLUMNS FROM `think_article` [ RunTime:0.004661s ]
ERR: 1146:Table 'thinkphp.think_article' doesn't exist
 [ SQL语句 ] : SHOW COLUMNS FROM `think_article`
NOTIC: [2] explode() expects parameter 2 to be string, array given E:\appserv\www\UCS\ThinkPHP\Library\Think\Model.class.php 第 1390 行.
SQL: SHOW COLUMNS FROM `` [ RunTime:0.000930s ]
ERR: 1103:Incorrect table name ''
 [ SQL语句 ] : SHOW COLUMNS FROM ``
SQL: SELECT t2.Name,t1.* FROM `think_layer` `t1`,`think_user` `t2` WHERE ( t1.layer_id=t2.id AND t1.post_id= )  [ RunTime:0.000156s ]
ERR: 1064:You have an error in your SQL syntax; check the manual that corresponds to your MySQL server version for the right syntax to use near ')' at line 1
 [ SQL语句 ] : SELECT t2.Name,t1.* FROM `think_layer` `t1`,`think_user` `t2` WHERE ( t1.layer_id=t2.id AND t1.post_id= ) 
SQL: SHOW COLUMNS FROM `think_post` [ RunTime:0.000567s ]
SQL: SELECT `title` FROM `think_post` WHERE ( id= )  [ RunTime:0.000108s ]
ERR: 1064:You have an error in your SQL syntax; check the manual that corresponds to your MySQL server version for the right syntax to use near ')' at line 1
 [ SQL语句 ] : SELECT `title` FROM `think_post` WHERE ( id= ) 
INFO: [ view_parse ] --START--
INFO: [ template_filter ] --START--
INFO: Run Behavior\ContentReplace [ RunTime:0.000260s ]
INFO: [ template_filter ] --END-- [ RunTime:0.000630s ]
INFO: Run Behavior\ParseTemplate [ RunTime:0.014983s ]
INFO: [ view_parse ] --END-- [ RunTime:0.015037s ]
INFO: [ view_filter ] --START--
INFO: Run Behavior\WriteHtmlCache [ RunTime:0.000158s ]
INFO: [ view_filter ] --END-- [ RunTime:0.000187s ]
INFO: [ app_end ] --START--
INFO: Run Behavior\ShowPageTrace [ RunTime:0.000327s ]
INFO: [ app_end ] --END-- [ RunTime:0.000358s ]
NOTIC: [8] Constant APP_DEBUG already defined E:\appserv\www\UCS\index.php 第 27 行.

[ 2017-04-13T10:00:25+08:00 ] ::1 /UCS/index.php/Home/Cn/disCont/postId/%3C%7B:U('Home/Ajax/ajax')%7D%3E
INFO: [ app_begin ] --START--
INFO: Run Behavior\ReadHtmlCache [ RunTime:0.000318s ]
INFO: [ app_begin ] --END-- [ RunTime:0.000549s ]
NOTIC: [2048] Declaration of Home\Model\ArticleModel::add() should be compatible with Think\Model::add($data = '', $options = Array, $replace = false) E:\appserv\www\UCS\DXT\Home\Model\ArticleModel.class.php 第 10 行.
NOTIC: [8192] mysql_connect(): The mysql extension is deprecated and will be removed in the future: use mysqli or PDO instead E:\appserv\www\UCS\ThinkPHP\Library\Think\Db\Driver\Mysql.class.php 第 52 行.
SQL: SHOW COLUMNS FROM `think_article` [ RunTime:0.000456s ]
ERR: 1146:Table 'thinkphp.think_article' doesn't exist
 [ SQL语句 ] : SHOW COLUMNS FROM `think_article`
NOTIC: [2] explode() expects parameter 2 to be string, array given E:\appserv\www\UCS\ThinkPHP\Library\Think\Model.class.php 第 1390 行.
SQL: SHOW COLUMNS FROM `` [ RunTime:0.000121s ]
ERR: 1103:Incorrect table name ''
 [ SQL语句 ] : SHOW COLUMNS FROM ``
SQL: SELECT t2.Name,t1.* FROM `think_layer` `t1`,`think_user` `t2` WHERE ( t1.layer_id=t2.id AND t1.post_id= )  [ RunTime:0.000135s ]
ERR: 1064:You have an error in your SQL syntax; check the manual that corresponds to your MySQL server version for the right syntax to use near ')' at line 1
 [ SQL语句 ] : SELECT t2.Name,t1.* FROM `think_layer` `t1`,`think_user` `t2` WHERE ( t1.layer_id=t2.id AND t1.post_id= ) 
SQL: SHOW COLUMNS FROM `think_post` [ RunTime:0.000383s ]
SQL: SELECT `title` FROM `think_post` WHERE ( id= )  [ RunTime:0.000125s ]
ERR: 1064:You have an error in your SQL syntax; check the manual that corresponds to your MySQL server version for the right syntax to use near ')' at line 1
 [ SQL语句 ] : SELECT `title` FROM `think_post` WHERE ( id= ) 
INFO: [ view_parse ] --START--
INFO: [ template_filter ] --START--
INFO: Run Behavior\ContentReplace [ RunTime:0.000045s ]
INFO: [ template_filter ] --END-- [ RunTime:0.000090s ]
INFO: Run Behavior\ParseTemplate [ RunTime:0.006154s ]
INFO: [ view_parse ] --END-- [ RunTime:0.006196s ]
INFO: [ view_filter ] --START--
INFO: Run Behavior\WriteHtmlCache [ RunTime:0.000173s ]
INFO: [ view_filter ] --END-- [ RunTime:0.000202s ]
INFO: [ app_end ] --START--
INFO: Run Behavior\ShowPageTrace [ RunTime:0.000318s ]
INFO: [ app_end ] --END-- [ RunTime:0.000350s ]
NOTIC: [8] Constant APP_DEBUG already defined E:\appserv\www\UCS\index.php 第 27 行.

[ 2017-04-13T10:00:35+08:00 ] ::1 /UCS/index.php/Home/Cn/disCont/postId/%3C%7B:U('Home/Ajax/ajax')%7D%3E
INFO: [ app_begin ] --START--
INFO: Run Behavior\ReadHtmlCache [ RunTime:0.000420s ]
INFO: [ app_begin ] --END-- [ RunTime:0.000763s ]
NOTIC: [2048] Declaration of Home\Model\ArticleModel::add() should be compatible with Think\Model::add($data = '', $options = Array, $replace = false) E:\appserv\www\UCS\DXT\Home\Model\ArticleModel.class.php 第 10 行.
NOTIC: [8192] mysql_connect(): The mysql extension is deprecated and will be removed in the future: use mysqli or PDO instead E:\appserv\www\UCS\ThinkPHP\Library\Think\Db\Driver\Mysql.class.php 第 52 行.
SQL: SHOW COLUMNS FROM `think_article` [ RunTime:0.000626s ]
ERR: 1146:Table 'thinkphp.think_article' doesn't exist
 [ SQL语句 ] : SHOW COLUMNS FROM `think_article`
NOTIC: [2] explode() expects parameter 2 to be string, array given E:\appserv\www\UCS\ThinkPHP\Library\Think\Model.class.php 第 1390 行.
SQL: SHOW COLUMNS FROM `` [ RunTime:0.000089s ]
ERR: 1103:Incorrect table name ''
 [ SQL语句 ] : SHOW COLUMNS FROM ``
SQL: SELECT t2.Name,t1.* FROM `think_layer` `t1`,`think_user` `t2` WHERE ( t1.layer_id=t2.id AND t1.post_id= )  [ RunTime:0.000851s ]
ERR: 1064:You have an error in your SQL syntax; check the manual that corresponds to your MySQL server version for the right syntax to use near ')' at line 1
 [ SQL语句 ] : SELECT t2.Name,t1.* FROM `think_layer` `t1`,`think_user` `t2` WHERE ( t1.layer_id=t2.id AND t1.post_id= ) 
SQL: SHOW COLUMNS FROM `think_post` [ RunTime:0.001612s ]
SQL: SELECT `title` FROM `think_post` WHERE ( id= )  [ RunTime:0.000167s ]
ERR: 1064:You have an error in your SQL syntax; check the manual that corresponds to your MySQL server version for the right syntax to use near ')' at line 1
 [ SQL语句 ] : SELECT `title` FROM `think_post` WHERE ( id= ) 
INFO: [ view_parse ] --START--
INFO: [ template_filter ] --START--
INFO: Run Behavior\ContentReplace [ RunTime:0.000044s ]
INFO: [ template_filter ] --END-- [ RunTime:0.000085s ]
INFO: Run Behavior\ParseTemplate [ RunTime:0.006250s ]
INFO: [ view_parse ] --END-- [ RunTime:0.006293s ]
INFO: [ view_filter ] --START--
INFO: Run Behavior\WriteHtmlCache [ RunTime:0.000213s ]
INFO: [ view_filter ] --END-- [ RunTime:0.000243s ]
INFO: [ app_end ] --START--
INFO: Run Behavior\ShowPageTrace [ RunTime:0.000376s ]
INFO: [ app_end ] --END-- [ RunTime:0.000410s ]
NOTIC: [8] Constant APP_DEBUG already defined E:\appserv\www\UCS\index.php 第 27 行.

[ 2017-04-13T10:01:29+08:00 ] ::1 /UCS/index.php/Home/Ajax/ajax.html
INFO: [ app_begin ] --START--
INFO: Run Behavior\ReadHtmlCache [ RunTime:0.000567s ]
INFO: [ app_begin ] --END-- [ RunTime:0.001051s ]
NOTIC: [2048] Declaration of Home\Model\ArticleModel::add() should be compatible with Think\Model::add($data = '', $options = Array, $replace = false) E:\appserv\www\UCS\DXT\Home\Model\ArticleModel.class.php 第 10 行.
NOTIC: [8192] mysql_connect(): The mysql extension is deprecated and will be removed in the future: use mysqli or PDO instead E:\appserv\www\UCS\ThinkPHP\Library\Think\Db\Driver\Mysql.class.php 第 52 行.
SQL: SHOW COLUMNS FROM `think_article` [ RunTime:0.000497s ]
ERR: 1146:Table 'thinkphp.think_article' doesn't exist
 [ SQL语句 ] : SHOW COLUMNS FROM `think_article`
SQL: SHOW COLUMNS FROM `think_layer` [ RunTime:0.000426s ]
SQL: SELECT MAX(storey) AS tp_max FROM `think_layer` WHERE ( `post_id` = 1 ) LIMIT 1   [ RunTime:0.000255s ]
SQL: INSERT INTO `think_layer` (`storey`,`layer_id`,`post_id`,`cont`,`time`) VALUES (2,2,1,'你好','2017-04-13 10:01:29') [ RunTime:0.233040s ]

[ 2017-04-13T10:01:58+08:00 ] ::1 /UCS/index.php/Home/Ajax/ajax.html
INFO: [ app_begin ] --START--
INFO: Run Behavior\ReadHtmlCache [ RunTime:0.000409s ]
INFO: [ app_begin ] --END-- [ RunTime:0.000817s ]
NOTIC: [2048] Declaration of Home\Model\ArticleModel::add() should be compatible with Think\Model::add($data = '', $options = Array, $replace = false) E:\appserv\www\UCS\DXT\Home\Model\ArticleModel.class.php 第 10 行.
NOTIC: [8192] mysql_connect(): The mysql extension is deprecated and will be removed in the future: use mysqli or PDO instead E:\appserv\www\UCS\ThinkPHP\Library\Think\Db\Driver\Mysql.class.php 第 52 行.
SQL: SHOW COLUMNS FROM `think_article` [ RunTime:0.000848s ]
ERR: 1146:Table 'thinkphp.think_article' doesn't exist
 [ SQL语句 ] : SHOW COLUMNS FROM `think_article`
NOTIC: [2] explode() expects parameter 2 to be string, array given E:\appserv\www\UCS\ThinkPHP\Library\Think\Model.class.php 第 1390 行.
SQL: SHOW COLUMNS FROM `` [ RunTime:0.000122s ]
ERR: 1103:Incorrect table name ''
 [ SQL语句 ] : SHOW COLUMNS FROM ``
SQL: SELECT t2.Name,t1.* FROM `think_reply` `t1`,`think_user` `t2` WHERE ( t1.layer_id=t2.id AND t1.post_id=1 AND t1.storey=2 )  [ RunTime:0.003456s ]

[ 2017-04-13T21:16:10+08:00 ] ::1 /UCS/index.php/Home/User/alterData.html
ERR: Think\Model:error方法不存在！

[ 2017-04-13T21:55:27+08:00 ] ::1 /UCS/index.php/Home/User/20
ERR: 非法操作:20

[ 2017-04-13T21:55:36+08:00 ] ::1 /UCS/index.php/Home/User/20
ERR: 非法操作:20

[ 2017-04-13T21:55:49+08:00 ] ::1 /UCS/index.php/Home/User/20
ERR: 非法操作:20

[ 2017-04-13T21:55:51+08:00 ] ::1 /UCS/index.php/Home/User/20
ERR: 非法操作:20

[ 2017-04-13T21:55:55+08:00 ] ::1 /UCS/index.php/Home/User/20
ERR: 非法操作:20

[ 2017-04-13T21:55:56+08:00 ] ::1 /UCS/index.php/Home/User/20
ERR: 非法操作:20

[ 2017-04-13T21:55:58+08:00 ] ::1 /UCS/index.php/Home/User/20
ERR: 非法操作:20

[ 2017-04-13T21:56:02+08:00 ] ::1 /UCS/index.php/Home/User/20
ERR: 非法操作:20

[ 2017-04-13T21:56:04+08:00 ] ::1 /UCS/index.php/Home/User/20
ERR: 非法操作:20

[ 2017-04-13T21:56:16+08:00 ] ::1 /UCS/index.php/Home/User/3
ERR: 非法操作:3

[ 2017-04-13T21:56:56+08:00 ] ::1 /UCS/index.php/Home/User/3
ERR: 非法操作:3

[ 2017-04-13T21:57:01+08:00 ] ::1 /UCS/index.php/Home/User/20
ERR: 非法操作:20

[ 2017-04-13T21:57:04+08:00 ] ::1 /UCS/index.php/Home/User/20
ERR: 非法操作:20

[ 2017-04-13T21:57:06+08:00 ] ::1 /UCS/index.php/Home/User/20
ERR: 非法操作:20

[ 2017-04-13T21:57:07+08:00 ] ::1 /UCS/index.php/Home/User/20
ERR: 非法操作:20

[ 2017-04-13T21:57:09+08:00 ] ::1 /UCS/index.php/Home/User/20
ERR: 非法操作:20

[ 2017-04-13T21:57:11+08:00 ] ::1 /UCS/index.php/Home/User/20
ERR: 非法操作:20

[ 2017-04-13T21:57:12+08:00 ] ::1 /UCS/index.php/Home/User/20
ERR: 非法操作:20

[ 2017-04-13T21:57:14+08:00 ] ::1 /UCS/index.php/Home/User/20
ERR: 非法操作:20

[ 2017-04-13T21:57:16+08:00 ] ::1 /UCS/index.php/Home/User/20
ERR: 非法操作:20

[ 2017-04-13T21:57:17+08:00 ] ::1 /UCS/index.php/Home/User/20
ERR: 非法操作:20

[ 2017-04-13T21:57:19+08:00 ] ::1 /UCS/index.php/Home/User/20
ERR: 非法操作:20

[ 2017-04-13T21:57:20+08:00 ] ::1 /UCS/index.php/Home/User/20
ERR: 非法操作:20

[ 2017-04-13T21:57:22+08:00 ] ::1 /UCS/index.php/Home/User/20
ERR: 非法操作:20

[ 2017-04-13T21:57:24+08:00 ] ::1 /UCS/index.php/Home/User/20
ERR: 非法操作:20

[ 2017-04-13T21:57:25+08:00 ] ::1 /UCS/index.php/Home/User/20
ERR: 非法操作:20

[ 2017-04-13T21:57:27+08:00 ] ::1 /UCS/index.php/Home/User/20
ERR: 非法操作:20

[ 2017-04-13T21:57:29+08:00 ] ::1 /UCS/index.php/Home/User/20
ERR: 非法操作:20

[ 2017-04-13T21:57:31+08:00 ] ::1 /UCS/index.php/Home/User/20
ERR: 非法操作:20

[ 2017-04-13T21:57:32+08:00 ] ::1 /UCS/index.php/Home/User/20
ERR: 非法操作:20

[ 2017-04-13T21:57:35+08:00 ] ::1 /UCS/index.php/Home/User/20
ERR: 非法操作:20

[ 2017-04-13T21:57:38+08:00 ] ::1 /UCS/index.php/Home/User/20
ERR: 非法操作:20

[ 2017-04-13T21:57:40+08:00 ] ::1 /UCS/index.php/Home/User/20
ERR: 非法操作:20

[ 2017-04-13T21:57:42+08:00 ] ::1 /UCS/index.php/Home/User/20
ERR: 非法操作:20

[ 2017-04-13T21:57:43+08:00 ] ::1 /UCS/index.php/Home/User/20
ERR: 非法操作:20

[ 2017-04-13T21:57:45+08:00 ] ::1 /UCS/index.php/Home/User/20
ERR: 非法操作:20

[ 2017-04-13T21:57:55+08:00 ] ::1 /UCS/index.php/Home/User/20
ERR: 非法操作:20

[ 2017-04-13T21:58:08+08:00 ] ::1 /UCS/index.php/Home/User/20
ERR: 非法操作:20

[ 2017-04-13T21:58:11+08:00 ] ::1 /UCS/index.php/Home/User/20
ERR: 非法操作:20

[ 2017-04-13T21:58:22+08:00 ] ::1 /UCS/index.php/Home/User/3
ERR: 非法操作:3

[ 2017-04-13T21:58:25+08:00 ] ::1 /UCS/index.php/Home/User/3
ERR: 非法操作:3

[ 2017-04-13T21:58:27+08:00 ] ::1 /UCS/index.php/Home/User/3
ERR: 非法操作:3

[ 2017-04-13T21:58:29+08:00 ] ::1 /UCS/index.php/Home/User/3
ERR: 非法操作:3

[ 2017-04-13T21:58:30+08:00 ] ::1 /UCS/index.php/Home/User/3
ERR: 非法操作:3

[ 2017-04-13T21:58:32+08:00 ] ::1 /UCS/index.php/Home/User/3
ERR: 非法操作:3

[ 2017-04-13T21:58:33+08:00 ] ::1 /UCS/index.php/Home/User/3
ERR: 非法操作:3

[ 2017-04-13T21:58:35+08:00 ] ::1 /UCS/index.php/Home/User/3
ERR: 非法操作:3

[ 2017-04-13T21:58:37+08:00 ] ::1 /UCS/index.php/Home/User/3
ERR: 非法操作:3

[ 2017-04-13T21:58:39+08:00 ] ::1 /UCS/index.php/Home/User/3
ERR: 非法操作:3

[ 2017-04-13T21:58:42+08:00 ] ::1 /UCS/index.php/Home/User/3
ERR: 非法操作:3

[ 2017-04-13T21:58:45+08:00 ] ::1 /UCS/index.php/Home/User/3
ERR: 非法操作:3

[ 2017-04-13T21:58:46+08:00 ] ::1 /UCS/index.php/Home/User/3
ERR: 非法操作:3

[ 2017-04-13T21:58:48+08:00 ] ::1 /UCS/index.php/Home/User/3
ERR: 非法操作:3

[ 2017-04-13T21:58:50+08:00 ] ::1 /UCS/index.php/Home/User/3
ERR: 非法操作:3

[ 2017-04-13T21:58:51+08:00 ] ::1 /UCS/index.php/Home/User/3
ERR: 非法操作:3

[ 2017-04-13T21:58:53+08:00 ] ::1 /UCS/index.php/Home/User/3
ERR: 非法操作:3

[ 2017-04-13T21:58:55+08:00 ] ::1 /UCS/index.php/Home/User/3
ERR: 非法操作:3

[ 2017-04-13T21:58:56+08:00 ] ::1 /UCS/index.php/Home/User/3
ERR: 非法操作:3

[ 2017-04-13T21:58:58+08:00 ] ::1 /UCS/index.php/Home/User/3
ERR: 非法操作:3

[ 2017-04-13T21:59:00+08:00 ] ::1 /UCS/index.php/Home/User/3
ERR: 非法操作:3

[ 2017-04-13T21:59:01+08:00 ] ::1 /UCS/index.php/Home/User/3
ERR: 非法操作:3

[ 2017-04-13T21:59:03+08:00 ] ::1 /UCS/index.php/Home/User/3
ERR: 非法操作:3

[ 2017-04-13T21:59:57+08:00 ] ::1 /UCS/index.php/Home/User/3
ERR: 非法操作:3

[ 2017-04-13T21:59:59+08:00 ] ::1 /UCS/index.php/Home/User/3
ERR: 非法操作:3

[ 2017-04-13T22:00:00+08:00 ] ::1 /UCS/index.php/Home/User/3
ERR: 非法操作:3

[ 2017-04-13T22:00:02+08:00 ] ::1 /UCS/index.php/Home/User/3
ERR: 非法操作:3

[ 2017-04-13T22:45:21+08:00 ] ::1 /UCS/index.php/Home/User/alterData.html
ERR: 不存在的图像文件

[ 2017-04-13T22:45:48+08:00 ] ::1 /UCS/index.php/Home/User/alterData.html
ERR: 不存在的图像文件

[ 2017-04-13T22:52:33+08:00 ] ::1 /UCS/index.php/Home/User/alterData.html
ERR: 不存在的图像文件

[ 2017-04-13T22:53:52+08:00 ] ::1 /UCS/index.php/Home/User/alterData.html
ERR: 不存在的图像文件

[ 2017-04-13T22:54:21+08:00 ] ::1 /UCS/index.php/Home/User/alterData.html
ERR: 不存在的图像文件

[ 2017-04-13T22:57:39+08:00 ] ::1 /UCS/index.php/Home/User/alterData.html
ERR: 不存在的图像文件

[ 2017-04-13T22:58:22+08:00 ] ::1 /UCS/index.php/Home/User/alterData.html
ERR: 不存在的图像文件

[ 2017-04-13T22:58:43+08:00 ] ::1 /UCS/index.php/Home/User/alterData.html
ERR: 不存在的图像文件

[ 2017-04-13T23:11:54+08:00 ] ::1 /UCS/index.php/Home/User/alterData.html
ERR: 不存在的图像文件

[ 2017-04-13T23:17:10+08:00 ] ::1 /UCS/index.php/Home/User/
ERR: 非法操作:index

