[ 2017-03-13T23:13:12+08:00 ] ::1 /UCS/index.php/Home/Cn/disCont/postId/phps/reply.data.php
INFO: [ app_begin ] --START--
INFO: Run Behavior\ReadHtmlCache [ RunTime:0.001204s ]
INFO: [ app_begin ] --END-- [ RunTime:0.002140s ]
NOTIC: [8192] mysql_connect(): The mysql extension is deprecated and will be removed in the future: use mysqli or PDO instead E:\appserv\www\UCS\ThinkPHP\Library\Think\Db\Driver\Mysql.class.php 第 52 行.
SQL: SHOW COLUMNS FROM `think_article` [ RunTime:0.026800s ]
ERR: 1146:Table 'thinkphp.think_article' doesn't exist
 [ SQL语句 ] : SHOW COLUMNS FROM `think_article`
SQL: SHOW COLUMNS FROM `think_layer` [ RunTime:0.000651s ]
SQL: SELECT * FROM `think_layer` WHERE ( `post_id` = 0 )  [ RunTime:0.000283s ]
INFO: [ view_parse ] --START--
INFO: [ template_filter ] --START--
INFO: Run Behavior\ContentReplace [ RunTime:0.000074s ]
INFO: [ template_filter ] --END-- [ RunTime:0.000160s ]
INFO: Run Behavior\ParseTemplate [ RunTime:0.009888s ]
INFO: [ view_parse ] --END-- [ RunTime:0.009973s ]
INFO: [ view_filter ] --START--
INFO: Run Behavior\WriteHtmlCache [ RunTime:0.000299s ]
INFO: [ view_filter ] --END-- [ RunTime:0.000359s ]
INFO: [ app_end ] --START--
INFO: Run Behavior\ShowPageTrace [ RunTime:0.000627s ]
INFO: [ app_end ] --END-- [ RunTime:0.000693s ]

[ 2017-03-13T23:13:14+08:00 ] ::1 /UCS/index.php/Home/Cn/disCont/postId/phps/reply.data.php
INFO: [ app_begin ] --START--
INFO: Run Behavior\ReadHtmlCache [ RunTime:0.000773s ]
INFO: [ app_begin ] --END-- [ RunTime:0.001415s ]
NOTIC: [8192] mysql_connect(): The mysql extension is deprecated and will be removed in the future: use mysqli or PDO instead E:\appserv\www\UCS\ThinkPHP\Library\Think\Db\Driver\Mysql.class.php 第 52 行.
SQL: SHOW COLUMNS FROM `think_article` [ RunTime:0.003055s ]
ERR: 1146:Table 'thinkphp.think_article' doesn't exist
 [ SQL语句 ] : SHOW COLUMNS FROM `think_article`
SQL: SHOW COLUMNS FROM `think_layer` [ RunTime:0.001026s ]
SQL: SELECT * FROM `think_layer` WHERE ( `post_id` = 0 )  [ RunTime:0.000423s ]
INFO: [ view_parse ] --START--
INFO: [ template_filter ] --START--
INFO: Run Behavior\ContentReplace [ RunTime:0.000078s ]
INFO: [ template_filter ] --END-- [ RunTime:0.000156s ]
INFO: Run Behavior\ParseTemplate [ RunTime:0.011206s ]
INFO: [ view_parse ] --END-- [ RunTime:0.011363s ]
INFO: [ view_filter ] --START--
INFO: Run Behavior\WriteHtmlCache [ RunTime:0.001222s ]
INFO: [ view_filter ] --END-- [ RunTime:0.001652s ]
INFO: [ app_end ] --START--
INFO: Run Behavior\ShowPageTrace [ RunTime:0.000863s ]
INFO: [ app_end ] --END-- [ RunTime:0.001119s ]

[ 2017-03-13T23:17:24+08:00 ] ::1 /UCS/index.php/Home/Cn/disCont/postId/phps/reply.data.php
INFO: [ app_begin ] --START--
INFO: Run Behavior\ReadHtmlCache [ RunTime:0.001071s ]
INFO: [ app_begin ] --END-- [ RunTime:0.001844s ]
NOTIC: [8192] mysql_connect(): The mysql extension is deprecated and will be removed in the future: use mysqli or PDO instead E:\appserv\www\UCS\ThinkPHP\Library\Think\Db\Driver\Mysql.class.php 第 52 行.
SQL: SHOW COLUMNS FROM `think_article` [ RunTime:0.001188s ]
ERR: 1146:Table 'thinkphp.think_article' doesn't exist
 [ SQL语句 ] : SHOW COLUMNS FROM `think_article`
SQL: SHOW COLUMNS FROM `think_layer` [ RunTime:0.000972s ]
SQL: SELECT * FROM `think_layer` WHERE ( `post_id` = 0 )  [ RunTime:0.000648s ]
INFO: [ view_parse ] --START--
INFO: [ template_filter ] --START--
INFO: Run Behavior\ContentReplace [ RunTime:0.000068s ]
INFO: [ template_filter ] --END-- [ RunTime:0.000159s ]
INFO: Run Behavior\ParseTemplate [ RunTime:0.016046s ]
INFO: [ view_parse ] --END-- [ RunTime:0.016152s ]
INFO: [ view_filter ] --START--
INFO: Run Behavior\WriteHtmlCache [ RunTime:0.000286s ]
INFO: [ view_filter ] --END-- [ RunTime:0.000349s ]
INFO: [ app_end ] --START--
INFO: Run Behavior\ShowPageTrace [ RunTime:0.000688s ]
INFO: [ app_end ] --END-- [ RunTime:0.000754s ]

